<html>
<head>
<title>TestNG:  Default test</title>
<link href="../testng.css" rel="stylesheet" type="text/css" />
<link href="../my-testng.css" rel="stylesheet" type="text/css" />

<style type="text/css">
.log { display: none;} 
.stack-trace { display: none;} 
</style>
<script type="text/javascript">
<!--
function flip(e) {
  current = e.style.display;
  if (current == 'block') {
    e.style.display = 'none';
    return 0;
  }
  else {
    e.style.display = 'block';
    return 1;
  }
}

function toggleBox(szDivId, elem, msg1, msg2)
{
  var res = -1;  if (document.getElementById) {
    res = flip(document.getElementById(szDivId));
  }
  else if (document.all) {
    // this is the way old msie versions work
    res = flip(document.all[szDivId]);
  }
  if(elem) {
    if(res == 0) elem.innerHTML = msg1; else elem.innerHTML = msg2;
  }

}

function toggleAllBoxes() {
  if (document.getElementsByTagName) {
    d = document.getElementsByTagName('div');
    for (i = 0; i < d.length; i++) {
      if (d[i].className == 'log') {
        flip(d[i]);
      }
    }
  }
}

// -->
</script>

</head>
<body>
<h2 align='center'>Default test</h2><table border='1' align="center">
<tr>
<td>Tests passed/Failed/Skipped:</td><td>30/6/0</td>
</tr><tr>
<td>Started on:</td><td>Fri Nov 29 19:45:54 IST 2024</td>
</tr>
<tr><td>Total time:</td><td>602 seconds (602551 ms)</td>
</tr><tr>
<td>Included groups:</td><td></td>
</tr><tr>
<td>Excluded groups:</td><td></td>
</tr>
</table><p/>
<small><i>(Hover the method name to see the test class name)</i></small><p/>
<table width='100%' border='1' class='invocation-failed'>
<tr><td colspan='4' align='center'><b>FAILED TESTS</b></td></tr>
<tr><td><b>Test method</b></td>
<td><b>Attribute(s)</b></td>
<td width="30%"><b>Exception</b></td>
<td width="10%"><b>Time (seconds)</b></td>
<td><b>Instance</b></td>
</tr>
<tr>
<td title='GB_Webapp.TestRunner.Philippines.runScenario()'><b>runScenario</b><br>Test class: GB_Webapp.TestRunner.Philippines<br>Test method: Runs Cucumber Scenarios<br>Parameters: "TC_035 verify about hero become a dealer page form", "Philippines About Hero"</td>
<td><div><pre>java.lang.AssertionError: Unable to visible field  : Thank You Popup  --  Proxy element for: DefaultElementLocator &apos;By.xpath: //h2[normalize-space()=&apos;Thank You&apos;]&apos;  --  org.openqa.selenium.NoSuchElementException: no such element: Unable to locate element: {&quot;method&quot;:&quot;xpath&quot;,&quot;selector&quot;:&quot;//h2[normalize-space()=&apos;Thank You&apos;]&quot;}
  (Session info: chrome=131.0.6778.86)
For documentation on this error, please visit: https://www.selenium.dev/documentation/webdriver/troubleshooting/errors#no-such-element-exception
Build info: version: &apos;4.13.0&apos;, revision: &apos;ba948ece5b*&apos;
System info: os.name: &apos;Windows 10&apos;, os.arch: &apos;amd64&apos;, os.version: &apos;10.0&apos;, java.version: &apos;22.0.1&apos;
Driver info: org.openqa.selenium.chrome.ChromeDriver
Command: [de86b4371180ecd7c0213427cbc71ae9, findElement {using=xpath, value=//h2[normalize-space()=&apos;Thank You&apos;]}]
Capabilities {acceptInsecureCerts: false, browserName: chrome, browserVersion: 131.0.6778.86, chrome: {chromedriverVersion: 131.0.6778.85 (3d81e41b6f3a..., userDataDir: C:\Users\QA\AppData\Local\T...}, fedcm:accounts: true, goog:chromeOptions: {debuggerAddress: localhost:54520}, networkConnectionEnabled: false, pageLoadStrategy: normal, platformName: windows, proxy: Proxy(), se:cdp: ws://localhost:54520/devtoo..., se:cdpVersion: 131.0.6778.86, setWindowRect: true, strictFileInteractability: false, timeouts: {implicit: 0, pageLoad: 300000, script: 30000}, unhandledPromptBehavior: dismiss and notify, webauthn:extension:credBlob: true, webauthn:extension:largeBlob: true, webauthn:extension:minPinLength: true, webauthn:extension:prf: true, webauthn:virtualAuthenticators: true}
Session ID: de86b4371180ecd7c0213427cbc71ae9 expected [true] but found [false]
	at org.testng.Assert.fail(Assert.java:110)
	at org.testng.Assert.failNotEquals(Assert.java:1577)
	at org.testng.Assert.assertTrue(Assert.java:56)
	at GB_Webapp.Utility.Library.visible_link(Library.java:69)
	at GB_Webapp.Page.AboutHeroPage.click_on_submit_button_and_verify_thank_you_pop_up(AboutHeroPage.java:302)
	at GB_Webapp.StepDefinition.AboutHeroTest.click_on_submit_button_and_verify_thank_you_pop_up(AboutHeroTest.java:88)
	at ✽.Click on Submit button and verify Thank you pop up(file:///C:/Users/QA/OneDrive/Documents/Zoom/Intellij_trial/Hero_GB_WebApp_UI_Testing_BDD/./AllCountryFeatureFiles/FeatureFilesPhilippines/05_AboutHero.feature:36)
</pre></div><a href='#' onClick='toggleBox("stack-trace434199907", this, "Click to show all stack frames", "Click to hide stack frames")'>Click to show all stack frames</a>
<div class='stack-trace' id='stack-trace434199907'><pre>java.lang.AssertionError: Unable to visible field  : Thank You Popup  --  Proxy element for: DefaultElementLocator &apos;By.xpath: //h2[normalize-space()=&apos;Thank You&apos;]&apos;  --  org.openqa.selenium.NoSuchElementException: no such element: Unable to locate element: {&quot;method&quot;:&quot;xpath&quot;,&quot;selector&quot;:&quot;//h2[normalize-space()=&apos;Thank You&apos;]&quot;}
  (Session info: chrome=131.0.6778.86)
For documentation on this error, please visit: https://www.selenium.dev/documentation/webdriver/troubleshooting/errors#no-such-element-exception
Build info: version: &apos;4.13.0&apos;, revision: &apos;ba948ece5b*&apos;
System info: os.name: &apos;Windows 10&apos;, os.arch: &apos;amd64&apos;, os.version: &apos;10.0&apos;, java.version: &apos;22.0.1&apos;
Driver info: org.openqa.selenium.chrome.ChromeDriver
Command: [de86b4371180ecd7c0213427cbc71ae9, findElement {using=xpath, value=//h2[normalize-space()=&apos;Thank You&apos;]}]
Capabilities {acceptInsecureCerts: false, browserName: chrome, browserVersion: 131.0.6778.86, chrome: {chromedriverVersion: 131.0.6778.85 (3d81e41b6f3a..., userDataDir: C:\Users\QA\AppData\Local\T...}, fedcm:accounts: true, goog:chromeOptions: {debuggerAddress: localhost:54520}, networkConnectionEnabled: false, pageLoadStrategy: normal, platformName: windows, proxy: Proxy(), se:cdp: ws://localhost:54520/devtoo..., se:cdpVersion: 131.0.6778.86, setWindowRect: true, strictFileInteractability: false, timeouts: {implicit: 0, pageLoad: 300000, script: 30000}, unhandledPromptBehavior: dismiss and notify, webauthn:extension:credBlob: true, webauthn:extension:largeBlob: true, webauthn:extension:minPinLength: true, webauthn:extension:prf: true, webauthn:virtualAuthenticators: true}
Session ID: de86b4371180ecd7c0213427cbc71ae9 expected [true] but found [false]
	at org.testng.Assert.fail(Assert.java:110)
	at org.testng.Assert.failNotEquals(Assert.java:1577)
	at org.testng.Assert.assertTrue(Assert.java:56)
	at GB_Webapp.Utility.Library.visible_link(Library.java:69)
	at GB_Webapp.Page.AboutHeroPage.click_on_submit_button_and_verify_thank_you_pop_up(AboutHeroPage.java:302)
	at GB_Webapp.StepDefinition.AboutHeroTest.click_on_submit_button_and_verify_thank_you_pop_up(AboutHeroTest.java:88)
	at ✽.Click on Submit button and verify Thank you pop up(file:///C:/Users/QA/OneDrive/Documents/Zoom/Intellij_trial/Hero_GB_WebApp_UI_Testing_BDD/./AllCountryFeatureFiles/FeatureFilesPhilippines/05_AboutHero.feature:36)
</pre></div></td>
<td>28</td>
<td>GB_Webapp.TestRunner.Philippines@46944ca9</td></tr>
<tr>
<td title='GB_Webapp.TestRunner.Philippines.runScenario()'><b>runScenario</b><br>Test class: GB_Webapp.TestRunner.Philippines<br>Test method: Runs Cucumber Scenarios<br>Parameters: "TC_013 Verify home page Xoom110 bike expanded card under scooter icon", "HomePage"</td>
<td><div><pre>java.lang.AssertionError: Unable to click element : Xoom 110 Scooter View Specification  --  [[ChromeDriver: chrome on windows (de86b4371180ecd7c0213427cbc71ae9)] -&gt; xpath: (//a[@type=&apos;button&apos;][normalize-space()=&apos;VIEW SPECIFICATIONS&apos;])[3]]  --  org.openqa.selenium.ElementClickInterceptedException: element click intercepted: Element &lt;a type=&quot;button&quot; class=&quot;btn btn-outline-primary&quot; href=&quot;/en-ph/products/scooter/xoom-110.html#specifications&quot;&gt;...&lt;/a&gt; is not clickable at point (1433, 16). Other element would receive the click: &lt;div class=&quot;navbar-collapse collapse order-lg-0&quot; id=&quot;headerNavbarToggle&quot;&gt;...&lt;/div&gt;
  (Session info: chrome=131.0.6778.86)
Build info: version: &apos;4.13.0&apos;, revision: &apos;ba948ece5b*&apos;
System info: os.name: &apos;Windows 10&apos;, os.arch: &apos;amd64&apos;, os.version: &apos;10.0&apos;, java.version: &apos;22.0.1&apos;
Driver info: org.openqa.selenium.chrome.ChromeDriver
Command: [de86b4371180ecd7c0213427cbc71ae9, clickElement {id=f.761C2DA608A6D138A5095F472D53C1F7.d.FBE110BB3CE25FEAEA128E4EA4BBA935.e.435}]
Capabilities {acceptInsecureCerts: false, browserName: chrome, browserVersion: 131.0.6778.86, chrome: {chromedriverVersion: 131.0.6778.85 (3d81e41b6f3a..., userDataDir: C:\Users\QA\AppData\Local\T...}, fedcm:accounts: true, goog:chromeOptions: {debuggerAddress: localhost:54520}, networkConnectionEnabled: false, pageLoadStrategy: normal, platformName: windows, proxy: Proxy(), se:cdp: ws://localhost:54520/devtoo..., se:cdpVersion: 131.0.6778.86, setWindowRect: true, strictFileInteractability: false, timeouts: {implicit: 0, pageLoad: 300000, script: 30000}, unhandledPromptBehavior: dismiss and notify, webauthn:extension:credBlob: true, webauthn:extension:largeBlob: true, webauthn:extension:minPinLength: true, webauthn:extension:prf: true, webauthn:virtualAuthenticators: true}
Element: [[ChromeDriver: chrome on windows (de86b4371180ecd7c0213427cbc71ae9)] -&gt; xpath: (//a[@type=&apos;button&apos;][normalize-space()=&apos;VIEW SPECIFICATIONS&apos;])[3]]
Session ID: de86b4371180ecd7c0213427cbc71ae9 expected [true] but found [false]
	at org.testng.Assert.fail(Assert.java:110)
	at org.testng.Assert.failNotEquals(Assert.java:1577)
	at org.testng.Assert.assertTrue(Assert.java:56)
	at GB_Webapp.Utility.Library.click(Library.java:38)
	at GB_Webapp.Page.HomePage.verifyXoom110Scooter(HomePage.java:1199)
	at GB_Webapp.StepDefinition.HomePageTest.click_on_Philippines_bike_name_and_verify_expanded_card_info(HomePageTest.java:413)
	at ✽.Click on Philippines &quot;Xoom110&quot; bike name and verify expanded card info(file:///C:/Users/QA/OneDrive/Documents/Zoom/Intellij_trial/Hero_GB_WebApp_UI_Testing_BDD/./AllCountryFeatureFiles/FeatureFilesPhilippines/01_HomePage.feature:55)
</pre></div><a href='#' onClick='toggleBox("stack-trace1247448175", this, "Click to show all stack frames", "Click to hide stack frames")'>Click to show all stack frames</a>
<div class='stack-trace' id='stack-trace1247448175'><pre>java.lang.AssertionError: Unable to click element : Xoom 110 Scooter View Specification  --  [[ChromeDriver: chrome on windows (de86b4371180ecd7c0213427cbc71ae9)] -&gt; xpath: (//a[@type=&apos;button&apos;][normalize-space()=&apos;VIEW SPECIFICATIONS&apos;])[3]]  --  org.openqa.selenium.ElementClickInterceptedException: element click intercepted: Element &lt;a type=&quot;button&quot; class=&quot;btn btn-outline-primary&quot; href=&quot;/en-ph/products/scooter/xoom-110.html#specifications&quot;&gt;...&lt;/a&gt; is not clickable at point (1433, 16). Other element would receive the click: &lt;div class=&quot;navbar-collapse collapse order-lg-0&quot; id=&quot;headerNavbarToggle&quot;&gt;...&lt;/div&gt;
  (Session info: chrome=131.0.6778.86)
Build info: version: &apos;4.13.0&apos;, revision: &apos;ba948ece5b*&apos;
System info: os.name: &apos;Windows 10&apos;, os.arch: &apos;amd64&apos;, os.version: &apos;10.0&apos;, java.version: &apos;22.0.1&apos;
Driver info: org.openqa.selenium.chrome.ChromeDriver
Command: [de86b4371180ecd7c0213427cbc71ae9, clickElement {id=f.761C2DA608A6D138A5095F472D53C1F7.d.FBE110BB3CE25FEAEA128E4EA4BBA935.e.435}]
Capabilities {acceptInsecureCerts: false, browserName: chrome, browserVersion: 131.0.6778.86, chrome: {chromedriverVersion: 131.0.6778.85 (3d81e41b6f3a..., userDataDir: C:\Users\QA\AppData\Local\T...}, fedcm:accounts: true, goog:chromeOptions: {debuggerAddress: localhost:54520}, networkConnectionEnabled: false, pageLoadStrategy: normal, platformName: windows, proxy: Proxy(), se:cdp: ws://localhost:54520/devtoo..., se:cdpVersion: 131.0.6778.86, setWindowRect: true, strictFileInteractability: false, timeouts: {implicit: 0, pageLoad: 300000, script: 30000}, unhandledPromptBehavior: dismiss and notify, webauthn:extension:credBlob: true, webauthn:extension:largeBlob: true, webauthn:extension:minPinLength: true, webauthn:extension:prf: true, webauthn:virtualAuthenticators: true}
Element: [[ChromeDriver: chrome on windows (de86b4371180ecd7c0213427cbc71ae9)] -&gt; xpath: (//a[@type=&apos;button&apos;][normalize-space()=&apos;VIEW SPECIFICATIONS&apos;])[3]]
Session ID: de86b4371180ecd7c0213427cbc71ae9 expected [true] but found [false]
	at org.testng.Assert.fail(Assert.java:110)
	at org.testng.Assert.failNotEquals(Assert.java:1577)
	at org.testng.Assert.assertTrue(Assert.java:56)
	at GB_Webapp.Utility.Library.click(Library.java:38)
	at GB_Webapp.Page.HomePage.verifyXoom110Scooter(HomePage.java:1199)
	at GB_Webapp.StepDefinition.HomePageTest.click_on_Philippines_bike_name_and_verify_expanded_card_info(HomePageTest.java:413)
	at ✽.Click on Philippines &quot;Xoom110&quot; bike name and verify expanded card info(file:///C:/Users/QA/OneDrive/Documents/Zoom/Intellij_trial/Hero_GB_WebApp_UI_Testing_BDD/./AllCountryFeatureFiles/FeatureFilesPhilippines/01_HomePage.feature:55)
</pre></div></td>
<td>23</td>
<td>GB_Webapp.TestRunner.Philippines@46944ca9</td></tr>
<tr>
<td title='GB_Webapp.TestRunner.Philippines.runScenario()'><b>runScenario</b><br>Test class: GB_Webapp.TestRunner.Philippines<br>Test method: Runs Cucumber Scenarios<br>Parameters: "TC_036 verify share holder details in become a dealer page form", "Philippines About Hero"</td>
<td><div><pre>java.lang.AssertionError: Unable to visible field  : Thank You Popup  --  Proxy element for: DefaultElementLocator &apos;By.xpath: //h2[normalize-space()=&apos;Thank You&apos;]&apos;  --  org.openqa.selenium.NoSuchElementException: no such element: Unable to locate element: {&quot;method&quot;:&quot;xpath&quot;,&quot;selector&quot;:&quot;//h2[normalize-space()=&apos;Thank You&apos;]&quot;}
  (Session info: chrome=131.0.6778.86)
For documentation on this error, please visit: https://www.selenium.dev/documentation/webdriver/troubleshooting/errors#no-such-element-exception
Build info: version: &apos;4.13.0&apos;, revision: &apos;ba948ece5b*&apos;
System info: os.name: &apos;Windows 10&apos;, os.arch: &apos;amd64&apos;, os.version: &apos;10.0&apos;, java.version: &apos;22.0.1&apos;
Driver info: org.openqa.selenium.chrome.ChromeDriver
Command: [de86b4371180ecd7c0213427cbc71ae9, findElement {using=xpath, value=//h2[normalize-space()=&apos;Thank You&apos;]}]
Capabilities {acceptInsecureCerts: false, browserName: chrome, browserVersion: 131.0.6778.86, chrome: {chromedriverVersion: 131.0.6778.85 (3d81e41b6f3a..., userDataDir: C:\Users\QA\AppData\Local\T...}, fedcm:accounts: true, goog:chromeOptions: {debuggerAddress: localhost:54520}, networkConnectionEnabled: false, pageLoadStrategy: normal, platformName: windows, proxy: Proxy(), se:cdp: ws://localhost:54520/devtoo..., se:cdpVersion: 131.0.6778.86, setWindowRect: true, strictFileInteractability: false, timeouts: {implicit: 0, pageLoad: 300000, script: 30000}, unhandledPromptBehavior: dismiss and notify, webauthn:extension:credBlob: true, webauthn:extension:largeBlob: true, webauthn:extension:minPinLength: true, webauthn:extension:prf: true, webauthn:virtualAuthenticators: true}
Session ID: de86b4371180ecd7c0213427cbc71ae9 expected [true] but found [false]
	at org.testng.Assert.fail(Assert.java:110)
	at org.testng.Assert.failNotEquals(Assert.java:1577)
	at org.testng.Assert.assertTrue(Assert.java:56)
	at GB_Webapp.Utility.Library.visible_link(Library.java:69)
	at GB_Webapp.Page.AboutHeroPage.click_on_submit_button_and_verify_thank_you_pop_up(AboutHeroPage.java:302)
	at GB_Webapp.StepDefinition.AboutHeroTest.click_on_submit_button_and_verify_thank_you_pop_up(AboutHeroTest.java:88)
	at ✽.Click on Submit button and verify Thank you pop up(file:///C:/Users/QA/OneDrive/Documents/Zoom/Intellij_trial/Hero_GB_WebApp_UI_Testing_BDD/./AllCountryFeatureFiles/FeatureFilesPhilippines/05_AboutHero.feature:48)
</pre></div><a href='#' onClick='toggleBox("stack-trace1741006028", this, "Click to show all stack frames", "Click to hide stack frames")'>Click to show all stack frames</a>
<div class='stack-trace' id='stack-trace1741006028'><pre>java.lang.AssertionError: Unable to visible field  : Thank You Popup  --  Proxy element for: DefaultElementLocator &apos;By.xpath: //h2[normalize-space()=&apos;Thank You&apos;]&apos;  --  org.openqa.selenium.NoSuchElementException: no such element: Unable to locate element: {&quot;method&quot;:&quot;xpath&quot;,&quot;selector&quot;:&quot;//h2[normalize-space()=&apos;Thank You&apos;]&quot;}
  (Session info: chrome=131.0.6778.86)
For documentation on this error, please visit: https://www.selenium.dev/documentation/webdriver/troubleshooting/errors#no-such-element-exception
Build info: version: &apos;4.13.0&apos;, revision: &apos;ba948ece5b*&apos;
System info: os.name: &apos;Windows 10&apos;, os.arch: &apos;amd64&apos;, os.version: &apos;10.0&apos;, java.version: &apos;22.0.1&apos;
Driver info: org.openqa.selenium.chrome.ChromeDriver
Command: [de86b4371180ecd7c0213427cbc71ae9, findElement {using=xpath, value=//h2[normalize-space()=&apos;Thank You&apos;]}]
Capabilities {acceptInsecureCerts: false, browserName: chrome, browserVersion: 131.0.6778.86, chrome: {chromedriverVersion: 131.0.6778.85 (3d81e41b6f3a..., userDataDir: C:\Users\QA\AppData\Local\T...}, fedcm:accounts: true, goog:chromeOptions: {debuggerAddress: localhost:54520}, networkConnectionEnabled: false, pageLoadStrategy: normal, platformName: windows, proxy: Proxy(), se:cdp: ws://localhost:54520/devtoo..., se:cdpVersion: 131.0.6778.86, setWindowRect: true, strictFileInteractability: false, timeouts: {implicit: 0, pageLoad: 300000, script: 30000}, unhandledPromptBehavior: dismiss and notify, webauthn:extension:credBlob: true, webauthn:extension:largeBlob: true, webauthn:extension:minPinLength: true, webauthn:extension:prf: true, webauthn:virtualAuthenticators: true}
Session ID: de86b4371180ecd7c0213427cbc71ae9 expected [true] but found [false]
	at org.testng.Assert.fail(Assert.java:110)
	at org.testng.Assert.failNotEquals(Assert.java:1577)
	at org.testng.Assert.assertTrue(Assert.java:56)
	at GB_Webapp.Utility.Library.visible_link(Library.java:69)
	at GB_Webapp.Page.AboutHeroPage.click_on_submit_button_and_verify_thank_you_pop_up(AboutHeroPage.java:302)
	at GB_Webapp.StepDefinition.AboutHeroTest.click_on_submit_button_and_verify_thank_you_pop_up(AboutHeroTest.java:88)
	at ✽.Click on Submit button and verify Thank you pop up(file:///C:/Users/QA/OneDrive/Documents/Zoom/Intellij_trial/Hero_GB_WebApp_UI_Testing_BDD/./AllCountryFeatureFiles/FeatureFilesPhilippines/05_AboutHero.feature:48)
</pre></div></td>
<td>40</td>
<td>GB_Webapp.TestRunner.Philippines@46944ca9</td></tr>
<tr>
<td title='GB_Webapp.TestRunner.Philippines.runScenario()'><b>runScenario</b><br>Test class: GB_Webapp.TestRunner.Philippines<br>Test method: Runs Cucumber Scenarios<br>Parameters: "TC_019 Verify home page footer link inside the support all icons rediretions", "HomePage"</td>
<td><div><pre>java.lang.AssertionError: Unable to click element : Footer Owners Manual  --  [[ChromeDriver: chrome on windows (de86b4371180ecd7c0213427cbc71ae9)] -&gt; xpath: //a[contains(text(),&apos;Owner’s Manual&apos;)]]  --  org.openqa.selenium.ElementClickInterceptedException: element click intercepted: Element is not clickable at point (643, 1062)
  (Session info: chrome=131.0.6778.86)
Build info: version: &apos;4.13.0&apos;, revision: &apos;ba948ece5b*&apos;
System info: os.name: &apos;Windows 10&apos;, os.arch: &apos;amd64&apos;, os.version: &apos;10.0&apos;, java.version: &apos;22.0.1&apos;
Driver info: org.openqa.selenium.chrome.ChromeDriver
Command: [de86b4371180ecd7c0213427cbc71ae9, clickElement {id=f.2792219ADBCAEC85A204AD9E444D6346.d.564D66F97A15B48130C13EC6D57516AD.e.749}]
Capabilities {acceptInsecureCerts: false, browserName: chrome, browserVersion: 131.0.6778.86, chrome: {chromedriverVersion: 131.0.6778.85 (3d81e41b6f3a..., userDataDir: C:\Users\QA\AppData\Local\T...}, fedcm:accounts: true, goog:chromeOptions: {debuggerAddress: localhost:54520}, networkConnectionEnabled: false, pageLoadStrategy: normal, platformName: windows, proxy: Proxy(), se:cdp: ws://localhost:54520/devtoo..., se:cdpVersion: 131.0.6778.86, setWindowRect: true, strictFileInteractability: false, timeouts: {implicit: 0, pageLoad: 300000, script: 30000}, unhandledPromptBehavior: dismiss and notify, webauthn:extension:credBlob: true, webauthn:extension:largeBlob: true, webauthn:extension:minPinLength: true, webauthn:extension:prf: true, webauthn:virtualAuthenticators: true}
Element: [[ChromeDriver: chrome on windows (de86b4371180ecd7c0213427cbc71ae9)] -&gt; xpath: //a[contains(text(),&apos;Owner’s Manual&apos;)]]
Session ID: de86b4371180ecd7c0213427cbc71ae9 expected [true] but found [false]
	at org.testng.Assert.fail(Assert.java:110)
	at org.testng.Assert.failNotEquals(Assert.java:1577)
	at org.testng.Assert.assertTrue(Assert.java:56)
	at GB_Webapp.Utility.Library.click(Library.java:38)
	at GB_Webapp.Page.HomePage.verify_OwnersManual_icon_redirection(HomePage.java:1227)
	at GB_Webapp.StepDefinition.HomePageTest.verify_icon_redirection(HomePageTest.java:334)
	at ✽.Verify &quot;owners_manual&quot; icon redirection(file:///C:/Users/QA/OneDrive/Documents/Zoom/Intellij_trial/Hero_GB_WebApp_UI_Testing_BDD/./AllCountryFeatureFiles/FeatureFilesPhilippines/01_HomePage.feature:100)
</pre></div><a href='#' onClick='toggleBox("stack-trace454309070", this, "Click to show all stack frames", "Click to hide stack frames")'>Click to show all stack frames</a>
<div class='stack-trace' id='stack-trace454309070'><pre>java.lang.AssertionError: Unable to click element : Footer Owners Manual  --  [[ChromeDriver: chrome on windows (de86b4371180ecd7c0213427cbc71ae9)] -&gt; xpath: //a[contains(text(),&apos;Owner’s Manual&apos;)]]  --  org.openqa.selenium.ElementClickInterceptedException: element click intercepted: Element is not clickable at point (643, 1062)
  (Session info: chrome=131.0.6778.86)
Build info: version: &apos;4.13.0&apos;, revision: &apos;ba948ece5b*&apos;
System info: os.name: &apos;Windows 10&apos;, os.arch: &apos;amd64&apos;, os.version: &apos;10.0&apos;, java.version: &apos;22.0.1&apos;
Driver info: org.openqa.selenium.chrome.ChromeDriver
Command: [de86b4371180ecd7c0213427cbc71ae9, clickElement {id=f.2792219ADBCAEC85A204AD9E444D6346.d.564D66F97A15B48130C13EC6D57516AD.e.749}]
Capabilities {acceptInsecureCerts: false, browserName: chrome, browserVersion: 131.0.6778.86, chrome: {chromedriverVersion: 131.0.6778.85 (3d81e41b6f3a..., userDataDir: C:\Users\QA\AppData\Local\T...}, fedcm:accounts: true, goog:chromeOptions: {debuggerAddress: localhost:54520}, networkConnectionEnabled: false, pageLoadStrategy: normal, platformName: windows, proxy: Proxy(), se:cdp: ws://localhost:54520/devtoo..., se:cdpVersion: 131.0.6778.86, setWindowRect: true, strictFileInteractability: false, timeouts: {implicit: 0, pageLoad: 300000, script: 30000}, unhandledPromptBehavior: dismiss and notify, webauthn:extension:credBlob: true, webauthn:extension:largeBlob: true, webauthn:extension:minPinLength: true, webauthn:extension:prf: true, webauthn:virtualAuthenticators: true}
Element: [[ChromeDriver: chrome on windows (de86b4371180ecd7c0213427cbc71ae9)] -&gt; xpath: //a[contains(text(),&apos;Owner’s Manual&apos;)]]
Session ID: de86b4371180ecd7c0213427cbc71ae9 expected [true] but found [false]
	at org.testng.Assert.fail(Assert.java:110)
	at org.testng.Assert.failNotEquals(Assert.java:1577)
	at org.testng.Assert.assertTrue(Assert.java:56)
	at GB_Webapp.Utility.Library.click(Library.java:38)
	at GB_Webapp.Page.HomePage.verify_OwnersManual_icon_redirection(HomePage.java:1227)
	at GB_Webapp.StepDefinition.HomePageTest.verify_icon_redirection(HomePageTest.java:334)
	at ✽.Verify &quot;owners_manual&quot; icon redirection(file:///C:/Users/QA/OneDrive/Documents/Zoom/Intellij_trial/Hero_GB_WebApp_UI_Testing_BDD/./AllCountryFeatureFiles/FeatureFilesPhilippines/01_HomePage.feature:100)
</pre></div></td>
<td>4</td>
<td>GB_Webapp.TestRunner.Philippines@46944ca9</td></tr>
<tr>
<td title='GB_Webapp.TestRunner.Philippines.runScenario()'><b>runScenario</b><br>Test class: GB_Webapp.TestRunner.Philippines<br>Test method: Runs Cucumber Scenarios<br>Parameters: "TC_029 verify service and maintenance tips all information", "Philippines Service"</td>
<td><div><pre>java.lang.AssertionError: Fail msg : Unable to visible field  : Select Bike DropDown is not working properly
	at org.testng.Assert.fail(Assert.java:110)
	at GB_Webapp.Utility.Library.failmsg(Library.java:273)
	at GB_Webapp.Page.ServicePage.verify_service_schedule_and_dropdown_three_bikes(ServicePage.java:469)
	at GB_Webapp.StepDefinition.ServiceTest.verify_service_schedule_and_dropdown_three_bikes(ServiceTest.java:148)
	at ✽.Verify service schedule and dropdown three bikes(file:///C:/Users/QA/OneDrive/Documents/Zoom/Intellij_trial/Hero_GB_WebApp_UI_Testing_BDD/./AllCountryFeatureFiles/FeatureFilesPhilippines/04_Service.feature:18)
</pre></div><a href='#' onClick='toggleBox("stack-trace629666189", this, "Click to show all stack frames", "Click to hide stack frames")'>Click to show all stack frames</a>
<div class='stack-trace' id='stack-trace629666189'><pre>java.lang.AssertionError: Fail msg : Unable to visible field  : Select Bike DropDown is not working properly
	at org.testng.Assert.fail(Assert.java:110)
	at GB_Webapp.Utility.Library.failmsg(Library.java:273)
	at GB_Webapp.Page.ServicePage.verify_service_schedule_and_dropdown_three_bikes(ServicePage.java:469)
	at GB_Webapp.StepDefinition.ServiceTest.verify_service_schedule_and_dropdown_three_bikes(ServiceTest.java:148)
	at ✽.Verify service schedule and dropdown three bikes(file:///C:/Users/QA/OneDrive/Documents/Zoom/Intellij_trial/Hero_GB_WebApp_UI_Testing_BDD/./AllCountryFeatureFiles/FeatureFilesPhilippines/04_Service.feature:18)
</pre></div></td>
<td>10</td>
<td>GB_Webapp.TestRunner.Philippines@46944ca9</td></tr>
<tr>
<td title='GB_Webapp.TestRunner.Philippines.runScenario()'><b>runScenario</b><br>Test class: GB_Webapp.TestRunner.Philippines<br>Test method: Runs Cucumber Scenarios<br>Parameters: "TC_012 Verify home page Hunk160R4V bike expanded card under premium icon", "HomePage"</td>
<td><div><pre>org.openqa.selenium.TimeoutException: timeout: Timed out receiving message from renderer: 15.000
  (Session info: chrome=131.0.6778.86)
Build info: version: &apos;4.13.0&apos;, revision: &apos;ba948ece5b*&apos;
System info: os.name: &apos;Windows 10&apos;, os.arch: &apos;amd64&apos;, os.version: &apos;10.0&apos;, java.version: &apos;22.0.1&apos;
Driver info: org.openqa.selenium.chrome.ChromeDriver
Command: [c52dc38ad9e7006e57212cdb7241f369, findElement {using=xpath, value=(//a[@type=&apos;button&apos;][normalize-space()=&apos;VIEW SPECIFICATIONS&apos;])[2]}]
Capabilities {acceptInsecureCerts: false, browserName: chrome, browserVersion: 131.0.6778.86, chrome: {chromedriverVersion: 131.0.6778.85 (3d81e41b6f3a..., userDataDir: C:\Users\QA\AppData\Local\T...}, fedcm:accounts: true, goog:chromeOptions: {debuggerAddress: localhost:53513}, networkConnectionEnabled: false, pageLoadStrategy: normal, platformName: windows, proxy: Proxy(), se:cdp: ws://localhost:53513/devtoo..., se:cdpVersion: 131.0.6778.86, setWindowRect: true, strictFileInteractability: false, timeouts: {implicit: 0, pageLoad: 300000, script: 30000}, unhandledPromptBehavior: dismiss and notify, webauthn:extension:credBlob: true, webauthn:extension:largeBlob: true, webauthn:extension:minPinLength: true, webauthn:extension:prf: true, webauthn:virtualAuthenticators: true}
Session ID: c52dc38ad9e7006e57212cdb7241f369
	at java.base/jdk.internal.reflect.DirectConstructorHandleAccessor.newInstance(DirectConstructorHandleAccessor.java:62)
	at java.base/java.lang.reflect.Constructor.newInstanceWithCaller(Constructor.java:502)
	at java.base/java.lang.reflect.Constructor.newInstance(Constructor.java:486)
	at org.openqa.selenium.remote.codec.w3c.W3CHttpResponseCodec.createException(W3CHttpResponseCodec.java:200)
	at org.openqa.selenium.remote.codec.w3c.W3CHttpResponseCodec.decode(W3CHttpResponseCodec.java:133)
	at org.openqa.selenium.remote.codec.w3c.W3CHttpResponseCodec.decode(W3CHttpResponseCodec.java:52)
	at org.openqa.selenium.remote.HttpCommandExecutor.execute(HttpCommandExecutor.java:191)
	at org.openqa.selenium.remote.service.DriverCommandExecutor.invokeExecute(DriverCommandExecutor.java:196)
	at org.openqa.selenium.remote.service.DriverCommandExecutor.execute(DriverCommandExecutor.java:171)
	at org.openqa.selenium.remote.RemoteWebDriver.execute(RemoteWebDriver.java:602)
	at org.openqa.selenium.remote.ElementLocation$ElementFinder$2.findElement(ElementLocation.java:165)
	at org.openqa.selenium.remote.ElementLocation.findElement(ElementLocation.java:59)
	at org.openqa.selenium.remote.RemoteWebDriver.findElement(RemoteWebDriver.java:359)
	at org.openqa.selenium.remote.RemoteWebDriver.findElement(RemoteWebDriver.java:353)
	at org.openqa.selenium.support.pagefactory.DefaultElementLocator.findElement(DefaultElementLocator.java:68)
	at org.openqa.selenium.support.pagefactory.internal.LocatingElementHandler.invoke(LocatingElementHandler.java:38)
	at jdk.proxy2/jdk.proxy2.$Proxy49.toString(Unknown Source)
	at java.base/java.lang.String.valueOf(String.java:4507)
	at java.base/java.lang.StringBuilder.append(StringBuilder.java:173)
	at GB_Webapp.Utility.Library.click(Library.java:37)
	at GB_Webapp.Page.HomePage.verifyHunk160R4vBike(HomePage.java:1164)
	at GB_Webapp.StepDefinition.HomePageTest.click_on_Philippines_bike_name_and_verify_expanded_card_info(HomePageTest.java:410)
	at ✽.Click on Philippines &quot;Hunk160R4V&quot; bike name and verify expanded card info(file:///C:/Users/QA/OneDrive/Documents/Zoom/Intellij_trial/Hero_GB_WebApp_UI_Testing_BDD/./AllCountryFeatureFiles/FeatureFilesPhilippines/01_HomePage.feature:55)
</pre></div><a href='#' onClick='toggleBox("stack-trace698124016", this, "Click to show all stack frames", "Click to hide stack frames")'>Click to show all stack frames</a>
<div class='stack-trace' id='stack-trace698124016'><pre>org.openqa.selenium.TimeoutException: timeout: Timed out receiving message from renderer: 15.000
  (Session info: chrome=131.0.6778.86)
Build info: version: &apos;4.13.0&apos;, revision: &apos;ba948ece5b*&apos;
System info: os.name: &apos;Windows 10&apos;, os.arch: &apos;amd64&apos;, os.version: &apos;10.0&apos;, java.version: &apos;22.0.1&apos;
Driver info: org.openqa.selenium.chrome.ChromeDriver
Command: [c52dc38ad9e7006e57212cdb7241f369, findElement {using=xpath, value=(//a[@type=&apos;button&apos;][normalize-space()=&apos;VIEW SPECIFICATIONS&apos;])[2]}]
Capabilities {acceptInsecureCerts: false, browserName: chrome, browserVersion: 131.0.6778.86, chrome: {chromedriverVersion: 131.0.6778.85 (3d81e41b6f3a..., userDataDir: C:\Users\QA\AppData\Local\T...}, fedcm:accounts: true, goog:chromeOptions: {debuggerAddress: localhost:53513}, networkConnectionEnabled: false, pageLoadStrategy: normal, platformName: windows, proxy: Proxy(), se:cdp: ws://localhost:53513/devtoo..., se:cdpVersion: 131.0.6778.86, setWindowRect: true, strictFileInteractability: false, timeouts: {implicit: 0, pageLoad: 300000, script: 30000}, unhandledPromptBehavior: dismiss and notify, webauthn:extension:credBlob: true, webauthn:extension:largeBlob: true, webauthn:extension:minPinLength: true, webauthn:extension:prf: true, webauthn:virtualAuthenticators: true}
Session ID: c52dc38ad9e7006e57212cdb7241f369
	at java.base/jdk.internal.reflect.DirectConstructorHandleAccessor.newInstance(DirectConstructorHandleAccessor.java:62)
	at java.base/java.lang.reflect.Constructor.newInstanceWithCaller(Constructor.java:502)
	at java.base/java.lang.reflect.Constructor.newInstance(Constructor.java:486)
	at org.openqa.selenium.remote.codec.w3c.W3CHttpResponseCodec.createException(W3CHttpResponseCodec.java:200)
	at org.openqa.selenium.remote.codec.w3c.W3CHttpResponseCodec.decode(W3CHttpResponseCodec.java:133)
	at org.openqa.selenium.remote.codec.w3c.W3CHttpResponseCodec.decode(W3CHttpResponseCodec.java:52)
	at org.openqa.selenium.remote.HttpCommandExecutor.execute(HttpCommandExecutor.java:191)
	at org.openqa.selenium.remote.service.DriverCommandExecutor.invokeExecute(DriverCommandExecutor.java:196)
	at org.openqa.selenium.remote.service.DriverCommandExecutor.execute(DriverCommandExecutor.java:171)
	at org.openqa.selenium.remote.RemoteWebDriver.execute(RemoteWebDriver.java:602)
	at org.openqa.selenium.remote.ElementLocation$ElementFinder$2.findElement(ElementLocation.java:165)
	at org.openqa.selenium.remote.ElementLocation.findElement(ElementLocation.java:59)
	at org.openqa.selenium.remote.RemoteWebDriver.findElement(RemoteWebDriver.java:359)
	at org.openqa.selenium.remote.RemoteWebDriver.findElement(RemoteWebDriver.java:353)
	at org.openqa.selenium.support.pagefactory.DefaultElementLocator.findElement(DefaultElementLocator.java:68)
	at org.openqa.selenium.support.pagefactory.internal.LocatingElementHandler.invoke(LocatingElementHandler.java:38)
	at jdk.proxy2/jdk.proxy2.$Proxy49.toString(Unknown Source)
	at java.base/java.lang.String.valueOf(String.java:4507)
	at java.base/java.lang.StringBuilder.append(StringBuilder.java:173)
	at GB_Webapp.Utility.Library.click(Library.java:37)
	at GB_Webapp.Page.HomePage.verifyHunk160R4vBike(HomePage.java:1164)
	at GB_Webapp.StepDefinition.HomePageTest.click_on_Philippines_bike_name_and_verify_expanded_card_info(HomePageTest.java:410)
	at ✽.Click on Philippines &quot;Hunk160R4V&quot; bike name and verify expanded card info(file:///C:/Users/QA/OneDrive/Documents/Zoom/Intellij_trial/Hero_GB_WebApp_UI_Testing_BDD/./AllCountryFeatureFiles/FeatureFilesPhilippines/01_HomePage.feature:55)
</pre></div></td>
<td>131</td>
<td>GB_Webapp.TestRunner.Philippines@46944ca9</td></tr>
</table><p>
<table width='100%' border='1' class='invocation-passed'>
<tr><td colspan='4' align='center'><b>PASSED TESTS</b></td></tr>
<tr><td><b>Test method</b></td>
<td><b>Attribute(s)</b></td>
<td width="30%"><b>Exception</b></td>
<td width="10%"><b>Time (seconds)</b></td>
<td><b>Instance</b></td>
</tr>
<tr>
<td title='GB_Webapp.TestRunner.Philippines.runScenario()'><b>runScenario</b><br>Test class: GB_Webapp.TestRunner.Philippines<br>Test method: Runs Cucumber Scenarios<br>Parameters: "TC_008 Click on country icon", "HomePage"</td>
<td></td>
<td>11</td>
<td>GB_Webapp.TestRunner.Philippines@46944ca9</td></tr>
<tr>
<td title='GB_Webapp.TestRunner.Philippines.runScenario()'><b>runScenario</b><br>Test class: GB_Webapp.TestRunner.Philippines<br>Test method: Runs Cucumber Scenarios<br>Parameters: "TC_014 Verify home page promotion banner", "HomePage"</td>
<td></td>
<td>4</td>
<td>GB_Webapp.TestRunner.Philippines@46944ca9</td></tr>
<tr>
<td title='GB_Webapp.TestRunner.Philippines.runScenario()'><b>runScenario</b><br>Test class: GB_Webapp.TestRunner.Philippines<br>Test method: Runs Cucumber Scenarios<br>Parameters: "TC_033 verify about hero right side image close button and find a delear redirection", "Philippines About Hero"</td>
<td></td>
<td>20</td>
<td>GB_Webapp.TestRunner.Philippines@46944ca9</td></tr>
<tr>
<td title='GB_Webapp.TestRunner.Philippines.runScenario()'><b>runScenario</b><br>Test class: GB_Webapp.TestRunner.Philippines<br>Test method: Runs Cucumber Scenarios<br>Parameters: "TC_027 verify dealers information", "Philippines Dealers"</td>
<td></td>
<td>14</td>
<td>GB_Webapp.TestRunner.Philippines@46944ca9</td></tr>
<tr>
<td title='GB_Webapp.TestRunner.Philippines.runScenario()'><b>runScenario</b><br>Test class: GB_Webapp.TestRunner.Philippines<br>Test method: Runs Cucumber Scenarios<br>Parameters: "TC_021 Verify home page request a call back popup form mandatory field", "HomePage"</td>
<td></td>
<td>5</td>
<td>GB_Webapp.TestRunner.Philippines@46944ca9</td></tr>
<tr>
<td title='GB_Webapp.TestRunner.Philippines.runScenario()'><b>runScenario</b><br>Test class: GB_Webapp.TestRunner.Philippines<br>Test method: Runs Cucumber Scenarios<br>Parameters: "TC_018 Verify home page footer link inside the product all icons rediretions", "HomePage"</td>
<td></td>
<td>11</td>
<td>GB_Webapp.TestRunner.Philippines@46944ca9</td></tr>
<tr>
<td title='GB_Webapp.TestRunner.Philippines.runScenario()'><b>runScenario</b><br>Test class: GB_Webapp.TestRunner.Philippines<br>Test method: Runs Cucumber Scenarios<br>Parameters: "TC_023 Successfully verify all product image icons", "HomePage"</td>
<td></td>
<td>7</td>
<td>GB_Webapp.TestRunner.Philippines@46944ca9</td></tr>
<tr>
<td title='GB_Webapp.TestRunner.Philippines.runScenario()'><b>runScenario</b><br>Test class: GB_Webapp.TestRunner.Philippines<br>Test method: Runs Cucumber Scenarios<br>Parameters: "TC_034 verify about hero page", "Philippines About Hero"</td>
<td></td>
<td>32</td>
<td>GB_Webapp.TestRunner.Philippines@46944ca9</td></tr>
<tr>
<td title='GB_Webapp.TestRunner.Philippines.runScenario()'><b>runScenario</b><br>Test class: GB_Webapp.TestRunner.Philippines<br>Test method: Runs Cucumber Scenarios<br>Parameters: "TC_003 Click on Company_logo", "HomePage"</td>
<td></td>
<td>4</td>
<td>GB_Webapp.TestRunner.Philippines@46944ca9</td></tr>
<tr>
<td title='GB_Webapp.TestRunner.Philippines.runScenario()'><b>runScenario</b><br>Test class: GB_Webapp.TestRunner.Philippines<br>Test method: Runs Cucumber Scenarios<br>Parameters: "TC_020 Verify home page footer link facebook and instagram logo", "HomePage"</td>
<td></td>
<td>5</td>
<td>GB_Webapp.TestRunner.Philippines@46944ca9</td></tr>
<tr>
<td title='GB_Webapp.TestRunner.Philippines.runScenario()'><b>runScenario</b><br>Test class: GB_Webapp.TestRunner.Philippines<br>Test method: Runs Cucumber Scenarios<br>Parameters: "TC_006 Click on Service", "HomePage"</td>
<td></td>
<td>3</td>
<td>GB_Webapp.TestRunner.Philippines@46944ca9</td></tr>
<tr>
<td title='GB_Webapp.TestRunner.Philippines.runScenario()'><b>runScenario</b><br>Test class: GB_Webapp.TestRunner.Philippines<br>Test method: Runs Cucumber Scenarios<br>Parameters: "TC_016 Successfully fill home page let us call you back form", "HomePage"</td>
<td></td>
<td>5</td>
<td>GB_Webapp.TestRunner.Philippines@46944ca9</td></tr>
<tr>
<td title='GB_Webapp.TestRunner.Philippines.runScenario()'><b>runScenario</b><br>Test class: GB_Webapp.TestRunner.Philippines<br>Test method: Runs Cucumber Scenarios<br>Parameters: "TC_030 verify pre ride inspection guide under two wheeler tips header icon", "Philippines Service"</td>
<td></td>
<td>38</td>
<td>GB_Webapp.TestRunner.Philippines@46944ca9</td></tr>
<tr>
<td title='GB_Webapp.TestRunner.Philippines.runScenario()'><b>runScenario</b><br>Test class: GB_Webapp.TestRunner.Philippines<br>Test method: Runs Cucumber Scenarios<br>Parameters: "TC_015 Verify home page let us call you back form mandatory field", "HomePage"</td>
<td></td>
<td>1</td>
<td>GB_Webapp.TestRunner.Philippines@46944ca9</td></tr>
<tr>
<td title='GB_Webapp.TestRunner.Philippines.runScenario()'><b>runScenario</b><br>Test class: GB_Webapp.TestRunner.Philippines<br>Test method: Runs Cucumber Scenarios<br>Parameters: "TC_004 Click on Product", "HomePage"</td>
<td></td>
<td>1</td>
<td>GB_Webapp.TestRunner.Philippines@46944ca9</td></tr>
<tr>
<td title='GB_Webapp.TestRunner.Philippines.runScenario()'><b>runScenario</b><br>Test class: GB_Webapp.TestRunner.Philippines<br>Test method: Runs Cucumber Scenarios<br>Parameters: "TC_025 Successfully verify Hunk160R4V bike feature under premium icon", "BikeFeature"</td>
<td></td>
<td>31</td>
<td>GB_Webapp.TestRunner.Philippines@46944ca9</td></tr>
<tr>
<td title='GB_Webapp.TestRunner.Philippines.runScenario()'><b>runScenario</b><br>Test class: GB_Webapp.TestRunner.Philippines<br>Test method: Runs Cucumber Scenarios<br>Parameters: "TC_001 Successfully open global website link", "HomePage"</td>
<td></td>
<td>7</td>
<td>GB_Webapp.TestRunner.Philippines@46944ca9</td></tr>
<tr>
<td title='GB_Webapp.TestRunner.Philippines.runScenario()'><b>runScenario</b><br>Test class: GB_Webapp.TestRunner.Philippines<br>Test method: Runs Cucumber Scenarios<br>Parameters: "TC_026 Successfully verify Xoom110 bike feature under P_scooter icon", "BikeFeature"</td>
<td></td>
<td>23</td>
<td>GB_Webapp.TestRunner.Philippines@46944ca9</td></tr>
<tr>
<td title='GB_Webapp.TestRunner.Philippines.runScenario()'><b>runScenario</b><br>Test class: GB_Webapp.TestRunner.Philippines<br>Test method: Runs Cucumber Scenarios<br>Parameters: "TC_007 Click on About_hero", "HomePage"</td>
<td></td>
<td>1</td>
<td>GB_Webapp.TestRunner.Philippines@46944ca9</td></tr>
<tr>
<td title='GB_Webapp.TestRunner.Philippines.runScenario()'><b>runScenario</b><br>Test class: GB_Webapp.TestRunner.Philippines<br>Test method: Runs Cucumber Scenarios<br>Parameters: "TC_017 Verify home page marketing advertisement banner text", "HomePage"</td>
<td></td>
<td>1</td>
<td>GB_Webapp.TestRunner.Philippines@46944ca9</td></tr>
<tr>
<td title='GB_Webapp.TestRunner.Philippines.runScenario()'><b>runScenario</b><br>Test class: GB_Webapp.TestRunner.Philippines<br>Test method: Runs Cucumber Scenarios<br>Parameters: "TC_022 Successfully fill home page let us call you back popup form", "HomePage"</td>
<td></td>
<td>5</td>
<td>GB_Webapp.TestRunner.Philippines@46944ca9</td></tr>
<tr>
<td title='GB_Webapp.TestRunner.Philippines.runScenario()'><b>runScenario</b><br>Test class: GB_Webapp.TestRunner.Philippines<br>Test method: Runs Cucumber Scenarios<br>Parameters: "TC_032 verify hero genuine parts", "Philippines Service"</td>
<td></td>
<td>3</td>
<td>GB_Webapp.TestRunner.Philippines@46944ca9</td></tr>
<tr>
<td title='GB_Webapp.TestRunner.Philippines.runScenario()'><b>runScenario</b><br>Test class: GB_Webapp.TestRunner.Philippines<br>Test method: Runs Cucumber Scenarios<br>Parameters: "TC_031 verify care and maintenance under two wheeler tips header icon", "Philippines Service"</td>
<td></td>
<td>8</td>
<td>GB_Webapp.TestRunner.Philippines@46944ca9</td></tr>
<tr>
<td title='GB_Webapp.TestRunner.Philippines.runScenario()'><b>runScenario</b><br>Test class: GB_Webapp.TestRunner.Philippines<br>Test method: Runs Cucumber Scenarios<br>Parameters: "TC_005 Click on Dealers", "HomePage"</td>
<td></td>
<td>7</td>
<td>GB_Webapp.TestRunner.Philippines@46944ca9</td></tr>
<tr>
<td title='GB_Webapp.TestRunner.Philippines.runScenario()'><b>runScenario</b><br>Test class: GB_Webapp.TestRunner.Philippines<br>Test method: Runs Cucumber Scenarios<br>Parameters: "TC_009 Verify home page text content", "HomePage"</td>
<td></td>
<td>0</td>
<td>GB_Webapp.TestRunner.Philippines@46944ca9</td></tr>
<tr>
<td title='GB_Webapp.TestRunner.Philippines.runScenario()'><b>runScenario</b><br>Test class: GB_Webapp.TestRunner.Philippines<br>Test method: Runs Cucumber Scenarios<br>Parameters: "TC_024 Successfully verify Xpulse2004V bike feature under premium icon", "BikeFeature"</td>
<td></td>
<td>37</td>
<td>GB_Webapp.TestRunner.Philippines@46944ca9</td></tr>
<tr>
<td title='GB_Webapp.TestRunner.Philippines.runScenario()'><b>runScenario</b><br>Test class: GB_Webapp.TestRunner.Philippines<br>Test method: Runs Cucumber Scenarios<br>Parameters: "TC_010 Verify home page premium and scooter bikes", "HomePage"</td>
<td></td>
<td>7</td>
<td>GB_Webapp.TestRunner.Philippines@46944ca9</td></tr>
<tr>
<td title='GB_Webapp.TestRunner.Philippines.runScenario()'><b>runScenario</b><br>Test class: GB_Webapp.TestRunner.Philippines<br>Test method: Runs Cucumber Scenarios<br>Parameters: "TC_011 Verify home page Xpulse2004V bike expanded card under premium icon", "HomePage"</td>
<td></td>
<td>37</td>
<td>GB_Webapp.TestRunner.Philippines@46944ca9</td></tr>
<tr>
<td title='GB_Webapp.TestRunner.Philippines.runScenario()'><b>runScenario</b><br>Test class: GB_Webapp.TestRunner.Philippines<br>Test method: Runs Cucumber Scenarios<br>Parameters: "TC_002 Successfully verify all header menu icons", "HomePage"</td>
<td></td>
<td>2</td>
<td>GB_Webapp.TestRunner.Philippines@46944ca9</td></tr>
<tr>
<td title='GB_Webapp.TestRunner.Philippines.runScenario()'><b>runScenario</b><br>Test class: GB_Webapp.TestRunner.Philippines<br>Test method: Runs Cucumber Scenarios<br>Parameters: "TC_028 verify Close button under service icon", "Philippines Service"</td>
<td></td>
<td>5</td>
<td>GB_Webapp.TestRunner.Philippines@46944ca9</td></tr>
</table><p>
</body>
</html>