{"uuid":"09e1a3c2-e7d4-4d2d-9d9c-30452db8819f","historyId":"3743d658979a601f668069a910361765","fullName":"io.cucumber.testng.AbstractTestNGCucumberTests.runScenario","labels":[{"name":"package","value":"GB_Webapp.TestRunner.Nepal"},{"name":"testClass","value":"GB_Webapp.TestRunner.Nepal"},{"name":"testMethod","value":"runScenario"},{"name":"parentSuite","value":"Default suite"},{"name":"suite","value":"Default test"},{"name":"subSuite","value":"GB_Webapp.TestRunner.Nepal"},{"name":"host","value":"DESKTOP-LMKUKFJ"},{"name":"thread","value":"13276@DESKTOP-LMKUKFJ.main(1)"},{"name":"framework","value":"testng"},{"name":"language","value":"java"}],"links":[],"name":"TC_018 Verify home page promotion banner","status":"failed","statusDetails":{"known":false,"muted":false,"flaky":false,"message":"Unable to visible field  : Offer Banner  --  Proxy element for: DefaultElementLocator 'By.xpath: //img[@alt='offers']'  --  org.openqa.selenium.NoSuchElementException: no such element: Unable to locate element: {\"method\":\"xpath\",\"selector\":\"//img[@alt='offers']\"}\n  (Session info: chrome=131.0.6778.86)\nFor documentation on this error, please visit: https://www.selenium.dev/documentation/webdriver/troubleshooting/errors#no-such-element-exception\nBuild info: version: '4.13.0', revision: 'ba948ece5b*'\nSystem info: os.name: 'Windows 10', os.arch: 'amd64', os.version: '10.0', java.version: '22.0.1'\nDriver info: org.openqa.selenium.chrome.ChromeDriver\nCommand: [9d3d09c45a23cd2c140ff6e439f84768, findElement {using=xpath, value=//img[@alt='offers']}]\nCapabilities {acceptInsecureCerts: false, browserName: chrome, browserVersion: 131.0.6778.86, chrome: {chromedriverVersion: 131.0.6778.85 (3d81e41b6f3a..., userDataDir: C:\\Users\\QA\\AppData\\Local\\T...}, fedcm:accounts: true, goog:chromeOptions: {debuggerAddress: localhost:53554}, networkConnectionEnabled: false, pageLoadStrategy: normal, platformName: windows, proxy: Proxy(), se:cdp: ws://localhost:53554/devtoo..., se:cdpVersion: 131.0.6778.86, setWindowRect: true, strictFileInteractability: false, timeouts: {implicit: 0, pageLoad: 300000, script: 30000}, unhandledPromptBehavior: dismiss and notify, webauthn:extension:credBlob: true, webauthn:extension:largeBlob: true, webauthn:extension:minPinLength: true, webauthn:extension:prf: true, webauthn:virtualAuthenticators: true}\nSession ID: 9d3d09c45a23cd2c140ff6e439f84768 expected [true] but found [false]","trace":"java.lang.AssertionError: Unable to visible field  : Offer Banner  --  Proxy element for: DefaultElementLocator 'By.xpath: //img[@alt='offers']'  --  org.openqa.selenium.NoSuchElementException: no such element: Unable to locate element: {\"method\":\"xpath\",\"selector\":\"//img[@alt='offers']\"}\n  (Session info: chrome=131.0.6778.86)\nFor documentation on this error, please visit: https://www.selenium.dev/documentation/webdriver/troubleshooting/errors#no-such-element-exception\nBuild info: version: '4.13.0', revision: 'ba948ece5b*'\nSystem info: os.name: 'Windows 10', os.arch: 'amd64', os.version: '10.0', java.version: '22.0.1'\nDriver info: org.openqa.selenium.chrome.ChromeDriver\nCommand: [9d3d09c45a23cd2c140ff6e439f84768, findElement {using=xpath, value=//img[@alt='offers']}]\nCapabilities {acceptInsecureCerts: false, browserName: chrome, browserVersion: 131.0.6778.86, chrome: {chromedriverVersion: 131.0.6778.85 (3d81e41b6f3a..., userDataDir: C:\\Users\\QA\\AppData\\Local\\T...}, fedcm:accounts: true, goog:chromeOptions: {debuggerAddress: localhost:53554}, networkConnectionEnabled: false, pageLoadStrategy: normal, platformName: windows, proxy: Proxy(), se:cdp: ws://localhost:53554/devtoo..., se:cdpVersion: 131.0.6778.86, setWindowRect: true, strictFileInteractability: false, timeouts: {implicit: 0, pageLoad: 300000, script: 30000}, unhandledPromptBehavior: dismiss and notify, webauthn:extension:credBlob: true, webauthn:extension:largeBlob: true, webauthn:extension:minPinLength: true, webauthn:extension:prf: true, webauthn:virtualAuthenticators: true}\nSession ID: 9d3d09c45a23cd2c140ff6e439f84768 expected [true] but found [false]\r\n\tat org.testng.Assert.fail(Assert.java:110)\r\n\tat org.testng.Assert.failNotEquals(Assert.java:1577)\r\n\tat org.testng.Assert.assertTrue(Assert.java:56)\r\n\tat GB_Webapp.Utility.Library.visible_link(Library.java:69)\r\n\tat GB_Webapp.Page.HomePage.verify_promotion_banner_it_should_be_displayed(HomePage.java:940)\r\n\tat GB_Webapp.StepDefinition.HomePageTest.verify_promotion_banner_it_should_be_displayed(HomePageTest.java:221)\r\n\tat âœ½.Verify promotion banner it should be displayed(file:///C:/Users/QA/OneDrive/Documents/Zoom/Intellij_trial/Hero_GB_WebApp_UI_Testing_BDD/./AllCountryFeatureFiles/FeatureFilesNepal/01_HomePage.feature:83)\r\n"},"stage":"finished","steps":[{"name":" Error -: Unable to visible field  : Offer Banner  --  Proxy element for: DefaultElementLocator 'By.xpath: //img[@alt='offers']'","status":"passed","stage":"finished","steps":[],"attachments":[],"parameters":[],"start":1732890029375,"stop":1732890029375}],"attachments":[{"name":"Screenshot = Unable to visible field  ","source":"c600f648-74f4-4d6b-b101-a389a7430a12-attachment.png","type":"image/png"}],"parameters":[{"name":"arg1","value":"\"HomePage\""},{"name":"arg0","value":"\"TC_018 Verify home page promotion banner\""}],"start":1732890004077,"stop":1732890030043}