{"uuid":"22eda7c5-ec47-42d8-b4ad-6fcefade8083","historyId":"a02b0f961782414611dcfc3ca0806ebb","fullName":"io.cucumber.testng.AbstractTestNGCucumberTests.runScenario","labels":[{"name":"package","value":"GB_Webapp.TestRunner.Zambia"},{"name":"testClass","value":"GB_Webapp.TestRunner.Zambia"},{"name":"testMethod","value":"runScenario"},{"name":"parentSuite","value":"Default suite"},{"name":"suite","value":"Default test"},{"name":"subSuite","value":"GB_Webapp.TestRunner.Zambia"},{"name":"host","value":"DESKTOP-LMKUKFJ"},{"name":"thread","value":"13356@DESKTOP-LMKUKFJ.main(1)"},{"name":"framework","value":"testng"},{"name":"language","value":"java"}],"links":[],"name":"TC_040 verify about hero page","status":"failed","statusDetails":{"known":false,"muted":false,"flaky":false,"message":"Unable to click element : About hero icon  --  Proxy element for: DefaultElementLocator 'By.xpath: //a[normalize-space()='ABOUT HERO']'  --  org.openqa.selenium.NoSuchElementException: no such element: Unable to locate element: {\"method\":\"xpath\",\"selector\":\"//a[normalize-space()='ABOUT HERO']\"}\n  (Session info: chrome=131.0.6778.86)\nFor documentation on this error, please visit: https://www.selenium.dev/documentation/webdriver/troubleshooting/errors#no-such-element-exception\nBuild info: version: '4.13.0', revision: 'ba948ece5b*'\nSystem info: os.name: 'Windows 10', os.arch: 'amd64', os.version: '10.0', java.version: '22.0.1'\nDriver info: org.openqa.selenium.chrome.ChromeDriver\nCommand: [873e7cca67811c82df9f5c44a5911d76, findElement {using=xpath, value=//a[normalize-space()='ABOUT HERO']}]\nCapabilities {acceptInsecureCerts: false, browserName: chrome, browserVersion: 131.0.6778.86, chrome: {chromedriverVersion: 131.0.6778.85 (3d81e41b6f3a..., userDataDir: C:\\Users\\QA\\AppData\\Local\\T...}, fedcm:accounts: true, goog:chromeOptions: {debuggerAddress: localhost:53455}, networkConnectionEnabled: false, pageLoadStrategy: normal, platformName: windows, proxy: Proxy(), se:cdp: ws://localhost:53455/devtoo..., se:cdpVersion: 131.0.6778.86, setWindowRect: true, strictFileInteractability: false, timeouts: {implicit: 0, pageLoad: 300000, script: 30000}, unhandledPromptBehavior: dismiss and notify, webauthn:extension:credBlob: true, webauthn:extension:largeBlob: true, webauthn:extension:minPinLength: true, webauthn:extension:prf: true, webauthn:virtualAuthenticators: true}\nSession ID: 873e7cca67811c82df9f5c44a5911d76 expected [true] but found [false]","trace":"java.lang.AssertionError: Unable to click element : About hero icon  --  Proxy element for: DefaultElementLocator 'By.xpath: //a[normalize-space()='ABOUT HERO']'  --  org.openqa.selenium.NoSuchElementException: no such element: Unable to locate element: {\"method\":\"xpath\",\"selector\":\"//a[normalize-space()='ABOUT HERO']\"}\n  (Session info: chrome=131.0.6778.86)\nFor documentation on this error, please visit: https://www.selenium.dev/documentation/webdriver/troubleshooting/errors#no-such-element-exception\nBuild info: version: '4.13.0', revision: 'ba948ece5b*'\nSystem info: os.name: 'Windows 10', os.arch: 'amd64', os.version: '10.0', java.version: '22.0.1'\nDriver info: org.openqa.selenium.chrome.ChromeDriver\nCommand: [873e7cca67811c82df9f5c44a5911d76, findElement {using=xpath, value=//a[normalize-space()='ABOUT HERO']}]\nCapabilities {acceptInsecureCerts: false, browserName: chrome, browserVersion: 131.0.6778.86, chrome: {chromedriverVersion: 131.0.6778.85 (3d81e41b6f3a..., userDataDir: C:\\Users\\QA\\AppData\\Local\\T...}, fedcm:accounts: true, goog:chromeOptions: {debuggerAddress: localhost:53455}, networkConnectionEnabled: false, pageLoadStrategy: normal, platformName: windows, proxy: Proxy(), se:cdp: ws://localhost:53455/devtoo..., se:cdpVersion: 131.0.6778.86, setWindowRect: true, strictFileInteractability: false, timeouts: {implicit: 0, pageLoad: 300000, script: 30000}, unhandledPromptBehavior: dismiss and notify, webauthn:extension:credBlob: true, webauthn:extension:largeBlob: true, webauthn:extension:minPinLength: true, webauthn:extension:prf: true, webauthn:virtualAuthenticators: true}\nSession ID: 873e7cca67811c82df9f5c44a5911d76 expected [true] but found [false]\r\n\tat org.testng.Assert.fail(Assert.java:110)\r\n\tat org.testng.Assert.failNotEquals(Assert.java:1577)\r\n\tat org.testng.Assert.assertTrue(Assert.java:56)\r\n\tat GB_Webapp.Utility.Library.click(Library.java:38)\r\n\tat GB_Webapp.StepDefinition.AboutHeroTest.click_on_reach_us_icon(AboutHeroTest.java:39)\r\n\tat âœ½.Click on Reach us icon(file:///C:/Users/QA/OneDrive/Documents/Zoom/Intellij_trial/Hero_GB_WebApp_UI_Testing_BDD/./AllCountryFeatureFiles/FeatureFilesZambia/05_AboutHero.feature:22)\r\n"},"stage":"finished","steps":[{"name":"Zambia website link successfully opened  =https://www.heromotocorp.com/en-zm.html","status":"passed","stage":"finished","steps":[],"attachments":[],"parameters":[],"start":1732890237065,"stop":1732890237065},{"name":"Element is clickable : About hero icon","status":"passed","stage":"finished","steps":[],"attachments":[],"parameters":[],"start":1732890237804,"stop":1732890237804},{"name":"Element is clickable : About Hero page","status":"passed","stage":"finished","steps":[],"attachments":[],"parameters":[],"start":1732890239601,"stop":1732890239601},{"name":" Error -: Unable to click element : About hero icon  --  Proxy element for: DefaultElementLocator 'By.xpath: //a[normalize-space()='ABOUT HERO']'","status":"passed","stage":"finished","steps":[],"attachments":[],"parameters":[],"start":1732890272566,"stop":1732890272566}],"attachments":[{"name":"Screenshot = Unable to click element :","source":"5f791962-88c9-4d3f-ad98-361c5d62f0b4-attachment.png","type":"image/png"}],"parameters":[{"name":"arg1","value":"\"Zambia About Hero\""},{"name":"arg0","value":"\"TC_040 verify about hero page\""}],"start":1732890232769,"stop":1732890275163}