{"uuid":"4cb60556-ca38-4dc0-9167-c1b2dbe01a94","historyId":"d4444707745dc8bfae66e8f615c77318","fullName":"io.cucumber.testng.AbstractTestNGCucumberTests.runScenario","labels":[{"name":"package","value":"GB_Webapp.TestRunner.Nepal"},{"name":"testClass","value":"GB_Webapp.TestRunner.Nepal"},{"name":"testMethod","value":"runScenario"},{"name":"parentSuite","value":"Default suite"},{"name":"suite","value":"Default test"},{"name":"subSuite","value":"GB_Webapp.TestRunner.Nepal"},{"name":"host","value":"DESKTOP-LMKUKFJ"},{"name":"thread","value":"13276@DESKTOP-LMKUKFJ.main(1)"},{"name":"framework","value":"testng"},{"name":"language","value":"java"}],"links":[],"name":"TC_020 Successfully fill home page let us call you back form","status":"failed","statusDetails":{"known":false,"muted":false,"flaky":false,"message":"Unable to send value  : Enter Customer Name : Proxy element for: DefaultElementLocator 'By.xpath: (//input[@placeholder='Enter Your Name'])[2]'  --  org.openqa.selenium.NoSuchElementException: no such element: Unable to locate element: {\"method\":\"xpath\",\"selector\":\"(//input[@placeholder='Enter Your Name'])[2]\"}\n  (Session info: chrome=131.0.6778.86)\nFor documentation on this error, please visit: https://www.selenium.dev/documentation/webdriver/troubleshooting/errors#no-such-element-exception\nBuild info: version: '4.13.0', revision: 'ba948ece5b*'\nSystem info: os.name: 'Windows 10', os.arch: 'amd64', os.version: '10.0', java.version: '22.0.1'\nDriver info: org.openqa.selenium.chrome.ChromeDriver\nCommand: [9d3d09c45a23cd2c140ff6e439f84768, findElement {using=xpath, value=(//input[@placeholder='Enter Your Name'])[2]}]\nCapabilities {acceptInsecureCerts: false, browserName: chrome, browserVersion: 131.0.6778.86, chrome: {chromedriverVersion: 131.0.6778.85 (3d81e41b6f3a..., userDataDir: C:\\Users\\QA\\AppData\\Local\\T...}, fedcm:accounts: true, goog:chromeOptions: {debuggerAddress: localhost:53554}, networkConnectionEnabled: false, pageLoadStrategy: normal, platformName: windows, proxy: Proxy(), se:cdp: ws://localhost:53554/devtoo..., se:cdpVersion: 131.0.6778.86, setWindowRect: true, strictFileInteractability: false, timeouts: {implicit: 0, pageLoad: 300000, script: 30000}, unhandledPromptBehavior: dismiss and notify, webauthn:extension:credBlob: true, webauthn:extension:largeBlob: true, webauthn:extension:minPinLength: true, webauthn:extension:prf: true, webauthn:virtualAuthenticators: true}\nSession ID: 9d3d09c45a23cd2c140ff6e439f84768 expected [true] but found [false]","trace":"java.lang.AssertionError: Unable to send value  : Enter Customer Name : Proxy element for: DefaultElementLocator 'By.xpath: (//input[@placeholder='Enter Your Name'])[2]'  --  org.openqa.selenium.NoSuchElementException: no such element: Unable to locate element: {\"method\":\"xpath\",\"selector\":\"(//input[@placeholder='Enter Your Name'])[2]\"}\n  (Session info: chrome=131.0.6778.86)\nFor documentation on this error, please visit: https://www.selenium.dev/documentation/webdriver/troubleshooting/errors#no-such-element-exception\nBuild info: version: '4.13.0', revision: 'ba948ece5b*'\nSystem info: os.name: 'Windows 10', os.arch: 'amd64', os.version: '10.0', java.version: '22.0.1'\nDriver info: org.openqa.selenium.chrome.ChromeDriver\nCommand: [9d3d09c45a23cd2c140ff6e439f84768, findElement {using=xpath, value=(//input[@placeholder='Enter Your Name'])[2]}]\nCapabilities {acceptInsecureCerts: false, browserName: chrome, browserVersion: 131.0.6778.86, chrome: {chromedriverVersion: 131.0.6778.85 (3d81e41b6f3a..., userDataDir: C:\\Users\\QA\\AppData\\Local\\T...}, fedcm:accounts: true, goog:chromeOptions: {debuggerAddress: localhost:53554}, networkConnectionEnabled: false, pageLoadStrategy: normal, platformName: windows, proxy: Proxy(), se:cdp: ws://localhost:53554/devtoo..., se:cdpVersion: 131.0.6778.86, setWindowRect: true, strictFileInteractability: false, timeouts: {implicit: 0, pageLoad: 300000, script: 30000}, unhandledPromptBehavior: dismiss and notify, webauthn:extension:credBlob: true, webauthn:extension:largeBlob: true, webauthn:extension:minPinLength: true, webauthn:extension:prf: true, webauthn:virtualAuthenticators: true}\nSession ID: 9d3d09c45a23cd2c140ff6e439f84768 expected [true] but found [false]\r\n\tat org.testng.Assert.fail(Assert.java:110)\r\n\tat org.testng.Assert.failNotEquals(Assert.java:1577)\r\n\tat org.testng.Assert.assertTrue(Assert.java:56)\r\n\tat GB_Webapp.Utility.Library.sendKeys(Library.java:51)\r\n\tat GB_Webapp.Page.HomePage.user_able_to_enter_customer_name(HomePage.java:955)\r\n\tat GB_Webapp.StepDefinition.HomePageTest.user_able_to_enter(HomePageTest.java:246)\r\n\tat âœ½.User able to enter \"customer_name\"(file:///C:/Users/QA/OneDrive/Documents/Zoom/Intellij_trial/Hero_GB_WebApp_UI_Testing_BDD/./AllCountryFeatureFiles/FeatureFilesNepal/01_HomePage.feature:94)\r\n"},"stage":"finished","steps":[{"name":" Error -: Unable to send value  : Enter Customer Name : Proxy element for: DefaultElementLocator 'By.xpath: (//input[@placeholder='Enter Your Name'])[2]'","status":"passed","stage":"finished","steps":[],"attachments":[],"parameters":[],"start":1732890053741,"stop":1732890053741}],"attachments":[{"name":"Screenshot = Unable to send value  : E","source":"5f55107f-b8fa-4f1b-9e03-1a258fc2746d-attachment.png","type":"image/png"}],"parameters":[{"name":"arg1","value":"\"HomePage\""},{"name":"arg0","value":"\"TC_020 Successfully fill home page let us call you back form\""}],"start":1732890041932,"stop":1732890054299}