{"uuid":"613cef10-f127-4424-aeb9-027600a2fdf7","historyId":"91fd74d7fd7ff271bd67377f7ccd5714","fullName":"io.cucumber.testng.AbstractTestNGCucumberTests.runScenario","labels":[{"name":"package","value":"GB_Webapp.TestRunner.Nepal"},{"name":"testClass","value":"GB_Webapp.TestRunner.Nepal"},{"name":"testMethod","value":"runScenario"},{"name":"parentSuite","value":"Default suite"},{"name":"suite","value":"Default test"},{"name":"subSuite","value":"GB_Webapp.TestRunner.Nepal"},{"name":"host","value":"DESKTOP-LMKUKFJ"},{"name":"thread","value":"14036@DESKTOP-LMKUKFJ.main(1)"},{"name":"framework","value":"testng"},{"name":"language","value":"java"}],"links":[],"name":"TC_026 Successfully fill home page let us call you back popup form","status":"failed","statusDetails":{"known":false,"muted":false,"flaky":false,"message":"Unable to click element : Select city  --  Proxy element for: DefaultElementLocator 'By.xpath: (//span[normalize-space()='ALBAY'])[1] | (//ul[@role='presentation'])[2]//li[1]'  --  org.openqa.selenium.NoSuchElementException: no such element: Unable to locate element: {\"method\":\"xpath\",\"selector\":\"(//span[normalize-space()='ALBAY'])[1] | (//ul[@role='presentation'])[2]//li[1]\"}\n  (Session info: chrome=131.0.6778.86)\nFor documentation on this error, please visit: https://www.selenium.dev/documentation/webdriver/troubleshooting/errors#no-such-element-exception\nBuild info: version: '4.13.0', revision: 'ba948ece5b*'\nSystem info: os.name: 'Windows 10', os.arch: 'amd64', os.version: '10.0', java.version: '22.0.1'\nDriver info: org.openqa.selenium.chrome.ChromeDriver\nCommand: [af7391ff0a1839640af1d17bd45763d6, findElement {using=xpath, value=(//span[normalize-space()='ALBAY'])[1] | (//ul[@role='presentation'])[2]//li[1]}]\nCapabilities {acceptInsecureCerts: false, browserName: chrome, browserVersion: 131.0.6778.86, chrome: {chromedriverVersion: 131.0.6778.85 (3d81e41b6f3a..., userDataDir: C:\\Users\\QA\\AppData\\Local\\T...}, fedcm:accounts: true, goog:chromeOptions: {debuggerAddress: localhost:61040}, networkConnectionEnabled: false, pageLoadStrategy: normal, platformName: windows, proxy: Proxy(), se:cdp: ws://localhost:61040/devtoo..., se:cdpVersion: 131.0.6778.86, setWindowRect: true, strictFileInteractability: false, timeouts: {implicit: 0, pageLoad: 300000, script: 30000}, unhandledPromptBehavior: dismiss and notify, webauthn:extension:credBlob: true, webauthn:extension:largeBlob: true, webauthn:extension:minPinLength: true, webauthn:extension:prf: true, webauthn:virtualAuthenticators: true}\nSession ID: af7391ff0a1839640af1d17bd45763d6 expected [true] but found [false]","trace":"java.lang.AssertionError: Unable to click element : Select city  --  Proxy element for: DefaultElementLocator 'By.xpath: (//span[normalize-space()='ALBAY'])[1] | (//ul[@role='presentation'])[2]//li[1]'  --  org.openqa.selenium.NoSuchElementException: no such element: Unable to locate element: {\"method\":\"xpath\",\"selector\":\"(//span[normalize-space()='ALBAY'])[1] | (//ul[@role='presentation'])[2]//li[1]\"}\n  (Session info: chrome=131.0.6778.86)\nFor documentation on this error, please visit: https://www.selenium.dev/documentation/webdriver/troubleshooting/errors#no-such-element-exception\nBuild info: version: '4.13.0', revision: 'ba948ece5b*'\nSystem info: os.name: 'Windows 10', os.arch: 'amd64', os.version: '10.0', java.version: '22.0.1'\nDriver info: org.openqa.selenium.chrome.ChromeDriver\nCommand: [af7391ff0a1839640af1d17bd45763d6, findElement {using=xpath, value=(//span[normalize-space()='ALBAY'])[1] | (//ul[@role='presentation'])[2]//li[1]}]\nCapabilities {acceptInsecureCerts: false, browserName: chrome, browserVersion: 131.0.6778.86, chrome: {chromedriverVersion: 131.0.6778.85 (3d81e41b6f3a..., userDataDir: C:\\Users\\QA\\AppData\\Local\\T...}, fedcm:accounts: true, goog:chromeOptions: {debuggerAddress: localhost:61040}, networkConnectionEnabled: false, pageLoadStrategy: normal, platformName: windows, proxy: Proxy(), se:cdp: ws://localhost:61040/devtoo..., se:cdpVersion: 131.0.6778.86, setWindowRect: true, strictFileInteractability: false, timeouts: {implicit: 0, pageLoad: 300000, script: 30000}, unhandledPromptBehavior: dismiss and notify, webauthn:extension:credBlob: true, webauthn:extension:largeBlob: true, webauthn:extension:minPinLength: true, webauthn:extension:prf: true, webauthn:virtualAuthenticators: true}\nSession ID: af7391ff0a1839640af1d17bd45763d6 expected [true] but found [false]\r\n\tat org.testng.Assert.fail(Assert.java:110)\r\n\tat org.testng.Assert.failNotEquals(Assert.java:1577)\r\n\tat org.testng.Assert.assertTrue(Assert.java:56)\r\n\tat GB_Webapp.Utility.Library.click(Library.java:38)\r\n\tat GB_Webapp.Page.HomePage.select_city1(HomePage.java:1209)\r\n\tat GB_Webapp.StepDefinition.HomePageTest.select_city_in_dropdown(HomePageTest.java:427)\r\n\tat âœ½.select city in dropdown \"city1\"(file:///C:/Users/QA/OneDrive/Documents/Zoom/Intellij_trial/Hero_GB_WebApp_UI_Testing_BDD/./AllCountryFeatureFiles/FeatureFilesNepal/01_HomePage.feature:143)\r\n"},"stage":"finished","steps":[{"name":"Value send Successfully : Enter Customer Name","status":"passed","stage":"finished","steps":[],"attachments":[],"parameters":[],"start":1732821089953,"stop":1732821089953},{"name":"Value send Successfully : Enter Mobile Number","status":"passed","stage":"finished","steps":[],"attachments":[],"parameters":[],"start":1732821090297,"stop":1732821090297},{"name":"Value send Successfully : Enter Email","status":"passed","stage":"finished","steps":[],"attachments":[],"parameters":[],"start":1732821090650,"stop":1732821090650},{"name":"Element is clickable : City","status":"passed","stage":"finished","steps":[],"attachments":[],"parameters":[],"start":1732821091035,"stop":1732821091035},{"name":" Error -: Unable to click element : Select city  --  Proxy element for: DefaultElementLocator 'By.xpath: (//span[normalize-space()='ALBAY'])[1] | (//ul[@role='presentation'])[2]//li[1]'","status":"passed","stage":"finished","steps":[],"attachments":[],"parameters":[],"start":1732821102698,"stop":1732821102698}],"attachments":[{"name":"Screenshot = Unable to click element :","source":"6e241685-38b8-4d4d-9738-99faf76a527f-attachment.png","type":"image/png"}],"parameters":[{"name":"arg1","value":"\"HomePage\""},{"name":"arg0","value":"\"TC_026 Successfully fill home page let us call you back popup form\""}],"start":1732821089190,"stop":1732821103035}