{"uuid":"797b0975-9137-4a89-b155-516340c60643","historyId":"41aa15871bbf47fd7368792e07fcf708","fullName":"io.cucumber.testng.AbstractTestNGCucumberTests.runScenario","labels":[{"name":"package","value":"GB_Webapp.TestRunner.Philippines"},{"name":"testClass","value":"GB_Webapp.TestRunner.Philippines"},{"name":"testMethod","value":"runScenario"},{"name":"parentSuite","value":"Default suite"},{"name":"suite","value":"Default test"},{"name":"subSuite","value":"GB_Webapp.TestRunner.Philippines"},{"name":"host","value":"DESKTOP-LMKUKFJ"},{"name":"thread","value":"5720@DESKTOP-LMKUKFJ.main(1)"},{"name":"framework","value":"testng"},{"name":"language","value":"java"}],"links":[],"name":"TC_022 Successfully fill home page let us call you back popup form","status":"failed","statusDetails":{"known":false,"muted":false,"flaky":false,"message":"Unable to click element : Select city  --  Proxy element for: DefaultElementLocator 'By.xpath: (//span[normalize-space()='ALBAY'])[2]'  --  org.openqa.selenium.NoSuchElementException: no such element: Unable to locate element: {\"method\":\"xpath\",\"selector\":\"(//span[normalize-space()='ALBAY'])[2]\"}\n  (Session info: chrome=130.0.6723.116)\nFor documentation on this error, please visit: https://www.selenium.dev/documentation/webdriver/troubleshooting/errors#no-such-element-exception\nBuild info: version: '4.13.0', revision: 'ba948ece5b*'\nSystem info: os.name: 'Windows 10', os.arch: 'amd64', os.version: '10.0', java.version: '22.0.1'\nDriver info: org.openqa.selenium.chrome.ChromeDriver\nCommand: [b26e8e3fbf4173f308b2d6b2749bae44, findElement {using=xpath, value=(//span[normalize-space()='ALBAY'])[2]}]\nCapabilities {acceptInsecureCerts: false, browserName: chrome, browserVersion: 130.0.6723.116, chrome: {chromedriverVersion: 130.0.6723.116 (6ac35f94ae3..., userDataDir: C:\\Users\\QA\\AppData\\Local\\T...}, fedcm:accounts: true, goog:chromeOptions: {debuggerAddress: localhost:60428}, networkConnectionEnabled: false, pageLoadStrategy: normal, platformName: windows, proxy: Proxy(), se:cdp: ws://localhost:60428/devtoo..., se:cdpVersion: 130.0.6723.116, setWindowRect: true, strictFileInteractability: false, timeouts: {implicit: 0, pageLoad: 300000, script: 30000}, unhandledPromptBehavior: dismiss and notify, webauthn:extension:credBlob: true, webauthn:extension:largeBlob: true, webauthn:extension:minPinLength: true, webauthn:extension:prf: true, webauthn:virtualAuthenticators: true}\nSession ID: b26e8e3fbf4173f308b2d6b2749bae44 expected [true] but found [false]","trace":"java.lang.AssertionError: Unable to click element : Select city  --  Proxy element for: DefaultElementLocator 'By.xpath: (//span[normalize-space()='ALBAY'])[2]'  --  org.openqa.selenium.NoSuchElementException: no such element: Unable to locate element: {\"method\":\"xpath\",\"selector\":\"(//span[normalize-space()='ALBAY'])[2]\"}\n  (Session info: chrome=130.0.6723.116)\nFor documentation on this error, please visit: https://www.selenium.dev/documentation/webdriver/troubleshooting/errors#no-such-element-exception\nBuild info: version: '4.13.0', revision: 'ba948ece5b*'\nSystem info: os.name: 'Windows 10', os.arch: 'amd64', os.version: '10.0', java.version: '22.0.1'\nDriver info: org.openqa.selenium.chrome.ChromeDriver\nCommand: [b26e8e3fbf4173f308b2d6b2749bae44, findElement {using=xpath, value=(//span[normalize-space()='ALBAY'])[2]}]\nCapabilities {acceptInsecureCerts: false, browserName: chrome, browserVersion: 130.0.6723.116, chrome: {chromedriverVersion: 130.0.6723.116 (6ac35f94ae3..., userDataDir: C:\\Users\\QA\\AppData\\Local\\T...}, fedcm:accounts: true, goog:chromeOptions: {debuggerAddress: localhost:60428}, networkConnectionEnabled: false, pageLoadStrategy: normal, platformName: windows, proxy: Proxy(), se:cdp: ws://localhost:60428/devtoo..., se:cdpVersion: 130.0.6723.116, setWindowRect: true, strictFileInteractability: false, timeouts: {implicit: 0, pageLoad: 300000, script: 30000}, unhandledPromptBehavior: dismiss and notify, webauthn:extension:credBlob: true, webauthn:extension:largeBlob: true, webauthn:extension:minPinLength: true, webauthn:extension:prf: true, webauthn:virtualAuthenticators: true}\nSession ID: b26e8e3fbf4173f308b2d6b2749bae44 expected [true] but found [false]\r\n\tat org.testng.Assert.fail(Assert.java:110)\r\n\tat org.testng.Assert.failNotEquals(Assert.java:1577)\r\n\tat org.testng.Assert.assertTrue(Assert.java:56)\r\n\tat GB_Webapp.Utility.Library.click(Library.java:38)\r\n\tat GB_Webapp.Page.HomePage.select_city1(HomePage.java:849)\r\n\tat GB_Webapp.StepDefinition.HomePageTest.select_city_in_dropdown(HomePageTest.java:284)\r\n\tat âœ½.select city in dropdown \"city1\"(file:///C:/Users/QA/OneDrive/Documents/Zoom/Intellij_trial/Hero_GB_WebApp_UI_Testing_BDD/./FeatureFilesPhilippines/01_HomePage.feature:123)\r\n"},"stage":"finished","steps":[{"name":"Value send Successfully : Enter Customer Name","status":"passed","stage":"finished","steps":[],"attachments":[],"parameters":[],"start":1730990539763,"stop":1730990539763},{"name":"Value send Successfully : Enter Mobile Number","status":"passed","stage":"finished","steps":[],"attachments":[],"parameters":[],"start":1730990540396,"stop":1730990540396},{"name":"Value send Successfully : Enter Email","status":"passed","stage":"finished","steps":[],"attachments":[],"parameters":[],"start":1730990540972,"stop":1730990540972},{"name":"Element is clickable : City","status":"passed","stage":"finished","steps":[],"attachments":[],"parameters":[],"start":1730990541438,"stop":1730990541438},{"name":" Error -: Unable to click element : Select city  --  Proxy element for: DefaultElementLocator 'By.xpath: (//span[normalize-space()='ALBAY'])[2]'","status":"passed","stage":"finished","steps":[],"attachments":[],"parameters":[],"start":1730990562603,"stop":1730990562603}],"attachments":[{"name":"Screenshot = Unable to click element : Select city  --  Proxy element for: DefaultElementLocator 'By.xpath: (//span[normalize-space()='ALBAY'])[2]'","source":"205a87fe-1a18-4a71-842a-0aaf39948aa0-attachment.png","type":"image/png"}],"parameters":[{"name":"arg1","value":"\"HomePage\""},{"name":"arg0","value":"\"TC_022 Successfully fill home page let us call you back popup form\""}],"start":1730990539114,"stop":1730990563037}