{"uuid":"c0e53c90-b997-43a6-9b7e-3461923a17ac","historyId":"e72ee1a2af1fc4d14cf81207fdebcdab","fullName":"io.cucumber.testng.AbstractTestNGCucumberTests.runScenario","labels":[{"name":"package","value":"GB_Webapp.TestRunner.Nepal"},{"name":"testClass","value":"GB_Webapp.TestRunner.Nepal"},{"name":"testMethod","value":"runScenario"},{"name":"parentSuite","value":"Default suite"},{"name":"suite","value":"Default test"},{"name":"subSuite","value":"GB_Webapp.TestRunner.Nepal"},{"name":"host","value":"DESKTOP-LMKUKFJ"},{"name":"thread","value":"13276@DESKTOP-LMKUKFJ.main(1)"},{"name":"framework","value":"testng"},{"name":"language","value":"java"}],"links":[],"name":"TC_021 Verify home page marketing advertisement banner text","status":"failed","statusDetails":{"known":false,"muted":false,"flaky":false,"message":"Unable to visible field  : Marketing Text 1st line  --  Proxy element for: DefaultElementLocator 'By.xpath: //div[@class='largeheading text-uppercase mb-4']'  --  org.openqa.selenium.NoSuchElementException: no such element: Unable to locate element: {\"method\":\"xpath\",\"selector\":\"//div[@class='largeheading text-uppercase mb-4']\"}\n  (Session info: chrome=131.0.6778.86)\nFor documentation on this error, please visit: https://www.selenium.dev/documentation/webdriver/troubleshooting/errors#no-such-element-exception\nBuild info: version: '4.13.0', revision: 'ba948ece5b*'\nSystem info: os.name: 'Windows 10', os.arch: 'amd64', os.version: '10.0', java.version: '22.0.1'\nDriver info: org.openqa.selenium.chrome.ChromeDriver\nCommand: [9d3d09c45a23cd2c140ff6e439f84768, findElement {using=xpath, value=//div[@class='largeheading text-uppercase mb-4']}]\nCapabilities {acceptInsecureCerts: false, browserName: chrome, browserVersion: 131.0.6778.86, chrome: {chromedriverVersion: 131.0.6778.85 (3d81e41b6f3a..., userDataDir: C:\\Users\\QA\\AppData\\Local\\T...}, fedcm:accounts: true, goog:chromeOptions: {debuggerAddress: localhost:53554}, networkConnectionEnabled: false, pageLoadStrategy: normal, platformName: windows, proxy: Proxy(), se:cdp: ws://localhost:53554/devtoo..., se:cdpVersion: 131.0.6778.86, setWindowRect: true, strictFileInteractability: false, timeouts: {implicit: 0, pageLoad: 300000, script: 30000}, unhandledPromptBehavior: dismiss and notify, webauthn:extension:credBlob: true, webauthn:extension:largeBlob: true, webauthn:extension:minPinLength: true, webauthn:extension:prf: true, webauthn:virtualAuthenticators: true}\nSession ID: 9d3d09c45a23cd2c140ff6e439f84768 expected [true] but found [false]","trace":"java.lang.AssertionError: Unable to visible field  : Marketing Text 1st line  --  Proxy element for: DefaultElementLocator 'By.xpath: //div[@class='largeheading text-uppercase mb-4']'  --  org.openqa.selenium.NoSuchElementException: no such element: Unable to locate element: {\"method\":\"xpath\",\"selector\":\"//div[@class='largeheading text-uppercase mb-4']\"}\n  (Session info: chrome=131.0.6778.86)\nFor documentation on this error, please visit: https://www.selenium.dev/documentation/webdriver/troubleshooting/errors#no-such-element-exception\nBuild info: version: '4.13.0', revision: 'ba948ece5b*'\nSystem info: os.name: 'Windows 10', os.arch: 'amd64', os.version: '10.0', java.version: '22.0.1'\nDriver info: org.openqa.selenium.chrome.ChromeDriver\nCommand: [9d3d09c45a23cd2c140ff6e439f84768, findElement {using=xpath, value=//div[@class='largeheading text-uppercase mb-4']}]\nCapabilities {acceptInsecureCerts: false, browserName: chrome, browserVersion: 131.0.6778.86, chrome: {chromedriverVersion: 131.0.6778.85 (3d81e41b6f3a..., userDataDir: C:\\Users\\QA\\AppData\\Local\\T...}, fedcm:accounts: true, goog:chromeOptions: {debuggerAddress: localhost:53554}, networkConnectionEnabled: false, pageLoadStrategy: normal, platformName: windows, proxy: Proxy(), se:cdp: ws://localhost:53554/devtoo..., se:cdpVersion: 131.0.6778.86, setWindowRect: true, strictFileInteractability: false, timeouts: {implicit: 0, pageLoad: 300000, script: 30000}, unhandledPromptBehavior: dismiss and notify, webauthn:extension:credBlob: true, webauthn:extension:largeBlob: true, webauthn:extension:minPinLength: true, webauthn:extension:prf: true, webauthn:virtualAuthenticators: true}\nSession ID: 9d3d09c45a23cd2c140ff6e439f84768 expected [true] but found [false]\r\n\tat org.testng.Assert.fail(Assert.java:110)\r\n\tat org.testng.Assert.failNotEquals(Assert.java:1577)\r\n\tat org.testng.Assert.assertTrue(Assert.java:56)\r\n\tat GB_Webapp.Utility.Library.visible_link(Library.java:69)\r\n\tat GB_Webapp.Page.HomePage.verify_1st_marketing_advertisement_line_text(HomePage.java:975)\r\n\tat GB_Webapp.StepDefinition.HomePageTest.verify_1st_marketing_advertisement_line_text(HomePageTest.java:295)\r\n\tat âœ½.Verify \"1st\" marketing advertisement line text(file:///C:/Users/QA/OneDrive/Documents/Zoom/Intellij_trial/Hero_GB_WebApp_UI_Testing_BDD/./AllCountryFeatureFiles/FeatureFilesNepal/01_HomePage.feature:104)\r\n"},"stage":"finished","steps":[{"name":" Error -: Unable to visible field  : Marketing Text 1st line  --  Proxy element for: DefaultElementLocator 'By.xpath: //div[@class='largeheading text-uppercase mb-4']'","status":"passed","stage":"finished","steps":[],"attachments":[],"parameters":[],"start":1732890065982,"stop":1732890065982}],"attachments":[{"name":"Screenshot = Unable to visible field  ","source":"d9d0b956-3394-469f-bb38-ba672e7faca0-attachment.png","type":"image/png"}],"parameters":[{"name":"arg1","value":"\"HomePage\""},{"name":"arg0","value":"\"TC_021 Verify home page marketing advertisement banner text\""}],"start":1732890054316,"stop":1732890066432}