{"uuid":"ee9495da-caec-4609-b913-510a690ae547","historyId":"5586ae03e5ea08d7b1350e3ce713d800","fullName":"io.cucumber.testng.AbstractTestNGCucumberTests.runScenario","labels":[{"name":"package","value":"GB_Webapp.TestRunner.Nepal"},{"name":"testClass","value":"GB_Webapp.TestRunner.Nepal"},{"name":"testMethod","value":"runScenario"},{"name":"parentSuite","value":"Default suite"},{"name":"suite","value":"Default test"},{"name":"subSuite","value":"GB_Webapp.TestRunner.Nepal"},{"name":"host","value":"DESKTOP-LMKUKFJ"},{"name":"thread","value":"13276@DESKTOP-LMKUKFJ.main(1)"},{"name":"framework","value":"testng"},{"name":"language","value":"java"}],"links":[],"name":"TC_019 Verify home page let us call you back form mandatory field","status":"failed","statusDetails":{"known":false,"muted":false,"flaky":false,"message":"Actual value :  Expected value is not Match expected [true] but found [false]","trace":"java.lang.AssertionError: Actual value :  Expected value is not Match expected [true] but found [false]\r\n\tat org.testng.Assert.fail(Assert.java:110)\r\n\tat org.testng.Assert.failNotEquals(Assert.java:1577)\r\n\tat org.testng.Assert.assertTrue(Assert.java:56)\r\n\tat GB_Webapp.Utility.Library.assertEquals(Library.java:215)\r\n\tat GB_Webapp.Page.HomePage.click_on_submit_button(HomePage.java:945)\r\n\tat GB_Webapp.StepDefinition.HomePageTest.click_on_submit_button(HomePageTest.java:226)\r\n\tat âœ½.Click on submit button(file:///C:/Users/QA/OneDrive/Documents/Zoom/Intellij_trial/Hero_GB_WebApp_UI_Testing_BDD/./AllCountryFeatureFiles/FeatureFilesNepal/01_HomePage.feature:88)\r\n"},"stage":"finished","steps":[{"name":" Error -: LET US CALL YOU BACK   :  Expected value is not Matchorg.openqa.selenium.NoSuchElementException: no such element: Unable to locate element: {\"method\":\"xpath\",\"selector\":\"//h2[@class='text-uppercase']\"}\n  (Session info: chrome=131.0.6778.86)\nFor documentation on this error, please visit: https://www.selenium.dev/documentation/webdriver/troubleshooting/errors#no-such-element-exception\nBuild info: version: '4.13.0', revision: 'ba948ece5b*'\nSystem info: os.name: 'Windows 10', os.arch: 'amd64', os.version: '10.0', java.version: '22.0.1'\nDriver info: org.openqa.selenium.chrome.ChromeDriver\nCommand: [9d3d09c45a23cd2c140ff6e439f84768, findElement {using=xpath, value=//h2[@class='text-uppercase']}]\nCapabilities {acceptInsecureCerts: false, browserName: chrome, browserVersion: 131.0.6778.86, chrome: {chromedriverVersion: 131.0.6778.85 (3d81e41b6f3a..., userDataDir: C:\\Users\\QA\\AppData\\Local\\T...}, fedcm:accounts: true, goog:chromeOptions: {debuggerAddress: localhost:53554}, networkConnectionEnabled: false, pageLoadStrategy: normal, platformName: windows, proxy: Proxy(), se:cdp: ws://localhost:53554/devtoo..., se:cdpVersion: 131.0.6778.86, setWindowRect: true, strictFileInteractability: false, timeouts: {implicit: 0, pageLoad: 300000, script: 30000}, unhandledPromptBehavior: dismiss and notify, webauthn:extension:credBlob: true, webauthn:extension:largeBlob: true, webauthn:extension:minPinLength: true, webauthn:extension:prf: true, webauthn:virtualAuthenticators: true}\nSession ID: 9d3d09c45a23cd2c140ff6e439f84768","status":"passed","stage":"finished","steps":[],"attachments":[],"parameters":[],"start":1732890041458,"stop":1732890041458}],"attachments":[{"name":"Screenshot = LET US CALL YOU BACK   : ","source":"07e0ba68-709f-42a5-bbe2-a12fcebd1aff-attachment.png","type":"image/png"}],"parameters":[{"name":"arg1","value":"\"HomePage\""},{"name":"arg0","value":"\"TC_019 Verify home page let us call you back form mandatory field\""}],"start":1732890030059,"stop":1732890041921}