<!DOCTYPE html PUBLIC "-//W3C//DTD XHTML 1.1//EN" "https://www.w3.org/TR/xhtml11/DTD/xhtml11.dtd">
<html xmlns="https://www.w3.org/1999/xhtml">
<head>
<meta http-equiv="content-type" content="text/html; charset=UTF-8"/>
<title>TestNG Report</title>
<style type="text/css">table {margin-bottom:10px;border-collapse:collapse;empty-cells:show}th,td {border:1px solid #009;padding:.25em .5em}th {vertical-align:bottom}td {vertical-align:top}table a {font-weight:bold}.stripe td {background-color: #E6EBF9}.num {text-align:right}.passedodd td {background-color: #3F3}.passedeven td {background-color: #0A0}.skippedodd td {background-color: #DDD}.skippedeven td {background-color: #CCC}.failedodd td,.attn {background-color: #F33}.failedeven td,.stripe .attn {background-color: #D00}.stacktrace {white-space:pre;font-family:monospace}.totop {font-size:85%;text-align:center;border-bottom:2px solid #000}.invisible {display:none}</style>
</head>
<body>
<table>
<tr><th>Test</th><th># Passed</th><th># Skipped</th><th># Retried</th><th># Failed</th><th>Time (ms)</th><th>Included Groups</th><th>Excluded Groups</th></tr>
<tr><th colspan="8">Default suite</th></tr>
<tr><td><a href="#t0">Default test</a></td><td class="num">17</td><td class="num">0</td><td class="num">0</td><td class="num attn">11</td><td class="num">302,012</td><td></td><td></td></tr>
</table>
<table id='summary'><thead><tr><th>Class</th><th>Method</th><th>Start</th><th>Time (ms)</th></tr></thead><tbody><tr><th colspan="4">Default suite</th></tr></tbody><tbody id="t0"><tr><th colspan="4">Default test &#8212; failed</th></tr><tr class="failedeven"><td rowspan="11">GB_Webapp.TestRunner.Bangladesh</td><td><a href="#m0">runScenario</a></td><td rowspan="11">1730831343887</td><td rowspan="11">2113</td></tr><tr class="failedeven"><td><a href="#m1">runScenario</a></td></tr><tr class="failedeven"><td><a href="#m2">runScenario</a></td></tr><tr class="failedeven"><td><a href="#m3">runScenario</a></td></tr><tr class="failedeven"><td><a href="#m4">runScenario</a></td></tr><tr class="failedeven"><td><a href="#m5">runScenario</a></td></tr><tr class="failedeven"><td><a href="#m6">runScenario</a></td></tr><tr class="failedeven"><td><a href="#m7">runScenario</a></td></tr><tr class="failedeven"><td><a href="#m8">runScenario</a></td></tr><tr class="failedeven"><td><a href="#m9">runScenario</a></td></tr><tr class="failedeven"><td><a href="#m10">runScenario</a></td></tr><tr><th colspan="4">Default test &#8212; passed</th></tr><tr class="passedeven"><td rowspan="17">GB_Webapp.TestRunner.Bangladesh</td><td><a href="#m11">runScenario</a></td><td rowspan="17">1730831330435</td><td rowspan="17">1215</td></tr><tr class="passedeven"><td><a href="#m12">runScenario</a></td></tr><tr class="passedeven"><td><a href="#m13">runScenario</a></td></tr><tr class="passedeven"><td><a href="#m14">runScenario</a></td></tr><tr class="passedeven"><td><a href="#m15">runScenario</a></td></tr><tr class="passedeven"><td><a href="#m16">runScenario</a></td></tr><tr class="passedeven"><td><a href="#m17">runScenario</a></td></tr><tr class="passedeven"><td><a href="#m18">runScenario</a></td></tr><tr class="passedeven"><td><a href="#m19">runScenario</a></td></tr><tr class="passedeven"><td><a href="#m20">runScenario</a></td></tr><tr class="passedeven"><td><a href="#m21">runScenario</a></td></tr><tr class="passedeven"><td><a href="#m22">runScenario</a></td></tr><tr class="passedeven"><td><a href="#m23">runScenario</a></td></tr><tr class="passedeven"><td><a href="#m24">runScenario</a></td></tr><tr class="passedeven"><td><a href="#m25">runScenario</a></td></tr><tr class="passedeven"><td><a href="#m26">runScenario</a></td></tr><tr class="passedeven"><td><a href="#m27">runScenario</a></td></tr></tbody>
</table>
<h2>Default test</h2><h3 id="m0">GB_Webapp.TestRunner.Bangladesh#runScenario</h3><table class="result"><tr class="param"><th>Parameter #1</th><th>Parameter #2</th></tr><tr class="param stripe"><td>&quot;TC_008 Successfully verify bike under Executive icons&quot;</td><td>&quot;HomePage&quot;</td></tr><tr><th colspan="2">Exception</th></tr><tr><td colspan="2"><div class="stacktrace">java.lang.AssertionError: Unable to click element : Product icon  --  [[ChromeDriver: chrome on windows (50c3191233544f80e0eb5b2995301fd5)] -&gt; xpath: //a[normalize-space()=&apos;PRODUCTS&apos;]]  --  org.openqa.selenium.ElementClickInterceptedException: element click intercepted: Element &lt;a class=&quot;nav-link showMegaMenuContainer ps-lg-0 active&quot; href=&quot;javascript:void(0)&quot; aa-data-attr=&quot;track_cta&quot; aria-haspopup=&quot;true&quot; aria-expanded=&quot;false&quot; value=&quot;productsMegaMenu&quot;&gt;...&lt;/a&gt; is not clickable at point (555, 30). Other element would receive the click: &lt;div class=&quot;modal-popup modal-large book-bike-ride request-callback&quot; id=&quot;requestCallBackModel&quot;&gt;...&lt;/div&gt;
  (Session info: chrome=130.0.6723.92)
Build info: version: &apos;4.13.0&apos;, revision: &apos;ba948ece5b*&apos;
System info: os.name: &apos;Windows 10&apos;, os.arch: &apos;amd64&apos;, os.version: &apos;10.0&apos;, java.version: &apos;17.0.6&apos;
Driver info: org.openqa.selenium.chrome.ChromeDriver
Command: [50c3191233544f80e0eb5b2995301fd5, clickElement {id=f.F0820FAC319528599EB11F4B5FD7207B.d.5D270B7523BCF3BC4068F1BC38F4E9A9.e.347}]
Capabilities {acceptInsecureCerts: false, browserName: chrome, browserVersion: 130.0.6723.92, chrome: {chromedriverVersion: 130.0.6723.91 (53ac07678369..., userDataDir: C:\Users\QA\AppData\Local\T...}, fedcm:accounts: true, goog:chromeOptions: {debuggerAddress: localhost:62644}, networkConnectionEnabled: false, pageLoadStrategy: normal, platformName: windows, proxy: Proxy(), se:cdp: ws://localhost:62644/devtoo..., se:cdpVersion: 130.0.6723.92, setWindowRect: true, strictFileInteractability: false, timeouts: {implicit: 0, pageLoad: 300000, script: 30000}, unhandledPromptBehavior: dismiss and notify, webauthn:extension:credBlob: true, webauthn:extension:largeBlob: true, webauthn:extension:minPinLength: true, webauthn:extension:prf: true, webauthn:virtualAuthenticators: true}
Element: [[ChromeDriver: chrome on windows (50c3191233544f80e0eb5b2995301fd5)] -&gt; xpath: //a[normalize-space()=&apos;PRODUCTS&apos;]]
Session ID: 50c3191233544f80e0eb5b2995301fd5 expected [true] but found [false]
	at org.testng.Assert.fail(Assert.java:110)
	at org.testng.Assert.failNotEquals(Assert.java:1577)
	at org.testng.Assert.assertTrue(Assert.java:56)
	at GB_Webapp.Utility.Library.click(Library.java:40)
	at GB_Webapp.StepDefinition.LoginPageTest.click_on(LoginPageTest.java:188)
	at ✽.Click on &quot;Product&quot;(file:///C:/Users/QA/OneDrive/Documents/Azure/Hero_GB_WebApp_UI_Testing_BDD/./FeatureFilesBangladesh/01_LoginFeature.feature:88)
</div></td></tr></table><p class="totop"><a href="#summary">back to summary</a></p>
<h3 id="m1">GB_Webapp.TestRunner.Bangladesh#runScenario</h3><table class="result"><tr class="param"><th>Parameter #1</th><th>Parameter #2</th></tr><tr class="param stripe"><td>&quot;Successfully verify &quot;Passion_XPRO_XTEC&quot; bike feature under &quot;commuter&quot; icon&quot;</td><td>&quot;Bangladesh BikeFeature&quot;</td></tr><tr><th colspan="2">Exception</th></tr><tr><td colspan="2"><div class="stacktrace">java.lang.AssertionError: Unable to click element : Product icon  --  [[ChromeDriver: chrome on windows (50c3191233544f80e0eb5b2995301fd5)] -&gt; xpath: //a[normalize-space()=&apos;PRODUCTS&apos;]]  --  org.openqa.selenium.ElementClickInterceptedException: element click intercepted: Element &lt;a class=&quot;nav-link showMegaMenuContainer ps-lg-0&quot; href=&quot;javascript:void(0)&quot; aa-data-attr=&quot;track_cta&quot; aria-haspopup=&quot;true&quot; aria-expanded=&quot;false&quot; value=&quot;productsMegaMenu&quot;&gt;...&lt;/a&gt; is not clickable at point (553, 30). Other element would receive the click: &lt;div class=&quot;modal-popup modal-large book-bike-ride request-callback&quot; id=&quot;requestCallBackModel&quot;&gt;...&lt;/div&gt;
  (Session info: chrome=130.0.6723.92)
Build info: version: &apos;4.13.0&apos;, revision: &apos;ba948ece5b*&apos;
System info: os.name: &apos;Windows 10&apos;, os.arch: &apos;amd64&apos;, os.version: &apos;10.0&apos;, java.version: &apos;17.0.6&apos;
Driver info: org.openqa.selenium.chrome.ChromeDriver
Command: [50c3191233544f80e0eb5b2995301fd5, clickElement {id=f.328AB2519B5F862BDB17D59F7AB52C25.d.EA8BD085C51E22E2E00D4BA8B4AEB30E.e.984}]
Capabilities {acceptInsecureCerts: false, browserName: chrome, browserVersion: 130.0.6723.92, chrome: {chromedriverVersion: 130.0.6723.91 (53ac07678369..., userDataDir: C:\Users\QA\AppData\Local\T...}, fedcm:accounts: true, goog:chromeOptions: {debuggerAddress: localhost:62644}, networkConnectionEnabled: false, pageLoadStrategy: normal, platformName: windows, proxy: Proxy(), se:cdp: ws://localhost:62644/devtoo..., se:cdpVersion: 130.0.6723.92, setWindowRect: true, strictFileInteractability: false, timeouts: {implicit: 0, pageLoad: 300000, script: 30000}, unhandledPromptBehavior: dismiss and notify, webauthn:extension:credBlob: true, webauthn:extension:largeBlob: true, webauthn:extension:minPinLength: true, webauthn:extension:prf: true, webauthn:virtualAuthenticators: true}
Element: [[ChromeDriver: chrome on windows (50c3191233544f80e0eb5b2995301fd5)] -&gt; xpath: //a[normalize-space()=&apos;PRODUCTS&apos;]]
Session ID: 50c3191233544f80e0eb5b2995301fd5 expected [true] but found [false]
	at org.testng.Assert.fail(Assert.java:110)
	at org.testng.Assert.failNotEquals(Assert.java:1577)
	at org.testng.Assert.assertTrue(Assert.java:56)
	at GB_Webapp.Utility.Library.click(Library.java:40)
	at GB_Webapp.StepDefinition.LoginPageTest.click_on(LoginPageTest.java:188)
	at ✽.Click on &quot;Product&quot;(file:///C:/Users/QA/OneDrive/Documents/Azure/Hero_GB_WebApp_UI_Testing_BDD/./FeatureFilesBangladesh/02_BikeFeature.feature:5)
</div></td></tr></table><p class="totop"><a href="#summary">back to summary</a></p>
<h3 id="m2">GB_Webapp.TestRunner.Bangladesh#runScenario</h3><table class="result"><tr class="param"><th>Parameter #1</th><th>Parameter #2</th></tr><tr class="param stripe"><td>&quot;Successfully verify &quot;Ignitor_XTEC&quot; bike feature under &quot;executive&quot; icon&quot;</td><td>&quot;Bangladesh BikeFeature&quot;</td></tr><tr><th colspan="2">Exception</th></tr><tr><td colspan="2"><div class="stacktrace">java.lang.AssertionError: Unable to click element : Product icon  --  [[ChromeDriver: chrome on windows (50c3191233544f80e0eb5b2995301fd5)] -&gt; xpath: //a[normalize-space()=&apos;PRODUCTS&apos;]]  --  org.openqa.selenium.ElementClickInterceptedException: element click intercepted: Element &lt;a class=&quot;nav-link showMegaMenuContainer ps-lg-0&quot; href=&quot;javascript:void(0)&quot; aa-data-attr=&quot;track_cta&quot; aria-haspopup=&quot;true&quot; aria-expanded=&quot;false&quot; value=&quot;productsMegaMenu&quot;&gt;...&lt;/a&gt; is not clickable at point (553, 29). Other element would receive the click: &lt;div class=&quot;modal-popup modal-large book-bike-ride request-callback&quot; id=&quot;requestCallBackModel&quot;&gt;...&lt;/div&gt;
  (Session info: chrome=130.0.6723.92)
Build info: version: &apos;4.13.0&apos;, revision: &apos;ba948ece5b*&apos;
System info: os.name: &apos;Windows 10&apos;, os.arch: &apos;amd64&apos;, os.version: &apos;10.0&apos;, java.version: &apos;17.0.6&apos;
Driver info: org.openqa.selenium.chrome.ChromeDriver
Command: [50c3191233544f80e0eb5b2995301fd5, clickElement {id=f.C52C088B79890923A4E08DC63650C1F1.d.29A1AD6E7B7186510607C10AD80E6037.e.1374}]
Capabilities {acceptInsecureCerts: false, browserName: chrome, browserVersion: 130.0.6723.92, chrome: {chromedriverVersion: 130.0.6723.91 (53ac07678369..., userDataDir: C:\Users\QA\AppData\Local\T...}, fedcm:accounts: true, goog:chromeOptions: {debuggerAddress: localhost:62644}, networkConnectionEnabled: false, pageLoadStrategy: normal, platformName: windows, proxy: Proxy(), se:cdp: ws://localhost:62644/devtoo..., se:cdpVersion: 130.0.6723.92, setWindowRect: true, strictFileInteractability: false, timeouts: {implicit: 0, pageLoad: 300000, script: 30000}, unhandledPromptBehavior: dismiss and notify, webauthn:extension:credBlob: true, webauthn:extension:largeBlob: true, webauthn:extension:minPinLength: true, webauthn:extension:prf: true, webauthn:virtualAuthenticators: true}
Element: [[ChromeDriver: chrome on windows (50c3191233544f80e0eb5b2995301fd5)] -&gt; xpath: //a[normalize-space()=&apos;PRODUCTS&apos;]]
Session ID: 50c3191233544f80e0eb5b2995301fd5 expected [true] but found [false]
	at org.testng.Assert.fail(Assert.java:110)
	at org.testng.Assert.failNotEquals(Assert.java:1577)
	at org.testng.Assert.assertTrue(Assert.java:56)
	at GB_Webapp.Utility.Library.click(Library.java:40)
	at GB_Webapp.StepDefinition.LoginPageTest.click_on(LoginPageTest.java:188)
	at ✽.Click on &quot;Product&quot;(file:///C:/Users/QA/OneDrive/Documents/Azure/Hero_GB_WebApp_UI_Testing_BDD/./FeatureFilesBangladesh/02_BikeFeature.feature:5)
</div></td></tr></table><p class="totop"><a href="#summary">back to summary</a></p>
<h3 id="m3">GB_Webapp.TestRunner.Bangladesh#runScenario</h3><table class="result"><tr class="param"><th>Parameter #1</th><th>Parameter #2</th></tr><tr class="param stripe"><td>&quot;Successfully verify &quot;Hunk_150&quot; bike feature under &quot;Premium&quot; icon&quot;</td><td>&quot;Bangladesh BikeFeature&quot;</td></tr><tr><th colspan="2">Exception</th></tr><tr><td colspan="2"><div class="stacktrace">java.lang.AssertionError: Unable to click element : Product icon  --  [[ChromeDriver: chrome on windows (50c3191233544f80e0eb5b2995301fd5)] -&gt; xpath: //a[normalize-space()=&apos;PRODUCTS&apos;]]  --  org.openqa.selenium.ElementClickInterceptedException: element click intercepted: Element &lt;a class=&quot;nav-link showMegaMenuContainer ps-lg-0&quot; href=&quot;javascript:void(0)&quot; aa-data-attr=&quot;track_cta&quot; aria-haspopup=&quot;true&quot; aria-expanded=&quot;false&quot; value=&quot;productsMegaMenu&quot;&gt;...&lt;/a&gt; is not clickable at point (553, 30). Other element would receive the click: &lt;div class=&quot;modal-popup modal-large book-bike-ride request-callback&quot; id=&quot;requestCallBackModel&quot;&gt;...&lt;/div&gt;
  (Session info: chrome=130.0.6723.92)
Build info: version: &apos;4.13.0&apos;, revision: &apos;ba948ece5b*&apos;
System info: os.name: &apos;Windows 10&apos;, os.arch: &apos;amd64&apos;, os.version: &apos;10.0&apos;, java.version: &apos;17.0.6&apos;
Driver info: org.openqa.selenium.chrome.ChromeDriver
Command: [50c3191233544f80e0eb5b2995301fd5, clickElement {id=f.7348078180EAA667DA0C5B8FBF87F4AA.d.72A88E4B6A00E62AD49EB07E5FE00B07.e.1617}]
Capabilities {acceptInsecureCerts: false, browserName: chrome, browserVersion: 130.0.6723.92, chrome: {chromedriverVersion: 130.0.6723.91 (53ac07678369..., userDataDir: C:\Users\QA\AppData\Local\T...}, fedcm:accounts: true, goog:chromeOptions: {debuggerAddress: localhost:62644}, networkConnectionEnabled: false, pageLoadStrategy: normal, platformName: windows, proxy: Proxy(), se:cdp: ws://localhost:62644/devtoo..., se:cdpVersion: 130.0.6723.92, setWindowRect: true, strictFileInteractability: false, timeouts: {implicit: 0, pageLoad: 300000, script: 30000}, unhandledPromptBehavior: dismiss and notify, webauthn:extension:credBlob: true, webauthn:extension:largeBlob: true, webauthn:extension:minPinLength: true, webauthn:extension:prf: true, webauthn:virtualAuthenticators: true}
Element: [[ChromeDriver: chrome on windows (50c3191233544f80e0eb5b2995301fd5)] -&gt; xpath: //a[normalize-space()=&apos;PRODUCTS&apos;]]
Session ID: 50c3191233544f80e0eb5b2995301fd5 expected [true] but found [false]
	at org.testng.Assert.fail(Assert.java:110)
	at org.testng.Assert.failNotEquals(Assert.java:1577)
	at org.testng.Assert.assertTrue(Assert.java:56)
	at GB_Webapp.Utility.Library.click(Library.java:40)
	at GB_Webapp.StepDefinition.LoginPageTest.click_on(LoginPageTest.java:188)
	at ✽.Click on &quot;Product&quot;(file:///C:/Users/QA/OneDrive/Documents/Azure/Hero_GB_WebApp_UI_Testing_BDD/./FeatureFilesBangladesh/02_BikeFeature.feature:5)
</div></td></tr></table><p class="totop"><a href="#summary">back to summary</a></p>
<h3 id="m4">GB_Webapp.TestRunner.Bangladesh#runScenario</h3><table class="result"><tr class="param"><th>Parameter #1</th><th>Parameter #2</th></tr><tr class="param stripe"><td>&quot;Successfully verify &quot;Splender+_XTEC&quot; bike feature under &quot;commuter&quot; icon&quot;</td><td>&quot;Bangladesh BikeFeature&quot;</td></tr><tr><th colspan="2">Exception</th></tr><tr><td colspan="2"><div class="stacktrace">java.lang.AssertionError: Unable to click element : Product icon  --  [[ChromeDriver: chrome on windows (50c3191233544f80e0eb5b2995301fd5)] -&gt; xpath: //a[normalize-space()=&apos;PRODUCTS&apos;]]  --  org.openqa.selenium.ElementClickInterceptedException: element click intercepted: Element &lt;a class=&quot;nav-link showMegaMenuContainer ps-lg-0&quot; href=&quot;javascript:void(0)&quot; aa-data-attr=&quot;track_cta&quot; aria-haspopup=&quot;true&quot; aria-expanded=&quot;false&quot; value=&quot;productsMegaMenu&quot;&gt;...&lt;/a&gt; is not clickable at point (553, 28). Other element would receive the click: &lt;div class=&quot;modal-popup modal-large book-bike-ride request-callback&quot; id=&quot;requestCallBackModel&quot;&gt;...&lt;/div&gt;
  (Session info: chrome=130.0.6723.92)
Build info: version: &apos;4.13.0&apos;, revision: &apos;ba948ece5b*&apos;
System info: os.name: &apos;Windows 10&apos;, os.arch: &apos;amd64&apos;, os.version: &apos;10.0&apos;, java.version: &apos;17.0.6&apos;
Driver info: org.openqa.selenium.chrome.ChromeDriver
Command: [50c3191233544f80e0eb5b2995301fd5, clickElement {id=f.AED4D936C5B076E762611393775614BA.d.36E7A476768476E5EFB505D1A2B91034.e.786}]
Capabilities {acceptInsecureCerts: false, browserName: chrome, browserVersion: 130.0.6723.92, chrome: {chromedriverVersion: 130.0.6723.91 (53ac07678369..., userDataDir: C:\Users\QA\AppData\Local\T...}, fedcm:accounts: true, goog:chromeOptions: {debuggerAddress: localhost:62644}, networkConnectionEnabled: false, pageLoadStrategy: normal, platformName: windows, proxy: Proxy(), se:cdp: ws://localhost:62644/devtoo..., se:cdpVersion: 130.0.6723.92, setWindowRect: true, strictFileInteractability: false, timeouts: {implicit: 0, pageLoad: 300000, script: 30000}, unhandledPromptBehavior: dismiss and notify, webauthn:extension:credBlob: true, webauthn:extension:largeBlob: true, webauthn:extension:minPinLength: true, webauthn:extension:prf: true, webauthn:virtualAuthenticators: true}
Element: [[ChromeDriver: chrome on windows (50c3191233544f80e0eb5b2995301fd5)] -&gt; xpath: //a[normalize-space()=&apos;PRODUCTS&apos;]]
Session ID: 50c3191233544f80e0eb5b2995301fd5 expected [true] but found [false]
	at org.testng.Assert.fail(Assert.java:110)
	at org.testng.Assert.failNotEquals(Assert.java:1577)
	at org.testng.Assert.assertTrue(Assert.java:56)
	at GB_Webapp.Utility.Library.click(Library.java:40)
	at GB_Webapp.StepDefinition.LoginPageTest.click_on(LoginPageTest.java:188)
	at ✽.Click on &quot;Product&quot;(file:///C:/Users/QA/OneDrive/Documents/Azure/Hero_GB_WebApp_UI_Testing_BDD/./FeatureFilesBangladesh/02_BikeFeature.feature:5)
</div></td></tr></table><p class="totop"><a href="#summary">back to summary</a></p>
<h3 id="m5">GB_Webapp.TestRunner.Bangladesh#runScenario</h3><table class="result"><tr class="param"><th>Parameter #1</th><th>Parameter #2</th></tr><tr class="param stripe"><td>&quot;TC_010 Successfully verify bike under Scooter icons&quot;</td><td>&quot;HomePage&quot;</td></tr><tr><th colspan="2">Exception</th></tr><tr><td colspan="2"><div class="stacktrace">java.lang.AssertionError: Unable to click element : Product icon  --  [[ChromeDriver: chrome on windows (50c3191233544f80e0eb5b2995301fd5)] -&gt; xpath: //a[normalize-space()=&apos;PRODUCTS&apos;]]  --  org.openqa.selenium.ElementClickInterceptedException: element click intercepted: Element &lt;a class=&quot;nav-link showMegaMenuContainer ps-lg-0 active&quot; href=&quot;javascript:void(0)&quot; aa-data-attr=&quot;track_cta&quot; aria-haspopup=&quot;true&quot; aria-expanded=&quot;false&quot; value=&quot;productsMegaMenu&quot;&gt;...&lt;/a&gt; is not clickable at point (555, 30). Other element would receive the click: &lt;div class=&quot;modal-popup modal-large book-bike-ride request-callback&quot; id=&quot;requestCallBackModel&quot;&gt;...&lt;/div&gt;
  (Session info: chrome=130.0.6723.92)
Build info: version: &apos;4.13.0&apos;, revision: &apos;ba948ece5b*&apos;
System info: os.name: &apos;Windows 10&apos;, os.arch: &apos;amd64&apos;, os.version: &apos;10.0&apos;, java.version: &apos;17.0.6&apos;
Driver info: org.openqa.selenium.chrome.ChromeDriver
Command: [50c3191233544f80e0eb5b2995301fd5, clickElement {id=f.F0820FAC319528599EB11F4B5FD7207B.d.5D270B7523BCF3BC4068F1BC38F4E9A9.e.347}]
Capabilities {acceptInsecureCerts: false, browserName: chrome, browserVersion: 130.0.6723.92, chrome: {chromedriverVersion: 130.0.6723.91 (53ac07678369..., userDataDir: C:\Users\QA\AppData\Local\T...}, fedcm:accounts: true, goog:chromeOptions: {debuggerAddress: localhost:62644}, networkConnectionEnabled: false, pageLoadStrategy: normal, platformName: windows, proxy: Proxy(), se:cdp: ws://localhost:62644/devtoo..., se:cdpVersion: 130.0.6723.92, setWindowRect: true, strictFileInteractability: false, timeouts: {implicit: 0, pageLoad: 300000, script: 30000}, unhandledPromptBehavior: dismiss and notify, webauthn:extension:credBlob: true, webauthn:extension:largeBlob: true, webauthn:extension:minPinLength: true, webauthn:extension:prf: true, webauthn:virtualAuthenticators: true}
Element: [[ChromeDriver: chrome on windows (50c3191233544f80e0eb5b2995301fd5)] -&gt; xpath: //a[normalize-space()=&apos;PRODUCTS&apos;]]
Session ID: 50c3191233544f80e0eb5b2995301fd5 expected [true] but found [false]
	at org.testng.Assert.fail(Assert.java:110)
	at org.testng.Assert.failNotEquals(Assert.java:1577)
	at org.testng.Assert.assertTrue(Assert.java:56)
	at GB_Webapp.Utility.Library.click(Library.java:40)
	at GB_Webapp.StepDefinition.LoginPageTest.click_on(LoginPageTest.java:188)
	at ✽.Click on &quot;Product&quot;(file:///C:/Users/QA/OneDrive/Documents/Azure/Hero_GB_WebApp_UI_Testing_BDD/./FeatureFilesBangladesh/01_LoginFeature.feature:114)
</div></td></tr></table><p class="totop"><a href="#summary">back to summary</a></p>
<h3 id="m6">GB_Webapp.TestRunner.Bangladesh#runScenario</h3><table class="result"><tr class="param"><th>Parameter #1</th><th>Parameter #2</th></tr><tr class="param stripe"><td>&quot;Successfully verify &quot;Thriller_160R&quot; bike feature under &quot;Premium&quot; icon&quot;</td><td>&quot;Bangladesh BikeFeature&quot;</td></tr><tr><th colspan="2">Exception</th></tr><tr><td colspan="2"><div class="stacktrace">java.lang.AssertionError: Unable to click element : Product icon  --  [[ChromeDriver: chrome on windows (50c3191233544f80e0eb5b2995301fd5)] -&gt; xpath: //a[normalize-space()=&apos;PRODUCTS&apos;]]  --  org.openqa.selenium.ElementClickInterceptedException: element click intercepted: Element &lt;a class=&quot;nav-link showMegaMenuContainer ps-lg-0&quot; href=&quot;javascript:void(0)&quot; aa-data-attr=&quot;track_cta&quot; aria-haspopup=&quot;true&quot; aria-expanded=&quot;false&quot; value=&quot;productsMegaMenu&quot;&gt;...&lt;/a&gt; is not clickable at point (553, 26). Other element would receive the click: &lt;div class=&quot;modal-popup modal-large book-bike-ride request-callback&quot; id=&quot;requestCallBackModel&quot;&gt;...&lt;/div&gt;
  (Session info: chrome=130.0.6723.92)
Build info: version: &apos;4.13.0&apos;, revision: &apos;ba948ece5b*&apos;
System info: os.name: &apos;Windows 10&apos;, os.arch: &apos;amd64&apos;, os.version: &apos;10.0&apos;, java.version: &apos;17.0.6&apos;
Driver info: org.openqa.selenium.chrome.ChromeDriver
Command: [50c3191233544f80e0eb5b2995301fd5, clickElement {id=f.BCE0CBE40EE89E78F58D568F57779763.d.9D1224D1E5F0F67F4D615817F59B32AE.e.1857}]
Capabilities {acceptInsecureCerts: false, browserName: chrome, browserVersion: 130.0.6723.92, chrome: {chromedriverVersion: 130.0.6723.91 (53ac07678369..., userDataDir: C:\Users\QA\AppData\Local\T...}, fedcm:accounts: true, goog:chromeOptions: {debuggerAddress: localhost:62644}, networkConnectionEnabled: false, pageLoadStrategy: normal, platformName: windows, proxy: Proxy(), se:cdp: ws://localhost:62644/devtoo..., se:cdpVersion: 130.0.6723.92, setWindowRect: true, strictFileInteractability: false, timeouts: {implicit: 0, pageLoad: 300000, script: 30000}, unhandledPromptBehavior: dismiss and notify, webauthn:extension:credBlob: true, webauthn:extension:largeBlob: true, webauthn:extension:minPinLength: true, webauthn:extension:prf: true, webauthn:virtualAuthenticators: true}
Element: [[ChromeDriver: chrome on windows (50c3191233544f80e0eb5b2995301fd5)] -&gt; xpath: //a[normalize-space()=&apos;PRODUCTS&apos;]]
Session ID: 50c3191233544f80e0eb5b2995301fd5 expected [true] but found [false]
	at org.testng.Assert.fail(Assert.java:110)
	at org.testng.Assert.failNotEquals(Assert.java:1577)
	at org.testng.Assert.assertTrue(Assert.java:56)
	at GB_Webapp.Utility.Library.click(Library.java:40)
	at GB_Webapp.StepDefinition.LoginPageTest.click_on(LoginPageTest.java:188)
	at ✽.Click on &quot;Product&quot;(file:///C:/Users/QA/OneDrive/Documents/Azure/Hero_GB_WebApp_UI_Testing_BDD/./FeatureFilesBangladesh/02_BikeFeature.feature:5)
</div></td></tr></table><p class="totop"><a href="#summary">back to summary</a></p>
<h3 id="m7">GB_Webapp.TestRunner.Bangladesh#runScenario</h3><table class="result"><tr class="param"><th>Parameter #1</th><th>Parameter #2</th></tr><tr class="param stripe"><td>&quot;TC_006 Successfully verify bike under New launch icons&quot;</td><td>&quot;HomePage&quot;</td></tr><tr><th colspan="2">Exception</th></tr><tr><td colspan="2"><div class="stacktrace">java.lang.AssertionError: Unable to click element : New Launch icon  --  [[ChromeDriver: chrome on windows (50c3191233544f80e0eb5b2995301fd5)] -&gt; xpath: (//span[normalize-space()=&apos;NEW LAUNCH&apos;])[1]]  --  org.openqa.selenium.ElementClickInterceptedException: element click intercepted: Element &lt;span data-shimmer-effect=&quot;true&quot;&gt;...&lt;/span&gt; is not clickable at point (428, 107). Other element would receive the click: &lt;div class=&quot;modal-popup modal-large book-bike-ride request-callback&quot; id=&quot;requestCallBackModel&quot;&gt;...&lt;/div&gt;
  (Session info: chrome=130.0.6723.92)
Build info: version: &apos;4.13.0&apos;, revision: &apos;ba948ece5b*&apos;
System info: os.name: &apos;Windows 10&apos;, os.arch: &apos;amd64&apos;, os.version: &apos;10.0&apos;, java.version: &apos;17.0.6&apos;
Driver info: org.openqa.selenium.chrome.ChromeDriver
Command: [50c3191233544f80e0eb5b2995301fd5, clickElement {id=f.F0820FAC319528599EB11F4B5FD7207B.d.5D270B7523BCF3BC4068F1BC38F4E9A9.e.379}]
Capabilities {acceptInsecureCerts: false, browserName: chrome, browserVersion: 130.0.6723.92, chrome: {chromedriverVersion: 130.0.6723.91 (53ac07678369..., userDataDir: C:\Users\QA\AppData\Local\T...}, fedcm:accounts: true, goog:chromeOptions: {debuggerAddress: localhost:62644}, networkConnectionEnabled: false, pageLoadStrategy: normal, platformName: windows, proxy: Proxy(), se:cdp: ws://localhost:62644/devtoo..., se:cdpVersion: 130.0.6723.92, setWindowRect: true, strictFileInteractability: false, timeouts: {implicit: 0, pageLoad: 300000, script: 30000}, unhandledPromptBehavior: dismiss and notify, webauthn:extension:credBlob: true, webauthn:extension:largeBlob: true, webauthn:extension:minPinLength: true, webauthn:extension:prf: true, webauthn:virtualAuthenticators: true}
Element: [[ChromeDriver: chrome on windows (50c3191233544f80e0eb5b2995301fd5)] -&gt; xpath: (//span[normalize-space()=&apos;NEW LAUNCH&apos;])[1]]
Session ID: 50c3191233544f80e0eb5b2995301fd5 expected [true] but found [false]
	at org.testng.Assert.fail(Assert.java:110)
	at org.testng.Assert.failNotEquals(Assert.java:1577)
	at org.testng.Assert.assertTrue(Assert.java:56)
	at GB_Webapp.Utility.Library.click(Library.java:40)
	at GB_Webapp.StepDefinition.LoginPageTest.click_on(LoginPageTest.java:205)
	at ✽.Click on &quot;New_launch_icons&quot;(file:///C:/Users/QA/OneDrive/Documents/Azure/Hero_GB_WebApp_UI_Testing_BDD/./FeatureFilesBangladesh/01_LoginFeature.feature:65)
</div></td></tr></table><p class="totop"><a href="#summary">back to summary</a></p>
<h3 id="m8">GB_Webapp.TestRunner.Bangladesh#runScenario</h3><table class="result"><tr class="param"><th>Parameter #1</th><th>Parameter #2</th></tr><tr class="param stripe"><td>&quot;TC_009 Successfully verify bike under Premium icons&quot;</td><td>&quot;HomePage&quot;</td></tr><tr><th colspan="2">Exception</th></tr><tr><td colspan="2"><div class="stacktrace">java.lang.AssertionError: Unable to click element : Product icon  --  [[ChromeDriver: chrome on windows (50c3191233544f80e0eb5b2995301fd5)] -&gt; xpath: //a[normalize-space()=&apos;PRODUCTS&apos;]]  --  org.openqa.selenium.ElementClickInterceptedException: element click intercepted: Element &lt;a class=&quot;nav-link showMegaMenuContainer ps-lg-0 active&quot; href=&quot;javascript:void(0)&quot; aa-data-attr=&quot;track_cta&quot; aria-haspopup=&quot;true&quot; aria-expanded=&quot;false&quot; value=&quot;productsMegaMenu&quot;&gt;...&lt;/a&gt; is not clickable at point (555, 30). Other element would receive the click: &lt;div class=&quot;modal-popup modal-large book-bike-ride request-callback&quot; id=&quot;requestCallBackModel&quot;&gt;...&lt;/div&gt;
  (Session info: chrome=130.0.6723.92)
Build info: version: &apos;4.13.0&apos;, revision: &apos;ba948ece5b*&apos;
System info: os.name: &apos;Windows 10&apos;, os.arch: &apos;amd64&apos;, os.version: &apos;10.0&apos;, java.version: &apos;17.0.6&apos;
Driver info: org.openqa.selenium.chrome.ChromeDriver
Command: [50c3191233544f80e0eb5b2995301fd5, clickElement {id=f.F0820FAC319528599EB11F4B5FD7207B.d.5D270B7523BCF3BC4068F1BC38F4E9A9.e.347}]
Capabilities {acceptInsecureCerts: false, browserName: chrome, browserVersion: 130.0.6723.92, chrome: {chromedriverVersion: 130.0.6723.91 (53ac07678369..., userDataDir: C:\Users\QA\AppData\Local\T...}, fedcm:accounts: true, goog:chromeOptions: {debuggerAddress: localhost:62644}, networkConnectionEnabled: false, pageLoadStrategy: normal, platformName: windows, proxy: Proxy(), se:cdp: ws://localhost:62644/devtoo..., se:cdpVersion: 130.0.6723.92, setWindowRect: true, strictFileInteractability: false, timeouts: {implicit: 0, pageLoad: 300000, script: 30000}, unhandledPromptBehavior: dismiss and notify, webauthn:extension:credBlob: true, webauthn:extension:largeBlob: true, webauthn:extension:minPinLength: true, webauthn:extension:prf: true, webauthn:virtualAuthenticators: true}
Element: [[ChromeDriver: chrome on windows (50c3191233544f80e0eb5b2995301fd5)] -&gt; xpath: //a[normalize-space()=&apos;PRODUCTS&apos;]]
Session ID: 50c3191233544f80e0eb5b2995301fd5 expected [true] but found [false]
	at org.testng.Assert.fail(Assert.java:110)
	at org.testng.Assert.failNotEquals(Assert.java:1577)
	at org.testng.Assert.assertTrue(Assert.java:56)
	at GB_Webapp.Utility.Library.click(Library.java:40)
	at GB_Webapp.StepDefinition.LoginPageTest.click_on(LoginPageTest.java:188)
	at ✽.Click on &quot;Product&quot;(file:///C:/Users/QA/OneDrive/Documents/Azure/Hero_GB_WebApp_UI_Testing_BDD/./FeatureFilesBangladesh/01_LoginFeature.feature:100)
</div></td></tr></table><p class="totop"><a href="#summary">back to summary</a></p>
<h3 id="m9">GB_Webapp.TestRunner.Bangladesh#runScenario</h3><table class="result"><tr class="param"><th>Parameter #1</th><th>Parameter #2</th></tr><tr class="param stripe"><td>&quot;TC_007 Successfully verify bike under Commuter icons&quot;</td><td>&quot;HomePage&quot;</td></tr><tr><th colspan="2">Exception</th></tr><tr><td colspan="2"><div class="stacktrace">java.lang.AssertionError: Unable to click element : Product icon  --  [[ChromeDriver: chrome on windows (50c3191233544f80e0eb5b2995301fd5)] -&gt; xpath: //a[normalize-space()=&apos;PRODUCTS&apos;]]  --  org.openqa.selenium.ElementClickInterceptedException: element click intercepted: Element &lt;a class=&quot;nav-link showMegaMenuContainer ps-lg-0 active&quot; href=&quot;javascript:void(0)&quot; aa-data-attr=&quot;track_cta&quot; aria-haspopup=&quot;true&quot; aria-expanded=&quot;false&quot; value=&quot;productsMegaMenu&quot;&gt;...&lt;/a&gt; is not clickable at point (555, 30). Other element would receive the click: &lt;div class=&quot;modal-popup modal-large book-bike-ride request-callback&quot; id=&quot;requestCallBackModel&quot;&gt;...&lt;/div&gt;
  (Session info: chrome=130.0.6723.92)
Build info: version: &apos;4.13.0&apos;, revision: &apos;ba948ece5b*&apos;
System info: os.name: &apos;Windows 10&apos;, os.arch: &apos;amd64&apos;, os.version: &apos;10.0&apos;, java.version: &apos;17.0.6&apos;
Driver info: org.openqa.selenium.chrome.ChromeDriver
Command: [50c3191233544f80e0eb5b2995301fd5, clickElement {id=f.F0820FAC319528599EB11F4B5FD7207B.d.5D270B7523BCF3BC4068F1BC38F4E9A9.e.347}]
Capabilities {acceptInsecureCerts: false, browserName: chrome, browserVersion: 130.0.6723.92, chrome: {chromedriverVersion: 130.0.6723.91 (53ac07678369..., userDataDir: C:\Users\QA\AppData\Local\T...}, fedcm:accounts: true, goog:chromeOptions: {debuggerAddress: localhost:62644}, networkConnectionEnabled: false, pageLoadStrategy: normal, platformName: windows, proxy: Proxy(), se:cdp: ws://localhost:62644/devtoo..., se:cdpVersion: 130.0.6723.92, setWindowRect: true, strictFileInteractability: false, timeouts: {implicit: 0, pageLoad: 300000, script: 30000}, unhandledPromptBehavior: dismiss and notify, webauthn:extension:credBlob: true, webauthn:extension:largeBlob: true, webauthn:extension:minPinLength: true, webauthn:extension:prf: true, webauthn:virtualAuthenticators: true}
Element: [[ChromeDriver: chrome on windows (50c3191233544f80e0eb5b2995301fd5)] -&gt; xpath: //a[normalize-space()=&apos;PRODUCTS&apos;]]
Session ID: 50c3191233544f80e0eb5b2995301fd5 expected [true] but found [false]
	at org.testng.Assert.fail(Assert.java:110)
	at org.testng.Assert.failNotEquals(Assert.java:1577)
	at org.testng.Assert.assertTrue(Assert.java:56)
	at GB_Webapp.Utility.Library.click(Library.java:40)
	at GB_Webapp.StepDefinition.LoginPageTest.click_on(LoginPageTest.java:188)
	at ✽.Click on &quot;Product&quot;(file:///C:/Users/QA/OneDrive/Documents/Azure/Hero_GB_WebApp_UI_Testing_BDD/./FeatureFilesBangladesh/01_LoginFeature.feature:72)
</div></td></tr></table><p class="totop"><a href="#summary">back to summary</a></p>
<h3 id="m10">GB_Webapp.TestRunner.Bangladesh#runScenario</h3><table class="result"><tr class="param"><th>Parameter #1</th><th>Parameter #2</th></tr><tr class="param stripe"><td>&quot;TC_001 Successfully click on About Hero icon&quot;</td><td>&quot;AboutHero&quot;</td></tr><tr><th colspan="2">Exception</th></tr><tr><td colspan="2"><div class="stacktrace">java.lang.AssertionError: Unable to click element : About hero icon  --  [[ChromeDriver: chrome on windows (50c3191233544f80e0eb5b2995301fd5)] -&gt; xpath: //a[normalize-space()=&apos;ABOUT HERO&apos;]]  --  org.openqa.selenium.ElementClickInterceptedException: element click intercepted: Element &lt;a class=&quot;nav-link showMegaMenuContainer active&quot; href=&quot;javascript:void(0)&quot; aa-data-attr=&quot;track_cta&quot; aria-haspopup=&quot;true&quot; aria-expanded=&quot;false&quot; value=&quot;aboutMegaMenu&quot;&gt;...&lt;/a&gt; is not clickable at point (1007, 30). Other element would receive the click: &lt;div class=&quot;modal-popup modal-large book-bike-ride request-callback&quot; id=&quot;requestCallBackModel&quot;&gt;...&lt;/div&gt;
  (Session info: chrome=130.0.6723.92)
Build info: version: &apos;4.13.0&apos;, revision: &apos;ba948ece5b*&apos;
System info: os.name: &apos;Windows 10&apos;, os.arch: &apos;amd64&apos;, os.version: &apos;10.0&apos;, java.version: &apos;17.0.6&apos;
Driver info: org.openqa.selenium.chrome.ChromeDriver
Command: [50c3191233544f80e0eb5b2995301fd5, clickElement {id=f.FC36F8A4E3E76BD45919269C1B7DA50E.d.7DE1D6589D10C7332BA43DA27FFD4987.e.3301}]
Capabilities {acceptInsecureCerts: false, browserName: chrome, browserVersion: 130.0.6723.92, chrome: {chromedriverVersion: 130.0.6723.91 (53ac07678369..., userDataDir: C:\Users\QA\AppData\Local\T...}, fedcm:accounts: true, goog:chromeOptions: {debuggerAddress: localhost:62644}, networkConnectionEnabled: false, pageLoadStrategy: normal, platformName: windows, proxy: Proxy(), se:cdp: ws://localhost:62644/devtoo..., se:cdpVersion: 130.0.6723.92, setWindowRect: true, strictFileInteractability: false, timeouts: {implicit: 0, pageLoad: 300000, script: 30000}, unhandledPromptBehavior: dismiss and notify, webauthn:extension:credBlob: true, webauthn:extension:largeBlob: true, webauthn:extension:minPinLength: true, webauthn:extension:prf: true, webauthn:virtualAuthenticators: true}
Element: [[ChromeDriver: chrome on windows (50c3191233544f80e0eb5b2995301fd5)] -&gt; xpath: //a[normalize-space()=&apos;ABOUT HERO&apos;]]
Session ID: 50c3191233544f80e0eb5b2995301fd5 expected [true] but found [false]
	at org.testng.Assert.fail(Assert.java:110)
	at org.testng.Assert.failNotEquals(Assert.java:1577)
	at org.testng.Assert.assertTrue(Assert.java:56)
	at GB_Webapp.Utility.Library.click(Library.java:40)
	at GB_Webapp.StepDefinition.AboutHeroTest.click_on_about_niloy_bangladesh_ltd_icon(AboutHeroTest.java:29)
	at ✽.Click on About Niloy Bangladesh Ltd icon(file:///C:/Users/QA/OneDrive/Documents/Azure/Hero_GB_WebApp_UI_Testing_BDD/./FeatureFilesBangladesh/05_AboutHero.feature:11)
</div></td></tr></table><p class="totop"><a href="#summary">back to summary</a></p>
<h3 id="m11">GB_Webapp.TestRunner.Bangladesh#runScenario</h3><table class="result"><tr class="param"><th>Parameter #1</th><th>Parameter #2</th></tr><tr class="param stripe"><td>&quot;TC_003 Successfully verify all tabbar icons&quot;</td><td>&quot;HomePage&quot;</td></tr></table><p class="totop"><a href="#summary">back to summary</a></p>
<h3 id="m12">GB_Webapp.TestRunner.Bangladesh#runScenario</h3><table class="result"><tr class="param"><th>Parameter #1</th><th>Parameter #2</th></tr><tr class="param stripe"><td>&quot;TC_001 Successfully click on dealers icon&quot;</td><td>&quot;Service&quot;</td></tr></table><p class="totop"><a href="#summary">back to summary</a></p>
<h3 id="m13">GB_Webapp.TestRunner.Bangladesh#runScenario</h3><table class="result"><tr class="param"><th>Parameter #1</th><th>Parameter #2</th></tr><tr class="param stripe"><td>&quot;Successfully verify &quot;Pleasure&quot; bike feature under &quot;Scooter&quot; icon&quot;</td><td>&quot;Bangladesh BikeFeature&quot;</td></tr></table><p class="totop"><a href="#summary">back to summary</a></p>
<h3 id="m14">GB_Webapp.TestRunner.Bangladesh#runScenario</h3><table class="result"><tr class="param"><th>Parameter #1</th><th>Parameter #2</th></tr><tr class="param stripe"><td>&quot;TC_002 Successfully click on service icon&quot;</td><td>&quot;Service&quot;</td></tr></table><p class="totop"><a href="#summary">back to summary</a></p>
<h3 id="m15">GB_Webapp.TestRunner.Bangladesh#runScenario</h3><table class="result"><tr class="param"><th>Parameter #1</th><th>Parameter #2</th></tr><tr class="param stripe"><td>&quot;Successfully verify &quot;Passion_XPRO&quot; bike feature under &quot;commuter&quot; icon&quot;</td><td>&quot;Bangladesh BikeFeature&quot;</td></tr></table><p class="totop"><a href="#summary">back to summary</a></p>
<h3 id="m16">GB_Webapp.TestRunner.Bangladesh#runScenario</h3><table class="result"><tr class="param"><th>Parameter #1</th><th>Parameter #2</th></tr><tr class="param stripe"><td>&quot;Successfully verify &quot;Glamour&quot; bike feature under &quot;executive&quot; icon&quot;</td><td>&quot;Bangladesh BikeFeature&quot;</td></tr></table><p class="totop"><a href="#summary">back to summary</a></p>
<h3 id="m17">GB_Webapp.TestRunner.Bangladesh#runScenario</h3><table class="result"><tr class="param"><th>Parameter #1</th><th>Parameter #2</th></tr><tr class="param stripe"><td>&quot;TC_001 Successfully click on Hero world icon&quot;</td><td>&quot;HeroWorld&quot;</td></tr></table><p class="totop"><a href="#summary">back to summary</a></p>
<h3 id="m18">GB_Webapp.TestRunner.Bangladesh#runScenario</h3><table class="result"><tr class="param"><th>Parameter #1</th><th>Parameter #2</th></tr><tr class="param stripe"><td>&quot;TC_004 Successfully verify all product image icons&quot;</td><td>&quot;HomePage&quot;</td></tr></table><p class="totop"><a href="#summary">back to summary</a></p>
<h3 id="m19">GB_Webapp.TestRunner.Bangladesh#runScenario</h3><table class="result"><tr class="param"><th>Parameter #1</th><th>Parameter #2</th></tr><tr class="param stripe"><td>&quot;Successfully verify &quot;Hf_Deluxe&quot; bike feature under &quot;commuter&quot; icon&quot;</td><td>&quot;Bangladesh BikeFeature&quot;</td></tr></table><p class="totop"><a href="#summary">back to summary</a></p>
<h3 id="m20">GB_Webapp.TestRunner.Bangladesh#runScenario</h3><table class="result"><tr class="param"><th>Parameter #1</th><th>Parameter #2</th></tr><tr class="param stripe"><td>&quot;TC_002 Successfully open bangladesh global website link&quot;</td><td>&quot;HomePage&quot;</td></tr></table><p class="totop"><a href="#summary">back to summary</a></p>
<h3 id="m21">GB_Webapp.TestRunner.Bangladesh#runScenario</h3><table class="result"><tr class="param"><th>Parameter #1</th><th>Parameter #2</th></tr><tr class="param stripe"><td>&quot;Successfully verify &quot;MAESTRO_EDGE_XTEC&quot; bike feature under &quot;Scooter&quot; icon&quot;</td><td>&quot;Bangladesh BikeFeature&quot;</td></tr></table><p class="totop"><a href="#summary">back to summary</a></p>
<h3 id="m22">GB_Webapp.TestRunner.Bangladesh#runScenario</h3><table class="result"><tr class="param"><th>Parameter #1</th><th>Parameter #2</th></tr><tr class="param stripe"><td>&quot;Successfully verify &quot;Ignitor_techno&quot; bike feature under &quot;executive&quot; icon&quot;</td><td>&quot;Bangladesh BikeFeature&quot;</td></tr></table><p class="totop"><a href="#summary">back to summary</a></p>
<h3 id="m23">GB_Webapp.TestRunner.Bangladesh#runScenario</h3><table class="result"><tr class="param"><th>Parameter #1</th><th>Parameter #2</th></tr><tr class="param stripe"><td>&quot;TC_001 Successfully open global website link&quot;</td><td>&quot;HomePage&quot;</td></tr></table><p class="totop"><a href="#summary">back to summary</a></p>
<h3 id="m24">GB_Webapp.TestRunner.Bangladesh#runScenario</h3><table class="result"><tr class="param"><th>Parameter #1</th><th>Parameter #2</th></tr><tr class="param stripe"><td>&quot;Successfully verify &quot;Thriller_160R_4V&quot; bike feature under &quot;Premium&quot; icon&quot;</td><td>&quot;Bangladesh BikeFeature&quot;</td></tr></table><p class="totop"><a href="#summary">back to summary</a></p>
<h3 id="m25">GB_Webapp.TestRunner.Bangladesh#runScenario</h3><table class="result"><tr class="param"><th>Parameter #1</th><th>Parameter #2</th></tr><tr class="param stripe"><td>&quot;Successfully verify &quot;Splendor+SE&quot; bike feature under &quot;commuter&quot; icon&quot;</td><td>&quot;Bangladesh BikeFeature&quot;</td></tr></table><p class="totop"><a href="#summary">back to summary</a></p>
<h3 id="m26">GB_Webapp.TestRunner.Bangladesh#runScenario</h3><table class="result"><tr class="param"><th>Parameter #1</th><th>Parameter #2</th></tr><tr class="param stripe"><td>&quot;Successfully verify &quot;Hunk_150R&quot; bike feature under &quot;Premium&quot; icon&quot;</td><td>&quot;Bangladesh BikeFeature&quot;</td></tr></table><p class="totop"><a href="#summary">back to summary</a></p>
<h3 id="m27">GB_Webapp.TestRunner.Bangladesh#runScenario</h3><table class="result"><tr class="param"><th>Parameter #1</th><th>Parameter #2</th></tr><tr class="param stripe"><td>&quot;TC_005 Successfully verify product icons&quot;</td><td>&quot;HomePage&quot;</td></tr></table><p class="totop"><a href="#summary">back to summary</a></p>
</body>
</html>
