<!DOCTYPE html>

<html>
  <head>
  <meta charset='utf-8'>
  <title>TestNG reports</title>

    <link type="text/css" href="testng-reports1.css" rel="stylesheet" id="ultra" />
    <link type="text/css" href="testng-reports.css" rel="stylesheet" id="retro" disabled="false"/>
    <script type="text/javascript" src="jquery-3.6.0.min.js"></script>
    <script type="text/javascript" src="testng-reports.js"></script>
    <script type="text/javascript" src="https://www.google.com/jsapi"></script>
    <script type='text/javascript'>
      google.load('visualization', '1', {packages:['table']});
      google.setOnLoadCallback(drawTable);
      var suiteTableInitFunctions = new Array();
      var suiteTableData = new Array();
    </script>
    <!--
      <script type="text/javascript" src="jquery-ui/js/jquery-ui-1.8.16.custom.min.js"></script>
     -->
  </head>

  <body>    <div class="top-banner-root">
      <span class="top-banner-title-font">Test results</span>
      <button id="button" class="button">Switch Retro Theme</button> <!-- button -->
      <br/>
      <span class="top-banner-font-1">1 suite, 11 failed tests</span>
    </div> <!-- top-banner-root -->
    <div class="navigator-root">
      <div class="navigator-suite-header">
        <span>All suites</span>
        <a href="#" title="Collapse/expand all the suites" class="collapse-all-link">
          <img src="collapseall.gif" class="collapse-all-icon">
          </img> <!-- collapse-all-icon -->
        </a> <!-- collapse-all-link -->
      </div> <!-- navigator-suite-header -->
      <div class="suite">
        <div class="rounded-window">
          <div class="suite-header light-rounded-window-top">
            <a href="#" panel-name="suite-Default_suite" class="navigator-link">
              <span class="suite-name border-failed">Default suite</span>
            </a> <!-- navigator-link -->
          </div> <!-- suite-header light-rounded-window-top -->
          <div class="navigator-suite-content">
            <div class="suite-section-title">
              <span>Info</span>
            </div> <!-- suite-section-title -->
            <div class="suite-section-content">
              <ul>
                <li>
                  <a href="#" panel-name="test-xml-Default_suite" class="navigator-link ">
                    <span>C:\Users\QA\AppData\Local\Temp\testng-eclipse-2051873368\testng-customsuite.xml</span>
                  </a> <!-- navigator-link  -->
                </li>
                <li>
                  <a href="#" panel-name="testlist-Default_suite" class="navigator-link ">
                    <span class="test-stats">1 test</span>
                  </a> <!-- navigator-link  -->
                </li>
                <li>
                  <a href="#" panel-name="group-Default_suite" class="navigator-link ">
                    <span>1 group</span>
                  </a> <!-- navigator-link  -->
                </li>
                <li>
                  <a href="#" panel-name="times-Default_suite" class="navigator-link ">
                    <span>Times</span>
                  </a> <!-- navigator-link  -->
                </li>
                <li>
                  <a href="#" panel-name="reporter-Default_suite" class="navigator-link ">
                    <span>Reporter output</span>
                  </a> <!-- navigator-link  -->
                </li>
                <li>
                  <a href="#" panel-name="ignored-methods-Default_suite" class="navigator-link ">
                    <span>Ignored methods</span>
                  </a> <!-- navigator-link  -->
                </li>
                <li>
                  <a href="#" panel-name="chronological-Default_suite" class="navigator-link ">
                    <span>Chronological view</span>
                  </a> <!-- navigator-link  -->
                </li>
              </ul>
            </div> <!-- suite-section-content -->
            <div class="result-section">
              <div class="suite-section-title">
                <span>Results</span>
              </div> <!-- suite-section-title -->
              <div class="suite-section-content">
                <ul>
                  <li>
                    <span class="method-stats">28 methods, 11 failed,   17 passed</span>
                  </li>
                  <li>
                    <span class="method-list-title failed">Failed methods</span>
                    <span class="show-or-hide-methods failed">
                      <a href="#" panel-name="suite-Default_suite" class="hide-methods failed suite-Default_suite"> (hide)</a> <!-- hide-methods failed suite-Default_suite -->
                      <a href="#" panel-name="suite-Default_suite" class="show-methods failed suite-Default_suite"> (show)</a> <!-- show-methods failed suite-Default_suite -->
                    </span>
                    <div class="method-list-content failed suite-Default_suite">
                      <span>
                        <img src="failed.png" width="3%"/>
                        <a href="#" panel-name="suite-Default_suite" title="GB_Webapp.TestRunner.Bangladesh" class="method navigator-link" hash-for-method="runScenario(&quot;TC_008 Successfully verify bike under Executive icons&quot;, &quot;HomePage&quot;)">runScenario("TC_008 Successfully verify bike under Executive icons", "HomePage")</a> <!-- method navigator-link -->
                      </span>
                      <br/>
                      <span>
                        <img src="failed.png" width="3%"/>
                        <a href="#" panel-name="suite-Default_suite" title="GB_Webapp.TestRunner.Bangladesh" class="method navigator-link" hash-for-method="runScenario(&quot;Successfully verify &quot;Passion_XPRO_XTEC&quot; bike feature under &quot;commuter&quot; icon&quot;, &quot;Bangladesh BikeFeatur...)">runScenario("Successfully verify "Passion_XPRO_XTEC" bike feature under "commuter" icon", "Bangladesh BikeFeatur...)</a> <!-- method navigator-link -->
                      </span>
                      <br/>
                      <span>
                        <img src="failed.png" width="3%"/>
                        <a href="#" panel-name="suite-Default_suite" title="GB_Webapp.TestRunner.Bangladesh" class="method navigator-link" hash-for-method="runScenario(&quot;Successfully verify &quot;Ignitor_XTEC&quot; bike feature under &quot;executive&quot; icon&quot;, &quot;Bangladesh BikeFeature&quot;)">runScenario("Successfully verify "Ignitor_XTEC" bike feature under "executive" icon", "Bangladesh BikeFeature")</a> <!-- method navigator-link -->
                      </span>
                      <br/>
                      <span>
                        <img src="failed.png" width="3%"/>
                        <a href="#" panel-name="suite-Default_suite" title="GB_Webapp.TestRunner.Bangladesh" class="method navigator-link" hash-for-method="runScenario(&quot;Successfully verify &quot;Hunk_150&quot; bike feature under &quot;Premium&quot; icon&quot;, &quot;Bangladesh BikeFeature&quot;)">runScenario("Successfully verify "Hunk_150" bike feature under "Premium" icon", "Bangladesh BikeFeature")</a> <!-- method navigator-link -->
                      </span>
                      <br/>
                      <span>
                        <img src="failed.png" width="3%"/>
                        <a href="#" panel-name="suite-Default_suite" title="GB_Webapp.TestRunner.Bangladesh" class="method navigator-link" hash-for-method="runScenario(&quot;Successfully verify &quot;Splender+_XTEC&quot; bike feature under &quot;commuter&quot; icon&quot;, &quot;Bangladesh BikeFeature&quot;)">runScenario("Successfully verify "Splender+_XTEC" bike feature under "commuter" icon", "Bangladesh BikeFeature")</a> <!-- method navigator-link -->
                      </span>
                      <br/>
                      <span>
                        <img src="failed.png" width="3%"/>
                        <a href="#" panel-name="suite-Default_suite" title="GB_Webapp.TestRunner.Bangladesh" class="method navigator-link" hash-for-method="runScenario(&quot;TC_010 Successfully verify bike under Scooter icons&quot;, &quot;HomePage&quot;)">runScenario("TC_010 Successfully verify bike under Scooter icons", "HomePage")</a> <!-- method navigator-link -->
                      </span>
                      <br/>
                      <span>
                        <img src="failed.png" width="3%"/>
                        <a href="#" panel-name="suite-Default_suite" title="GB_Webapp.TestRunner.Bangladesh" class="method navigator-link" hash-for-method="runScenario(&quot;Successfully verify &quot;Thriller_160R&quot; bike feature under &quot;Premium&quot; icon&quot;, &quot;Bangladesh BikeFeature&quot;)">runScenario("Successfully verify "Thriller_160R" bike feature under "Premium" icon", "Bangladesh BikeFeature")</a> <!-- method navigator-link -->
                      </span>
                      <br/>
                      <span>
                        <img src="failed.png" width="3%"/>
                        <a href="#" panel-name="suite-Default_suite" title="GB_Webapp.TestRunner.Bangladesh" class="method navigator-link" hash-for-method="runScenario(&quot;TC_006 Successfully verify bike under New launch icons&quot;, &quot;HomePage&quot;)">runScenario("TC_006 Successfully verify bike under New launch icons", "HomePage")</a> <!-- method navigator-link -->
                      </span>
                      <br/>
                      <span>
                        <img src="failed.png" width="3%"/>
                        <a href="#" panel-name="suite-Default_suite" title="GB_Webapp.TestRunner.Bangladesh" class="method navigator-link" hash-for-method="runScenario(&quot;TC_009 Successfully verify bike under Premium icons&quot;, &quot;HomePage&quot;)">runScenario("TC_009 Successfully verify bike under Premium icons", "HomePage")</a> <!-- method navigator-link -->
                      </span>
                      <br/>
                      <span>
                        <img src="failed.png" width="3%"/>
                        <a href="#" panel-name="suite-Default_suite" title="GB_Webapp.TestRunner.Bangladesh" class="method navigator-link" hash-for-method="runScenario(&quot;TC_007 Successfully verify bike under Commuter icons&quot;, &quot;HomePage&quot;)">runScenario("TC_007 Successfully verify bike under Commuter icons", "HomePage")</a> <!-- method navigator-link -->
                      </span>
                      <br/>
                      <span>
                        <img src="failed.png" width="3%"/>
                        <a href="#" panel-name="suite-Default_suite" title="GB_Webapp.TestRunner.Bangladesh" class="method navigator-link" hash-for-method="runScenario(&quot;TC_001 Successfully click on About Hero icon&quot;, &quot;AboutHero&quot;)">runScenario("TC_001 Successfully click on About Hero icon", "AboutHero")</a> <!-- method navigator-link -->
                      </span>
                      <br/>
                    </div> <!-- method-list-content failed suite-Default_suite -->
                  </li>
                  <li>
                    <span class="method-list-title passed">Passed methods</span>
                    <span class="show-or-hide-methods passed">
                      <a href="#" panel-name="suite-Default_suite" class="hide-methods passed suite-Default_suite"> (hide)</a> <!-- hide-methods passed suite-Default_suite -->
                      <a href="#" panel-name="suite-Default_suite" class="show-methods passed suite-Default_suite"> (show)</a> <!-- show-methods passed suite-Default_suite -->
                    </span>
                    <div class="method-list-content passed suite-Default_suite">
                      <span>
                        <img src="passed.png" width="3%"/>
                        <a href="#" panel-name="suite-Default_suite" title="GB_Webapp.TestRunner.Bangladesh" class="method navigator-link" hash-for-method="runScenario(&quot;TC_003 Successfully verify all tabbar icons&quot;, &quot;HomePage&quot;)">runScenario("TC_003 Successfully verify all tabbar icons", "HomePage")</a> <!-- method navigator-link -->
                      </span>
                      <br/>
                      <span>
                        <img src="passed.png" width="3%"/>
                        <a href="#" panel-name="suite-Default_suite" title="GB_Webapp.TestRunner.Bangladesh" class="method navigator-link" hash-for-method="runScenario(&quot;TC_001 Successfully click on dealers icon&quot;, &quot;Service&quot;)">runScenario("TC_001 Successfully click on dealers icon", "Service")</a> <!-- method navigator-link -->
                      </span>
                      <br/>
                      <span>
                        <img src="passed.png" width="3%"/>
                        <a href="#" panel-name="suite-Default_suite" title="GB_Webapp.TestRunner.Bangladesh" class="method navigator-link" hash-for-method="runScenario(&quot;Successfully verify &quot;Pleasure&quot; bike feature under &quot;Scooter&quot; icon&quot;, &quot;Bangladesh BikeFeature&quot;)">runScenario("Successfully verify "Pleasure" bike feature under "Scooter" icon", "Bangladesh BikeFeature")</a> <!-- method navigator-link -->
                      </span>
                      <br/>
                      <span>
                        <img src="passed.png" width="3%"/>
                        <a href="#" panel-name="suite-Default_suite" title="GB_Webapp.TestRunner.Bangladesh" class="method navigator-link" hash-for-method="runScenario(&quot;TC_002 Successfully click on service icon&quot;, &quot;Service&quot;)">runScenario("TC_002 Successfully click on service icon", "Service")</a> <!-- method navigator-link -->
                      </span>
                      <br/>
                      <span>
                        <img src="passed.png" width="3%"/>
                        <a href="#" panel-name="suite-Default_suite" title="GB_Webapp.TestRunner.Bangladesh" class="method navigator-link" hash-for-method="runScenario(&quot;Successfully verify &quot;Passion_XPRO&quot; bike feature under &quot;commuter&quot; icon&quot;, &quot;Bangladesh BikeFeature&quot;)">runScenario("Successfully verify "Passion_XPRO" bike feature under "commuter" icon", "Bangladesh BikeFeature")</a> <!-- method navigator-link -->
                      </span>
                      <br/>
                      <span>
                        <img src="passed.png" width="3%"/>
                        <a href="#" panel-name="suite-Default_suite" title="GB_Webapp.TestRunner.Bangladesh" class="method navigator-link" hash-for-method="runScenario(&quot;Successfully verify &quot;Glamour&quot; bike feature under &quot;executive&quot; icon&quot;, &quot;Bangladesh BikeFeature&quot;)">runScenario("Successfully verify "Glamour" bike feature under "executive" icon", "Bangladesh BikeFeature")</a> <!-- method navigator-link -->
                      </span>
                      <br/>
                      <span>
                        <img src="passed.png" width="3%"/>
                        <a href="#" panel-name="suite-Default_suite" title="GB_Webapp.TestRunner.Bangladesh" class="method navigator-link" hash-for-method="runScenario(&quot;TC_001 Successfully click on Hero world icon&quot;, &quot;HeroWorld&quot;)">runScenario("TC_001 Successfully click on Hero world icon", "HeroWorld")</a> <!-- method navigator-link -->
                      </span>
                      <br/>
                      <span>
                        <img src="passed.png" width="3%"/>
                        <a href="#" panel-name="suite-Default_suite" title="GB_Webapp.TestRunner.Bangladesh" class="method navigator-link" hash-for-method="runScenario(&quot;TC_004 Successfully verify all product image icons&quot;, &quot;HomePage&quot;)">runScenario("TC_004 Successfully verify all product image icons", "HomePage")</a> <!-- method navigator-link -->
                      </span>
                      <br/>
                      <span>
                        <img src="passed.png" width="3%"/>
                        <a href="#" panel-name="suite-Default_suite" title="GB_Webapp.TestRunner.Bangladesh" class="method navigator-link" hash-for-method="runScenario(&quot;Successfully verify &quot;Hf_Deluxe&quot; bike feature under &quot;commuter&quot; icon&quot;, &quot;Bangladesh BikeFeature&quot;)">runScenario("Successfully verify "Hf_Deluxe" bike feature under "commuter" icon", "Bangladesh BikeFeature")</a> <!-- method navigator-link -->
                      </span>
                      <br/>
                      <span>
                        <img src="passed.png" width="3%"/>
                        <a href="#" panel-name="suite-Default_suite" title="GB_Webapp.TestRunner.Bangladesh" class="method navigator-link" hash-for-method="runScenario(&quot;TC_002 Successfully open bangladesh global website link&quot;, &quot;HomePage&quot;)">runScenario("TC_002 Successfully open bangladesh global website link", "HomePage")</a> <!-- method navigator-link -->
                      </span>
                      <br/>
                      <span>
                        <img src="passed.png" width="3%"/>
                        <a href="#" panel-name="suite-Default_suite" title="GB_Webapp.TestRunner.Bangladesh" class="method navigator-link" hash-for-method="runScenario(&quot;Successfully verify &quot;MAESTRO_EDGE_XTEC&quot; bike feature under &quot;Scooter&quot; icon&quot;, &quot;Bangladesh BikeFeature...)">runScenario("Successfully verify "MAESTRO_EDGE_XTEC" bike feature under "Scooter" icon", "Bangladesh BikeFeature...)</a> <!-- method navigator-link -->
                      </span>
                      <br/>
                      <span>
                        <img src="passed.png" width="3%"/>
                        <a href="#" panel-name="suite-Default_suite" title="GB_Webapp.TestRunner.Bangladesh" class="method navigator-link" hash-for-method="runScenario(&quot;Successfully verify &quot;Ignitor_techno&quot; bike feature under &quot;executive&quot; icon&quot;, &quot;Bangladesh BikeFeature&quot;)">runScenario("Successfully verify "Ignitor_techno" bike feature under "executive" icon", "Bangladesh BikeFeature")</a> <!-- method navigator-link -->
                      </span>
                      <br/>
                      <span>
                        <img src="passed.png" width="3%"/>
                        <a href="#" panel-name="suite-Default_suite" title="GB_Webapp.TestRunner.Bangladesh" class="method navigator-link" hash-for-method="runScenario(&quot;TC_001 Successfully open global website link&quot;, &quot;HomePage&quot;)">runScenario("TC_001 Successfully open global website link", "HomePage")</a> <!-- method navigator-link -->
                      </span>
                      <br/>
                      <span>
                        <img src="passed.png" width="3%"/>
                        <a href="#" panel-name="suite-Default_suite" title="GB_Webapp.TestRunner.Bangladesh" class="method navigator-link" hash-for-method="runScenario(&quot;Successfully verify &quot;Thriller_160R_4V&quot; bike feature under &quot;Premium&quot; icon&quot;, &quot;Bangladesh BikeFeature&quot;)">runScenario("Successfully verify "Thriller_160R_4V" bike feature under "Premium" icon", "Bangladesh BikeFeature")</a> <!-- method navigator-link -->
                      </span>
                      <br/>
                      <span>
                        <img src="passed.png" width="3%"/>
                        <a href="#" panel-name="suite-Default_suite" title="GB_Webapp.TestRunner.Bangladesh" class="method navigator-link" hash-for-method="runScenario(&quot;Successfully verify &quot;Splendor+SE&quot; bike feature under &quot;commuter&quot; icon&quot;, &quot;Bangladesh BikeFeature&quot;)">runScenario("Successfully verify "Splendor+SE" bike feature under "commuter" icon", "Bangladesh BikeFeature")</a> <!-- method navigator-link -->
                      </span>
                      <br/>
                      <span>
                        <img src="passed.png" width="3%"/>
                        <a href="#" panel-name="suite-Default_suite" title="GB_Webapp.TestRunner.Bangladesh" class="method navigator-link" hash-for-method="runScenario(&quot;Successfully verify &quot;Hunk_150R&quot; bike feature under &quot;Premium&quot; icon&quot;, &quot;Bangladesh BikeFeature&quot;)">runScenario("Successfully verify "Hunk_150R" bike feature under "Premium" icon", "Bangladesh BikeFeature")</a> <!-- method navigator-link -->
                      </span>
                      <br/>
                      <span>
                        <img src="passed.png" width="3%"/>
                        <a href="#" panel-name="suite-Default_suite" title="GB_Webapp.TestRunner.Bangladesh" class="method navigator-link" hash-for-method="runScenario(&quot;TC_005 Successfully verify product icons&quot;, &quot;HomePage&quot;)">runScenario("TC_005 Successfully verify product icons", "HomePage")</a> <!-- method navigator-link -->
                      </span>
                      <br/>
                    </div> <!-- method-list-content passed suite-Default_suite -->
                  </li>
                </ul>
              </div> <!-- suite-section-content -->
            </div> <!-- result-section -->
          </div> <!-- navigator-suite-content -->
        </div> <!-- rounded-window -->
      </div> <!-- suite -->
    </div> <!-- navigator-root -->
    <div class="wrapper">
      <div class="main-panel-root">
        <div panel-name="suite-Default_suite" class="panel Default_suite">
          <div class="suite-Default_suite-class-failed">
            <div class="main-panel-header rounded-window-top">
              <img src="failed.png"/>
              <span class="class-name">GB_Webapp.TestRunner.Bangladesh</span>
            </div> <!-- main-panel-header rounded-window-top -->
            <div class="main-panel-content rounded-window-bottom">
              <div class="method">
                <div class="method-content">
                  <a name="runScenario(&quot;TC_008 Successfully verify bike under Executive icons&quot;, &quot;HomePage&quot;)">
                  </a> <!-- runScenario("TC_008 Successfully verify bike under Executive icons", "HomePage") -->
                  <span class="method-name">runScenario</span>
                  <span class="parameters">("TC_008 Successfully verify bike under Executive icons","HomePage")</span>
                  <div class="stack-trace">java.lang.AssertionError: Unable to click element : Product icon  --  [[ChromeDriver: chrome on windows (50c3191233544f80e0eb5b2995301fd5)] -&gt; xpath: //a[normalize-space()=&apos;PRODUCTS&apos;]]  --  org.openqa.selenium.ElementClickInterceptedException: element click intercepted: Element &lt;a class=&quot;nav-link showMegaMenuContainer ps-lg-0 active&quot; href=&quot;javascript:void(0)&quot; aa-data-attr=&quot;track_cta&quot; aria-haspopup=&quot;true&quot; aria-expanded=&quot;false&quot; value=&quot;productsMegaMenu&quot;&gt;...&lt;/a&gt; is not clickable at point (555, 30). Other element would receive the click: &lt;div class=&quot;modal-popup modal-large book-bike-ride request-callback&quot; id=&quot;requestCallBackModel&quot;&gt;...&lt;/div&gt;
  (Session info: chrome=130.0.6723.92)
Build info: version: &apos;4.13.0&apos;, revision: &apos;ba948ece5b*&apos;
System info: os.name: &apos;Windows 10&apos;, os.arch: &apos;amd64&apos;, os.version: &apos;10.0&apos;, java.version: &apos;17.0.6&apos;
Driver info: org.openqa.selenium.chrome.ChromeDriver
Command: [50c3191233544f80e0eb5b2995301fd5, clickElement {id=f.F0820FAC319528599EB11F4B5FD7207B.d.5D270B7523BCF3BC4068F1BC38F4E9A9.e.347}]
Capabilities {acceptInsecureCerts: false, browserName: chrome, browserVersion: 130.0.6723.92, chrome: {chromedriverVersion: 130.0.6723.91 (53ac07678369..., userDataDir: C:\Users\QA\AppData\Local\T...}, fedcm:accounts: true, goog:chromeOptions: {debuggerAddress: localhost:62644}, networkConnectionEnabled: false, pageLoadStrategy: normal, platformName: windows, proxy: Proxy(), se:cdp: ws://localhost:62644/devtoo..., se:cdpVersion: 130.0.6723.92, setWindowRect: true, strictFileInteractability: false, timeouts: {implicit: 0, pageLoad: 300000, script: 30000}, unhandledPromptBehavior: dismiss and notify, webauthn:extension:credBlob: true, webauthn:extension:largeBlob: true, webauthn:extension:minPinLength: true, webauthn:extension:prf: true, webauthn:virtualAuthenticators: true}
Element: [[ChromeDriver: chrome on windows (50c3191233544f80e0eb5b2995301fd5)] -&gt; xpath: //a[normalize-space()=&apos;PRODUCTS&apos;]]
Session ID: 50c3191233544f80e0eb5b2995301fd5 expected [true] but found [false]
	at org.testng.Assert.fail(Assert.java:110)
	at org.testng.Assert.failNotEquals(Assert.java:1577)
	at org.testng.Assert.assertTrue(Assert.java:56)
	at GB_Webapp.Utility.Library.click(Library.java:40)
	at GB_Webapp.StepDefinition.LoginPageTest.click_on(LoginPageTest.java:188)
	at ✽.Click on &quot;Product&quot;(file:///C:/Users/QA/OneDrive/Documents/Azure/Hero_GB_WebApp_UI_Testing_BDD/./FeatureFilesBangladesh/01_LoginFeature.feature:88)

</div> <!-- stack-trace -->
                  <em>
(Runs Cucumber Scenarios)                  </em>
                </div> <!-- method-content -->
              </div> <!-- method -->
              <div class="method">
                <div class="method-content">
                  <a name="runScenario(&quot;Successfully verify &quot;Passion_XPRO_XTEC&quot; bike feature under &quot;commuter&quot; icon&quot;, &quot;Bangladesh BikeFeatur...)">
                  </a> <!-- runScenario("Successfully verify "Passion_XPRO_XTEC" bike feature under "commuter" icon", "Bangladesh BikeFeatur...) -->
                  <span class="method-name">runScenario</span>
                  <span class="parameters">("Successfully verify "Passion_XPRO_XTEC" bike feature under "commuter" icon","Bangladesh BikeFeature")</span>
                  <div class="stack-trace">java.lang.AssertionError: Unable to click element : Product icon  --  [[ChromeDriver: chrome on windows (50c3191233544f80e0eb5b2995301fd5)] -&gt; xpath: //a[normalize-space()=&apos;PRODUCTS&apos;]]  --  org.openqa.selenium.ElementClickInterceptedException: element click intercepted: Element &lt;a class=&quot;nav-link showMegaMenuContainer ps-lg-0&quot; href=&quot;javascript:void(0)&quot; aa-data-attr=&quot;track_cta&quot; aria-haspopup=&quot;true&quot; aria-expanded=&quot;false&quot; value=&quot;productsMegaMenu&quot;&gt;...&lt;/a&gt; is not clickable at point (553, 30). Other element would receive the click: &lt;div class=&quot;modal-popup modal-large book-bike-ride request-callback&quot; id=&quot;requestCallBackModel&quot;&gt;...&lt;/div&gt;
  (Session info: chrome=130.0.6723.92)
Build info: version: &apos;4.13.0&apos;, revision: &apos;ba948ece5b*&apos;
System info: os.name: &apos;Windows 10&apos;, os.arch: &apos;amd64&apos;, os.version: &apos;10.0&apos;, java.version: &apos;17.0.6&apos;
Driver info: org.openqa.selenium.chrome.ChromeDriver
Command: [50c3191233544f80e0eb5b2995301fd5, clickElement {id=f.328AB2519B5F862BDB17D59F7AB52C25.d.EA8BD085C51E22E2E00D4BA8B4AEB30E.e.984}]
Capabilities {acceptInsecureCerts: false, browserName: chrome, browserVersion: 130.0.6723.92, chrome: {chromedriverVersion: 130.0.6723.91 (53ac07678369..., userDataDir: C:\Users\QA\AppData\Local\T...}, fedcm:accounts: true, goog:chromeOptions: {debuggerAddress: localhost:62644}, networkConnectionEnabled: false, pageLoadStrategy: normal, platformName: windows, proxy: Proxy(), se:cdp: ws://localhost:62644/devtoo..., se:cdpVersion: 130.0.6723.92, setWindowRect: true, strictFileInteractability: false, timeouts: {implicit: 0, pageLoad: 300000, script: 30000}, unhandledPromptBehavior: dismiss and notify, webauthn:extension:credBlob: true, webauthn:extension:largeBlob: true, webauthn:extension:minPinLength: true, webauthn:extension:prf: true, webauthn:virtualAuthenticators: true}
Element: [[ChromeDriver: chrome on windows (50c3191233544f80e0eb5b2995301fd5)] -&gt; xpath: //a[normalize-space()=&apos;PRODUCTS&apos;]]
Session ID: 50c3191233544f80e0eb5b2995301fd5 expected [true] but found [false]
	at org.testng.Assert.fail(Assert.java:110)
	at org.testng.Assert.failNotEquals(Assert.java:1577)
	at org.testng.Assert.assertTrue(Assert.java:56)
	at GB_Webapp.Utility.Library.click(Library.java:40)
	at GB_Webapp.StepDefinition.LoginPageTest.click_on(LoginPageTest.java:188)
	at ✽.Click on &quot;Product&quot;(file:///C:/Users/QA/OneDrive/Documents/Azure/Hero_GB_WebApp_UI_Testing_BDD/./FeatureFilesBangladesh/02_BikeFeature.feature:5)

</div> <!-- stack-trace -->
                  <em>
(Runs Cucumber Scenarios)                  </em>
                </div> <!-- method-content -->
              </div> <!-- method -->
              <div class="method">
                <div class="method-content">
                  <a name="runScenario(&quot;Successfully verify &quot;Ignitor_XTEC&quot; bike feature under &quot;executive&quot; icon&quot;, &quot;Bangladesh BikeFeature&quot;)">
                  </a> <!-- runScenario("Successfully verify "Ignitor_XTEC" bike feature under "executive" icon", "Bangladesh BikeFeature") -->
                  <span class="method-name">runScenario</span>
                  <span class="parameters">("Successfully verify "Ignitor_XTEC" bike feature under "executive" icon","Bangladesh BikeFeature")</span>
                  <div class="stack-trace">java.lang.AssertionError: Unable to click element : Product icon  --  [[ChromeDriver: chrome on windows (50c3191233544f80e0eb5b2995301fd5)] -&gt; xpath: //a[normalize-space()=&apos;PRODUCTS&apos;]]  --  org.openqa.selenium.ElementClickInterceptedException: element click intercepted: Element &lt;a class=&quot;nav-link showMegaMenuContainer ps-lg-0&quot; href=&quot;javascript:void(0)&quot; aa-data-attr=&quot;track_cta&quot; aria-haspopup=&quot;true&quot; aria-expanded=&quot;false&quot; value=&quot;productsMegaMenu&quot;&gt;...&lt;/a&gt; is not clickable at point (553, 29). Other element would receive the click: &lt;div class=&quot;modal-popup modal-large book-bike-ride request-callback&quot; id=&quot;requestCallBackModel&quot;&gt;...&lt;/div&gt;
  (Session info: chrome=130.0.6723.92)
Build info: version: &apos;4.13.0&apos;, revision: &apos;ba948ece5b*&apos;
System info: os.name: &apos;Windows 10&apos;, os.arch: &apos;amd64&apos;, os.version: &apos;10.0&apos;, java.version: &apos;17.0.6&apos;
Driver info: org.openqa.selenium.chrome.ChromeDriver
Command: [50c3191233544f80e0eb5b2995301fd5, clickElement {id=f.C52C088B79890923A4E08DC63650C1F1.d.29A1AD6E7B7186510607C10AD80E6037.e.1374}]
Capabilities {acceptInsecureCerts: false, browserName: chrome, browserVersion: 130.0.6723.92, chrome: {chromedriverVersion: 130.0.6723.91 (53ac07678369..., userDataDir: C:\Users\QA\AppData\Local\T...}, fedcm:accounts: true, goog:chromeOptions: {debuggerAddress: localhost:62644}, networkConnectionEnabled: false, pageLoadStrategy: normal, platformName: windows, proxy: Proxy(), se:cdp: ws://localhost:62644/devtoo..., se:cdpVersion: 130.0.6723.92, setWindowRect: true, strictFileInteractability: false, timeouts: {implicit: 0, pageLoad: 300000, script: 30000}, unhandledPromptBehavior: dismiss and notify, webauthn:extension:credBlob: true, webauthn:extension:largeBlob: true, webauthn:extension:minPinLength: true, webauthn:extension:prf: true, webauthn:virtualAuthenticators: true}
Element: [[ChromeDriver: chrome on windows (50c3191233544f80e0eb5b2995301fd5)] -&gt; xpath: //a[normalize-space()=&apos;PRODUCTS&apos;]]
Session ID: 50c3191233544f80e0eb5b2995301fd5 expected [true] but found [false]
	at org.testng.Assert.fail(Assert.java:110)
	at org.testng.Assert.failNotEquals(Assert.java:1577)
	at org.testng.Assert.assertTrue(Assert.java:56)
	at GB_Webapp.Utility.Library.click(Library.java:40)
	at GB_Webapp.StepDefinition.LoginPageTest.click_on(LoginPageTest.java:188)
	at ✽.Click on &quot;Product&quot;(file:///C:/Users/QA/OneDrive/Documents/Azure/Hero_GB_WebApp_UI_Testing_BDD/./FeatureFilesBangladesh/02_BikeFeature.feature:5)

</div> <!-- stack-trace -->
                  <em>
(Runs Cucumber Scenarios)                  </em>
                </div> <!-- method-content -->
              </div> <!-- method -->
              <div class="method">
                <div class="method-content">
                  <a name="runScenario(&quot;Successfully verify &quot;Hunk_150&quot; bike feature under &quot;Premium&quot; icon&quot;, &quot;Bangladesh BikeFeature&quot;)">
                  </a> <!-- runScenario("Successfully verify "Hunk_150" bike feature under "Premium" icon", "Bangladesh BikeFeature") -->
                  <span class="method-name">runScenario</span>
                  <span class="parameters">("Successfully verify "Hunk_150" bike feature under "Premium" icon","Bangladesh BikeFeature")</span>
                  <div class="stack-trace">java.lang.AssertionError: Unable to click element : Product icon  --  [[ChromeDriver: chrome on windows (50c3191233544f80e0eb5b2995301fd5)] -&gt; xpath: //a[normalize-space()=&apos;PRODUCTS&apos;]]  --  org.openqa.selenium.ElementClickInterceptedException: element click intercepted: Element &lt;a class=&quot;nav-link showMegaMenuContainer ps-lg-0&quot; href=&quot;javascript:void(0)&quot; aa-data-attr=&quot;track_cta&quot; aria-haspopup=&quot;true&quot; aria-expanded=&quot;false&quot; value=&quot;productsMegaMenu&quot;&gt;...&lt;/a&gt; is not clickable at point (553, 30). Other element would receive the click: &lt;div class=&quot;modal-popup modal-large book-bike-ride request-callback&quot; id=&quot;requestCallBackModel&quot;&gt;...&lt;/div&gt;
  (Session info: chrome=130.0.6723.92)
Build info: version: &apos;4.13.0&apos;, revision: &apos;ba948ece5b*&apos;
System info: os.name: &apos;Windows 10&apos;, os.arch: &apos;amd64&apos;, os.version: &apos;10.0&apos;, java.version: &apos;17.0.6&apos;
Driver info: org.openqa.selenium.chrome.ChromeDriver
Command: [50c3191233544f80e0eb5b2995301fd5, clickElement {id=f.7348078180EAA667DA0C5B8FBF87F4AA.d.72A88E4B6A00E62AD49EB07E5FE00B07.e.1617}]
Capabilities {acceptInsecureCerts: false, browserName: chrome, browserVersion: 130.0.6723.92, chrome: {chromedriverVersion: 130.0.6723.91 (53ac07678369..., userDataDir: C:\Users\QA\AppData\Local\T...}, fedcm:accounts: true, goog:chromeOptions: {debuggerAddress: localhost:62644}, networkConnectionEnabled: false, pageLoadStrategy: normal, platformName: windows, proxy: Proxy(), se:cdp: ws://localhost:62644/devtoo..., se:cdpVersion: 130.0.6723.92, setWindowRect: true, strictFileInteractability: false, timeouts: {implicit: 0, pageLoad: 300000, script: 30000}, unhandledPromptBehavior: dismiss and notify, webauthn:extension:credBlob: true, webauthn:extension:largeBlob: true, webauthn:extension:minPinLength: true, webauthn:extension:prf: true, webauthn:virtualAuthenticators: true}
Element: [[ChromeDriver: chrome on windows (50c3191233544f80e0eb5b2995301fd5)] -&gt; xpath: //a[normalize-space()=&apos;PRODUCTS&apos;]]
Session ID: 50c3191233544f80e0eb5b2995301fd5 expected [true] but found [false]
	at org.testng.Assert.fail(Assert.java:110)
	at org.testng.Assert.failNotEquals(Assert.java:1577)
	at org.testng.Assert.assertTrue(Assert.java:56)
	at GB_Webapp.Utility.Library.click(Library.java:40)
	at GB_Webapp.StepDefinition.LoginPageTest.click_on(LoginPageTest.java:188)
	at ✽.Click on &quot;Product&quot;(file:///C:/Users/QA/OneDrive/Documents/Azure/Hero_GB_WebApp_UI_Testing_BDD/./FeatureFilesBangladesh/02_BikeFeature.feature:5)

</div> <!-- stack-trace -->
                  <em>
(Runs Cucumber Scenarios)                  </em>
                </div> <!-- method-content -->
              </div> <!-- method -->
              <div class="method">
                <div class="method-content">
                  <a name="runScenario(&quot;Successfully verify &quot;Splender+_XTEC&quot; bike feature under &quot;commuter&quot; icon&quot;, &quot;Bangladesh BikeFeature&quot;)">
                  </a> <!-- runScenario("Successfully verify "Splender+_XTEC" bike feature under "commuter" icon", "Bangladesh BikeFeature") -->
                  <span class="method-name">runScenario</span>
                  <span class="parameters">("Successfully verify "Splender+_XTEC" bike feature under "commuter" icon","Bangladesh BikeFeature")</span>
                  <div class="stack-trace">java.lang.AssertionError: Unable to click element : Product icon  --  [[ChromeDriver: chrome on windows (50c3191233544f80e0eb5b2995301fd5)] -&gt; xpath: //a[normalize-space()=&apos;PRODUCTS&apos;]]  --  org.openqa.selenium.ElementClickInterceptedException: element click intercepted: Element &lt;a class=&quot;nav-link showMegaMenuContainer ps-lg-0&quot; href=&quot;javascript:void(0)&quot; aa-data-attr=&quot;track_cta&quot; aria-haspopup=&quot;true&quot; aria-expanded=&quot;false&quot; value=&quot;productsMegaMenu&quot;&gt;...&lt;/a&gt; is not clickable at point (553, 28). Other element would receive the click: &lt;div class=&quot;modal-popup modal-large book-bike-ride request-callback&quot; id=&quot;requestCallBackModel&quot;&gt;...&lt;/div&gt;
  (Session info: chrome=130.0.6723.92)
Build info: version: &apos;4.13.0&apos;, revision: &apos;ba948ece5b*&apos;
System info: os.name: &apos;Windows 10&apos;, os.arch: &apos;amd64&apos;, os.version: &apos;10.0&apos;, java.version: &apos;17.0.6&apos;
Driver info: org.openqa.selenium.chrome.ChromeDriver
Command: [50c3191233544f80e0eb5b2995301fd5, clickElement {id=f.AED4D936C5B076E762611393775614BA.d.36E7A476768476E5EFB505D1A2B91034.e.786}]
Capabilities {acceptInsecureCerts: false, browserName: chrome, browserVersion: 130.0.6723.92, chrome: {chromedriverVersion: 130.0.6723.91 (53ac07678369..., userDataDir: C:\Users\QA\AppData\Local\T...}, fedcm:accounts: true, goog:chromeOptions: {debuggerAddress: localhost:62644}, networkConnectionEnabled: false, pageLoadStrategy: normal, platformName: windows, proxy: Proxy(), se:cdp: ws://localhost:62644/devtoo..., se:cdpVersion: 130.0.6723.92, setWindowRect: true, strictFileInteractability: false, timeouts: {implicit: 0, pageLoad: 300000, script: 30000}, unhandledPromptBehavior: dismiss and notify, webauthn:extension:credBlob: true, webauthn:extension:largeBlob: true, webauthn:extension:minPinLength: true, webauthn:extension:prf: true, webauthn:virtualAuthenticators: true}
Element: [[ChromeDriver: chrome on windows (50c3191233544f80e0eb5b2995301fd5)] -&gt; xpath: //a[normalize-space()=&apos;PRODUCTS&apos;]]
Session ID: 50c3191233544f80e0eb5b2995301fd5 expected [true] but found [false]
	at org.testng.Assert.fail(Assert.java:110)
	at org.testng.Assert.failNotEquals(Assert.java:1577)
	at org.testng.Assert.assertTrue(Assert.java:56)
	at GB_Webapp.Utility.Library.click(Library.java:40)
	at GB_Webapp.StepDefinition.LoginPageTest.click_on(LoginPageTest.java:188)
	at ✽.Click on &quot;Product&quot;(file:///C:/Users/QA/OneDrive/Documents/Azure/Hero_GB_WebApp_UI_Testing_BDD/./FeatureFilesBangladesh/02_BikeFeature.feature:5)

</div> <!-- stack-trace -->
                  <em>
(Runs Cucumber Scenarios)                  </em>
                </div> <!-- method-content -->
              </div> <!-- method -->
              <div class="method">
                <div class="method-content">
                  <a name="runScenario(&quot;TC_010 Successfully verify bike under Scooter icons&quot;, &quot;HomePage&quot;)">
                  </a> <!-- runScenario("TC_010 Successfully verify bike under Scooter icons", "HomePage") -->
                  <span class="method-name">runScenario</span>
                  <span class="parameters">("TC_010 Successfully verify bike under Scooter icons","HomePage")</span>
                  <div class="stack-trace">java.lang.AssertionError: Unable to click element : Product icon  --  [[ChromeDriver: chrome on windows (50c3191233544f80e0eb5b2995301fd5)] -&gt; xpath: //a[normalize-space()=&apos;PRODUCTS&apos;]]  --  org.openqa.selenium.ElementClickInterceptedException: element click intercepted: Element &lt;a class=&quot;nav-link showMegaMenuContainer ps-lg-0 active&quot; href=&quot;javascript:void(0)&quot; aa-data-attr=&quot;track_cta&quot; aria-haspopup=&quot;true&quot; aria-expanded=&quot;false&quot; value=&quot;productsMegaMenu&quot;&gt;...&lt;/a&gt; is not clickable at point (555, 30). Other element would receive the click: &lt;div class=&quot;modal-popup modal-large book-bike-ride request-callback&quot; id=&quot;requestCallBackModel&quot;&gt;...&lt;/div&gt;
  (Session info: chrome=130.0.6723.92)
Build info: version: &apos;4.13.0&apos;, revision: &apos;ba948ece5b*&apos;
System info: os.name: &apos;Windows 10&apos;, os.arch: &apos;amd64&apos;, os.version: &apos;10.0&apos;, java.version: &apos;17.0.6&apos;
Driver info: org.openqa.selenium.chrome.ChromeDriver
Command: [50c3191233544f80e0eb5b2995301fd5, clickElement {id=f.F0820FAC319528599EB11F4B5FD7207B.d.5D270B7523BCF3BC4068F1BC38F4E9A9.e.347}]
Capabilities {acceptInsecureCerts: false, browserName: chrome, browserVersion: 130.0.6723.92, chrome: {chromedriverVersion: 130.0.6723.91 (53ac07678369..., userDataDir: C:\Users\QA\AppData\Local\T...}, fedcm:accounts: true, goog:chromeOptions: {debuggerAddress: localhost:62644}, networkConnectionEnabled: false, pageLoadStrategy: normal, platformName: windows, proxy: Proxy(), se:cdp: ws://localhost:62644/devtoo..., se:cdpVersion: 130.0.6723.92, setWindowRect: true, strictFileInteractability: false, timeouts: {implicit: 0, pageLoad: 300000, script: 30000}, unhandledPromptBehavior: dismiss and notify, webauthn:extension:credBlob: true, webauthn:extension:largeBlob: true, webauthn:extension:minPinLength: true, webauthn:extension:prf: true, webauthn:virtualAuthenticators: true}
Element: [[ChromeDriver: chrome on windows (50c3191233544f80e0eb5b2995301fd5)] -&gt; xpath: //a[normalize-space()=&apos;PRODUCTS&apos;]]
Session ID: 50c3191233544f80e0eb5b2995301fd5 expected [true] but found [false]
	at org.testng.Assert.fail(Assert.java:110)
	at org.testng.Assert.failNotEquals(Assert.java:1577)
	at org.testng.Assert.assertTrue(Assert.java:56)
	at GB_Webapp.Utility.Library.click(Library.java:40)
	at GB_Webapp.StepDefinition.LoginPageTest.click_on(LoginPageTest.java:188)
	at ✽.Click on &quot;Product&quot;(file:///C:/Users/QA/OneDrive/Documents/Azure/Hero_GB_WebApp_UI_Testing_BDD/./FeatureFilesBangladesh/01_LoginFeature.feature:114)

</div> <!-- stack-trace -->
                  <em>
(Runs Cucumber Scenarios)                  </em>
                </div> <!-- method-content -->
              </div> <!-- method -->
              <div class="method">
                <div class="method-content">
                  <a name="runScenario(&quot;Successfully verify &quot;Thriller_160R&quot; bike feature under &quot;Premium&quot; icon&quot;, &quot;Bangladesh BikeFeature&quot;)">
                  </a> <!-- runScenario("Successfully verify "Thriller_160R" bike feature under "Premium" icon", "Bangladesh BikeFeature") -->
                  <span class="method-name">runScenario</span>
                  <span class="parameters">("Successfully verify "Thriller_160R" bike feature under "Premium" icon","Bangladesh BikeFeature")</span>
                  <div class="stack-trace">java.lang.AssertionError: Unable to click element : Product icon  --  [[ChromeDriver: chrome on windows (50c3191233544f80e0eb5b2995301fd5)] -&gt; xpath: //a[normalize-space()=&apos;PRODUCTS&apos;]]  --  org.openqa.selenium.ElementClickInterceptedException: element click intercepted: Element &lt;a class=&quot;nav-link showMegaMenuContainer ps-lg-0&quot; href=&quot;javascript:void(0)&quot; aa-data-attr=&quot;track_cta&quot; aria-haspopup=&quot;true&quot; aria-expanded=&quot;false&quot; value=&quot;productsMegaMenu&quot;&gt;...&lt;/a&gt; is not clickable at point (553, 26). Other element would receive the click: &lt;div class=&quot;modal-popup modal-large book-bike-ride request-callback&quot; id=&quot;requestCallBackModel&quot;&gt;...&lt;/div&gt;
  (Session info: chrome=130.0.6723.92)
Build info: version: &apos;4.13.0&apos;, revision: &apos;ba948ece5b*&apos;
System info: os.name: &apos;Windows 10&apos;, os.arch: &apos;amd64&apos;, os.version: &apos;10.0&apos;, java.version: &apos;17.0.6&apos;
Driver info: org.openqa.selenium.chrome.ChromeDriver
Command: [50c3191233544f80e0eb5b2995301fd5, clickElement {id=f.BCE0CBE40EE89E78F58D568F57779763.d.9D1224D1E5F0F67F4D615817F59B32AE.e.1857}]
Capabilities {acceptInsecureCerts: false, browserName: chrome, browserVersion: 130.0.6723.92, chrome: {chromedriverVersion: 130.0.6723.91 (53ac07678369..., userDataDir: C:\Users\QA\AppData\Local\T...}, fedcm:accounts: true, goog:chromeOptions: {debuggerAddress: localhost:62644}, networkConnectionEnabled: false, pageLoadStrategy: normal, platformName: windows, proxy: Proxy(), se:cdp: ws://localhost:62644/devtoo..., se:cdpVersion: 130.0.6723.92, setWindowRect: true, strictFileInteractability: false, timeouts: {implicit: 0, pageLoad: 300000, script: 30000}, unhandledPromptBehavior: dismiss and notify, webauthn:extension:credBlob: true, webauthn:extension:largeBlob: true, webauthn:extension:minPinLength: true, webauthn:extension:prf: true, webauthn:virtualAuthenticators: true}
Element: [[ChromeDriver: chrome on windows (50c3191233544f80e0eb5b2995301fd5)] -&gt; xpath: //a[normalize-space()=&apos;PRODUCTS&apos;]]
Session ID: 50c3191233544f80e0eb5b2995301fd5 expected [true] but found [false]
	at org.testng.Assert.fail(Assert.java:110)
	at org.testng.Assert.failNotEquals(Assert.java:1577)
	at org.testng.Assert.assertTrue(Assert.java:56)
	at GB_Webapp.Utility.Library.click(Library.java:40)
	at GB_Webapp.StepDefinition.LoginPageTest.click_on(LoginPageTest.java:188)
	at ✽.Click on &quot;Product&quot;(file:///C:/Users/QA/OneDrive/Documents/Azure/Hero_GB_WebApp_UI_Testing_BDD/./FeatureFilesBangladesh/02_BikeFeature.feature:5)

</div> <!-- stack-trace -->
                  <em>
(Runs Cucumber Scenarios)                  </em>
                </div> <!-- method-content -->
              </div> <!-- method -->
              <div class="method">
                <div class="method-content">
                  <a name="runScenario(&quot;TC_006 Successfully verify bike under New launch icons&quot;, &quot;HomePage&quot;)">
                  </a> <!-- runScenario("TC_006 Successfully verify bike under New launch icons", "HomePage") -->
                  <span class="method-name">runScenario</span>
                  <span class="parameters">("TC_006 Successfully verify bike under New launch icons","HomePage")</span>
                  <div class="stack-trace">java.lang.AssertionError: Unable to click element : New Launch icon  --  [[ChromeDriver: chrome on windows (50c3191233544f80e0eb5b2995301fd5)] -&gt; xpath: (//span[normalize-space()=&apos;NEW LAUNCH&apos;])[1]]  --  org.openqa.selenium.ElementClickInterceptedException: element click intercepted: Element &lt;span data-shimmer-effect=&quot;true&quot;&gt;...&lt;/span&gt; is not clickable at point (428, 107). Other element would receive the click: &lt;div class=&quot;modal-popup modal-large book-bike-ride request-callback&quot; id=&quot;requestCallBackModel&quot;&gt;...&lt;/div&gt;
  (Session info: chrome=130.0.6723.92)
Build info: version: &apos;4.13.0&apos;, revision: &apos;ba948ece5b*&apos;
System info: os.name: &apos;Windows 10&apos;, os.arch: &apos;amd64&apos;, os.version: &apos;10.0&apos;, java.version: &apos;17.0.6&apos;
Driver info: org.openqa.selenium.chrome.ChromeDriver
Command: [50c3191233544f80e0eb5b2995301fd5, clickElement {id=f.F0820FAC319528599EB11F4B5FD7207B.d.5D270B7523BCF3BC4068F1BC38F4E9A9.e.379}]
Capabilities {acceptInsecureCerts: false, browserName: chrome, browserVersion: 130.0.6723.92, chrome: {chromedriverVersion: 130.0.6723.91 (53ac07678369..., userDataDir: C:\Users\QA\AppData\Local\T...}, fedcm:accounts: true, goog:chromeOptions: {debuggerAddress: localhost:62644}, networkConnectionEnabled: false, pageLoadStrategy: normal, platformName: windows, proxy: Proxy(), se:cdp: ws://localhost:62644/devtoo..., se:cdpVersion: 130.0.6723.92, setWindowRect: true, strictFileInteractability: false, timeouts: {implicit: 0, pageLoad: 300000, script: 30000}, unhandledPromptBehavior: dismiss and notify, webauthn:extension:credBlob: true, webauthn:extension:largeBlob: true, webauthn:extension:minPinLength: true, webauthn:extension:prf: true, webauthn:virtualAuthenticators: true}
Element: [[ChromeDriver: chrome on windows (50c3191233544f80e0eb5b2995301fd5)] -&gt; xpath: (//span[normalize-space()=&apos;NEW LAUNCH&apos;])[1]]
Session ID: 50c3191233544f80e0eb5b2995301fd5 expected [true] but found [false]
	at org.testng.Assert.fail(Assert.java:110)
	at org.testng.Assert.failNotEquals(Assert.java:1577)
	at org.testng.Assert.assertTrue(Assert.java:56)
	at GB_Webapp.Utility.Library.click(Library.java:40)
	at GB_Webapp.StepDefinition.LoginPageTest.click_on(LoginPageTest.java:205)
	at ✽.Click on &quot;New_launch_icons&quot;(file:///C:/Users/QA/OneDrive/Documents/Azure/Hero_GB_WebApp_UI_Testing_BDD/./FeatureFilesBangladesh/01_LoginFeature.feature:65)

</div> <!-- stack-trace -->
                  <em>
(Runs Cucumber Scenarios)                  </em>
                </div> <!-- method-content -->
              </div> <!-- method -->
              <div class="method">
                <div class="method-content">
                  <a name="runScenario(&quot;TC_009 Successfully verify bike under Premium icons&quot;, &quot;HomePage&quot;)">
                  </a> <!-- runScenario("TC_009 Successfully verify bike under Premium icons", "HomePage") -->
                  <span class="method-name">runScenario</span>
                  <span class="parameters">("TC_009 Successfully verify bike under Premium icons","HomePage")</span>
                  <div class="stack-trace">java.lang.AssertionError: Unable to click element : Product icon  --  [[ChromeDriver: chrome on windows (50c3191233544f80e0eb5b2995301fd5)] -&gt; xpath: //a[normalize-space()=&apos;PRODUCTS&apos;]]  --  org.openqa.selenium.ElementClickInterceptedException: element click intercepted: Element &lt;a class=&quot;nav-link showMegaMenuContainer ps-lg-0 active&quot; href=&quot;javascript:void(0)&quot; aa-data-attr=&quot;track_cta&quot; aria-haspopup=&quot;true&quot; aria-expanded=&quot;false&quot; value=&quot;productsMegaMenu&quot;&gt;...&lt;/a&gt; is not clickable at point (555, 30). Other element would receive the click: &lt;div class=&quot;modal-popup modal-large book-bike-ride request-callback&quot; id=&quot;requestCallBackModel&quot;&gt;...&lt;/div&gt;
  (Session info: chrome=130.0.6723.92)
Build info: version: &apos;4.13.0&apos;, revision: &apos;ba948ece5b*&apos;
System info: os.name: &apos;Windows 10&apos;, os.arch: &apos;amd64&apos;, os.version: &apos;10.0&apos;, java.version: &apos;17.0.6&apos;
Driver info: org.openqa.selenium.chrome.ChromeDriver
Command: [50c3191233544f80e0eb5b2995301fd5, clickElement {id=f.F0820FAC319528599EB11F4B5FD7207B.d.5D270B7523BCF3BC4068F1BC38F4E9A9.e.347}]
Capabilities {acceptInsecureCerts: false, browserName: chrome, browserVersion: 130.0.6723.92, chrome: {chromedriverVersion: 130.0.6723.91 (53ac07678369..., userDataDir: C:\Users\QA\AppData\Local\T...}, fedcm:accounts: true, goog:chromeOptions: {debuggerAddress: localhost:62644}, networkConnectionEnabled: false, pageLoadStrategy: normal, platformName: windows, proxy: Proxy(), se:cdp: ws://localhost:62644/devtoo..., se:cdpVersion: 130.0.6723.92, setWindowRect: true, strictFileInteractability: false, timeouts: {implicit: 0, pageLoad: 300000, script: 30000}, unhandledPromptBehavior: dismiss and notify, webauthn:extension:credBlob: true, webauthn:extension:largeBlob: true, webauthn:extension:minPinLength: true, webauthn:extension:prf: true, webauthn:virtualAuthenticators: true}
Element: [[ChromeDriver: chrome on windows (50c3191233544f80e0eb5b2995301fd5)] -&gt; xpath: //a[normalize-space()=&apos;PRODUCTS&apos;]]
Session ID: 50c3191233544f80e0eb5b2995301fd5 expected [true] but found [false]
	at org.testng.Assert.fail(Assert.java:110)
	at org.testng.Assert.failNotEquals(Assert.java:1577)
	at org.testng.Assert.assertTrue(Assert.java:56)
	at GB_Webapp.Utility.Library.click(Library.java:40)
	at GB_Webapp.StepDefinition.LoginPageTest.click_on(LoginPageTest.java:188)
	at ✽.Click on &quot;Product&quot;(file:///C:/Users/QA/OneDrive/Documents/Azure/Hero_GB_WebApp_UI_Testing_BDD/./FeatureFilesBangladesh/01_LoginFeature.feature:100)

</div> <!-- stack-trace -->
                  <em>
(Runs Cucumber Scenarios)                  </em>
                </div> <!-- method-content -->
              </div> <!-- method -->
              <div class="method">
                <div class="method-content">
                  <a name="runScenario(&quot;TC_007 Successfully verify bike under Commuter icons&quot;, &quot;HomePage&quot;)">
                  </a> <!-- runScenario("TC_007 Successfully verify bike under Commuter icons", "HomePage") -->
                  <span class="method-name">runScenario</span>
                  <span class="parameters">("TC_007 Successfully verify bike under Commuter icons","HomePage")</span>
                  <div class="stack-trace">java.lang.AssertionError: Unable to click element : Product icon  --  [[ChromeDriver: chrome on windows (50c3191233544f80e0eb5b2995301fd5)] -&gt; xpath: //a[normalize-space()=&apos;PRODUCTS&apos;]]  --  org.openqa.selenium.ElementClickInterceptedException: element click intercepted: Element &lt;a class=&quot;nav-link showMegaMenuContainer ps-lg-0 active&quot; href=&quot;javascript:void(0)&quot; aa-data-attr=&quot;track_cta&quot; aria-haspopup=&quot;true&quot; aria-expanded=&quot;false&quot; value=&quot;productsMegaMenu&quot;&gt;...&lt;/a&gt; is not clickable at point (555, 30). Other element would receive the click: &lt;div class=&quot;modal-popup modal-large book-bike-ride request-callback&quot; id=&quot;requestCallBackModel&quot;&gt;...&lt;/div&gt;
  (Session info: chrome=130.0.6723.92)
Build info: version: &apos;4.13.0&apos;, revision: &apos;ba948ece5b*&apos;
System info: os.name: &apos;Windows 10&apos;, os.arch: &apos;amd64&apos;, os.version: &apos;10.0&apos;, java.version: &apos;17.0.6&apos;
Driver info: org.openqa.selenium.chrome.ChromeDriver
Command: [50c3191233544f80e0eb5b2995301fd5, clickElement {id=f.F0820FAC319528599EB11F4B5FD7207B.d.5D270B7523BCF3BC4068F1BC38F4E9A9.e.347}]
Capabilities {acceptInsecureCerts: false, browserName: chrome, browserVersion: 130.0.6723.92, chrome: {chromedriverVersion: 130.0.6723.91 (53ac07678369..., userDataDir: C:\Users\QA\AppData\Local\T...}, fedcm:accounts: true, goog:chromeOptions: {debuggerAddress: localhost:62644}, networkConnectionEnabled: false, pageLoadStrategy: normal, platformName: windows, proxy: Proxy(), se:cdp: ws://localhost:62644/devtoo..., se:cdpVersion: 130.0.6723.92, setWindowRect: true, strictFileInteractability: false, timeouts: {implicit: 0, pageLoad: 300000, script: 30000}, unhandledPromptBehavior: dismiss and notify, webauthn:extension:credBlob: true, webauthn:extension:largeBlob: true, webauthn:extension:minPinLength: true, webauthn:extension:prf: true, webauthn:virtualAuthenticators: true}
Element: [[ChromeDriver: chrome on windows (50c3191233544f80e0eb5b2995301fd5)] -&gt; xpath: //a[normalize-space()=&apos;PRODUCTS&apos;]]
Session ID: 50c3191233544f80e0eb5b2995301fd5 expected [true] but found [false]
	at org.testng.Assert.fail(Assert.java:110)
	at org.testng.Assert.failNotEquals(Assert.java:1577)
	at org.testng.Assert.assertTrue(Assert.java:56)
	at GB_Webapp.Utility.Library.click(Library.java:40)
	at GB_Webapp.StepDefinition.LoginPageTest.click_on(LoginPageTest.java:188)
	at ✽.Click on &quot;Product&quot;(file:///C:/Users/QA/OneDrive/Documents/Azure/Hero_GB_WebApp_UI_Testing_BDD/./FeatureFilesBangladesh/01_LoginFeature.feature:72)

</div> <!-- stack-trace -->
                  <em>
(Runs Cucumber Scenarios)                  </em>
                </div> <!-- method-content -->
              </div> <!-- method -->
              <div class="method">
                <div class="method-content">
                  <a name="runScenario(&quot;TC_001 Successfully click on About Hero icon&quot;, &quot;AboutHero&quot;)">
                  </a> <!-- runScenario("TC_001 Successfully click on About Hero icon", "AboutHero") -->
                  <span class="method-name">runScenario</span>
                  <span class="parameters">("TC_001 Successfully click on About Hero icon","AboutHero")</span>
                  <div class="stack-trace">java.lang.AssertionError: Unable to click element : About hero icon  --  [[ChromeDriver: chrome on windows (50c3191233544f80e0eb5b2995301fd5)] -&gt; xpath: //a[normalize-space()=&apos;ABOUT HERO&apos;]]  --  org.openqa.selenium.ElementClickInterceptedException: element click intercepted: Element &lt;a class=&quot;nav-link showMegaMenuContainer active&quot; href=&quot;javascript:void(0)&quot; aa-data-attr=&quot;track_cta&quot; aria-haspopup=&quot;true&quot; aria-expanded=&quot;false&quot; value=&quot;aboutMegaMenu&quot;&gt;...&lt;/a&gt; is not clickable at point (1007, 30). Other element would receive the click: &lt;div class=&quot;modal-popup modal-large book-bike-ride request-callback&quot; id=&quot;requestCallBackModel&quot;&gt;...&lt;/div&gt;
  (Session info: chrome=130.0.6723.92)
Build info: version: &apos;4.13.0&apos;, revision: &apos;ba948ece5b*&apos;
System info: os.name: &apos;Windows 10&apos;, os.arch: &apos;amd64&apos;, os.version: &apos;10.0&apos;, java.version: &apos;17.0.6&apos;
Driver info: org.openqa.selenium.chrome.ChromeDriver
Command: [50c3191233544f80e0eb5b2995301fd5, clickElement {id=f.FC36F8A4E3E76BD45919269C1B7DA50E.d.7DE1D6589D10C7332BA43DA27FFD4987.e.3301}]
Capabilities {acceptInsecureCerts: false, browserName: chrome, browserVersion: 130.0.6723.92, chrome: {chromedriverVersion: 130.0.6723.91 (53ac07678369..., userDataDir: C:\Users\QA\AppData\Local\T...}, fedcm:accounts: true, goog:chromeOptions: {debuggerAddress: localhost:62644}, networkConnectionEnabled: false, pageLoadStrategy: normal, platformName: windows, proxy: Proxy(), se:cdp: ws://localhost:62644/devtoo..., se:cdpVersion: 130.0.6723.92, setWindowRect: true, strictFileInteractability: false, timeouts: {implicit: 0, pageLoad: 300000, script: 30000}, unhandledPromptBehavior: dismiss and notify, webauthn:extension:credBlob: true, webauthn:extension:largeBlob: true, webauthn:extension:minPinLength: true, webauthn:extension:prf: true, webauthn:virtualAuthenticators: true}
Element: [[ChromeDriver: chrome on windows (50c3191233544f80e0eb5b2995301fd5)] -&gt; xpath: //a[normalize-space()=&apos;ABOUT HERO&apos;]]
Session ID: 50c3191233544f80e0eb5b2995301fd5 expected [true] but found [false]
	at org.testng.Assert.fail(Assert.java:110)
	at org.testng.Assert.failNotEquals(Assert.java:1577)
	at org.testng.Assert.assertTrue(Assert.java:56)
	at GB_Webapp.Utility.Library.click(Library.java:40)
	at GB_Webapp.StepDefinition.AboutHeroTest.click_on_about_niloy_bangladesh_ltd_icon(AboutHeroTest.java:29)
	at ✽.Click on About Niloy Bangladesh Ltd icon(file:///C:/Users/QA/OneDrive/Documents/Azure/Hero_GB_WebApp_UI_Testing_BDD/./FeatureFilesBangladesh/05_AboutHero.feature:11)

</div> <!-- stack-trace -->
                  <em>
(Runs Cucumber Scenarios)                  </em>
                </div> <!-- method-content -->
              </div> <!-- method -->
            </div> <!-- main-panel-content rounded-window-bottom -->
          </div> <!-- suite-Default_suite-class-failed -->
          <div class="suite-Default_suite-class-passed">
            <div class="main-panel-header rounded-window-top">
              <img src="passed.png"/>
              <span class="class-name">GB_Webapp.TestRunner.Bangladesh</span>
            </div> <!-- main-panel-header rounded-window-top -->
            <div class="main-panel-content rounded-window-bottom">
              <div class="method">
                <div class="method-content">
                  <a name="runScenario(&quot;TC_003 Successfully verify all tabbar icons&quot;, &quot;HomePage&quot;)">
                  </a> <!-- runScenario("TC_003 Successfully verify all tabbar icons", "HomePage") -->
                  <span class="method-name">runScenario</span>
                  <span class="parameters">("TC_003 Successfully verify all tabbar icons","HomePage")</span>
                  <em>
(Runs Cucumber Scenarios)                  </em>
                </div> <!-- method-content -->
              </div> <!-- method -->
              <div class="method">
                <div class="method-content">
                  <a name="runScenario(&quot;TC_001 Successfully click on dealers icon&quot;, &quot;Service&quot;)">
                  </a> <!-- runScenario("TC_001 Successfully click on dealers icon", "Service") -->
                  <span class="method-name">runScenario</span>
                  <span class="parameters">("TC_001 Successfully click on dealers icon","Service")</span>
                  <em>
(Runs Cucumber Scenarios)                  </em>
                </div> <!-- method-content -->
              </div> <!-- method -->
              <div class="method">
                <div class="method-content">
                  <a name="runScenario(&quot;Successfully verify &quot;Pleasure&quot; bike feature under &quot;Scooter&quot; icon&quot;, &quot;Bangladesh BikeFeature&quot;)">
                  </a> <!-- runScenario("Successfully verify "Pleasure" bike feature under "Scooter" icon", "Bangladesh BikeFeature") -->
                  <span class="method-name">runScenario</span>
                  <span class="parameters">("Successfully verify "Pleasure" bike feature under "Scooter" icon","Bangladesh BikeFeature")</span>
                  <em>
(Runs Cucumber Scenarios)                  </em>
                </div> <!-- method-content -->
              </div> <!-- method -->
              <div class="method">
                <div class="method-content">
                  <a name="runScenario(&quot;TC_002 Successfully click on service icon&quot;, &quot;Service&quot;)">
                  </a> <!-- runScenario("TC_002 Successfully click on service icon", "Service") -->
                  <span class="method-name">runScenario</span>
                  <span class="parameters">("TC_002 Successfully click on service icon","Service")</span>
                  <em>
(Runs Cucumber Scenarios)                  </em>
                </div> <!-- method-content -->
              </div> <!-- method -->
              <div class="method">
                <div class="method-content">
                  <a name="runScenario(&quot;Successfully verify &quot;Passion_XPRO&quot; bike feature under &quot;commuter&quot; icon&quot;, &quot;Bangladesh BikeFeature&quot;)">
                  </a> <!-- runScenario("Successfully verify "Passion_XPRO" bike feature under "commuter" icon", "Bangladesh BikeFeature") -->
                  <span class="method-name">runScenario</span>
                  <span class="parameters">("Successfully verify "Passion_XPRO" bike feature under "commuter" icon","Bangladesh BikeFeature")</span>
                  <em>
(Runs Cucumber Scenarios)                  </em>
                </div> <!-- method-content -->
              </div> <!-- method -->
              <div class="method">
                <div class="method-content">
                  <a name="runScenario(&quot;Successfully verify &quot;Glamour&quot; bike feature under &quot;executive&quot; icon&quot;, &quot;Bangladesh BikeFeature&quot;)">
                  </a> <!-- runScenario("Successfully verify "Glamour" bike feature under "executive" icon", "Bangladesh BikeFeature") -->
                  <span class="method-name">runScenario</span>
                  <span class="parameters">("Successfully verify "Glamour" bike feature under "executive" icon","Bangladesh BikeFeature")</span>
                  <em>
(Runs Cucumber Scenarios)                  </em>
                </div> <!-- method-content -->
              </div> <!-- method -->
              <div class="method">
                <div class="method-content">
                  <a name="runScenario(&quot;TC_001 Successfully click on Hero world icon&quot;, &quot;HeroWorld&quot;)">
                  </a> <!-- runScenario("TC_001 Successfully click on Hero world icon", "HeroWorld") -->
                  <span class="method-name">runScenario</span>
                  <span class="parameters">("TC_001 Successfully click on Hero world icon","HeroWorld")</span>
                  <em>
(Runs Cucumber Scenarios)                  </em>
                </div> <!-- method-content -->
              </div> <!-- method -->
              <div class="method">
                <div class="method-content">
                  <a name="runScenario(&quot;TC_004 Successfully verify all product image icons&quot;, &quot;HomePage&quot;)">
                  </a> <!-- runScenario("TC_004 Successfully verify all product image icons", "HomePage") -->
                  <span class="method-name">runScenario</span>
                  <span class="parameters">("TC_004 Successfully verify all product image icons","HomePage")</span>
                  <em>
(Runs Cucumber Scenarios)                  </em>
                </div> <!-- method-content -->
              </div> <!-- method -->
              <div class="method">
                <div class="method-content">
                  <a name="runScenario(&quot;Successfully verify &quot;Hf_Deluxe&quot; bike feature under &quot;commuter&quot; icon&quot;, &quot;Bangladesh BikeFeature&quot;)">
                  </a> <!-- runScenario("Successfully verify "Hf_Deluxe" bike feature under "commuter" icon", "Bangladesh BikeFeature") -->
                  <span class="method-name">runScenario</span>
                  <span class="parameters">("Successfully verify "Hf_Deluxe" bike feature under "commuter" icon","Bangladesh BikeFeature")</span>
                  <em>
(Runs Cucumber Scenarios)                  </em>
                </div> <!-- method-content -->
              </div> <!-- method -->
              <div class="method">
                <div class="method-content">
                  <a name="runScenario(&quot;TC_002 Successfully open bangladesh global website link&quot;, &quot;HomePage&quot;)">
                  </a> <!-- runScenario("TC_002 Successfully open bangladesh global website link", "HomePage") -->
                  <span class="method-name">runScenario</span>
                  <span class="parameters">("TC_002 Successfully open bangladesh global website link","HomePage")</span>
                  <em>
(Runs Cucumber Scenarios)                  </em>
                </div> <!-- method-content -->
              </div> <!-- method -->
              <div class="method">
                <div class="method-content">
                  <a name="runScenario(&quot;Successfully verify &quot;MAESTRO_EDGE_XTEC&quot; bike feature under &quot;Scooter&quot; icon&quot;, &quot;Bangladesh BikeFeature...)">
                  </a> <!-- runScenario("Successfully verify "MAESTRO_EDGE_XTEC" bike feature under "Scooter" icon", "Bangladesh BikeFeature...) -->
                  <span class="method-name">runScenario</span>
                  <span class="parameters">("Successfully verify "MAESTRO_EDGE_XTEC" bike feature under "Scooter" icon","Bangladesh BikeFeature")</span>
                  <em>
(Runs Cucumber Scenarios)                  </em>
                </div> <!-- method-content -->
              </div> <!-- method -->
              <div class="method">
                <div class="method-content">
                  <a name="runScenario(&quot;Successfully verify &quot;Ignitor_techno&quot; bike feature under &quot;executive&quot; icon&quot;, &quot;Bangladesh BikeFeature&quot;)">
                  </a> <!-- runScenario("Successfully verify "Ignitor_techno" bike feature under "executive" icon", "Bangladesh BikeFeature") -->
                  <span class="method-name">runScenario</span>
                  <span class="parameters">("Successfully verify "Ignitor_techno" bike feature under "executive" icon","Bangladesh BikeFeature")</span>
                  <em>
(Runs Cucumber Scenarios)                  </em>
                </div> <!-- method-content -->
              </div> <!-- method -->
              <div class="method">
                <div class="method-content">
                  <a name="runScenario(&quot;TC_001 Successfully open global website link&quot;, &quot;HomePage&quot;)">
                  </a> <!-- runScenario("TC_001 Successfully open global website link", "HomePage") -->
                  <span class="method-name">runScenario</span>
                  <span class="parameters">("TC_001 Successfully open global website link","HomePage")</span>
                  <em>
(Runs Cucumber Scenarios)                  </em>
                </div> <!-- method-content -->
              </div> <!-- method -->
              <div class="method">
                <div class="method-content">
                  <a name="runScenario(&quot;Successfully verify &quot;Thriller_160R_4V&quot; bike feature under &quot;Premium&quot; icon&quot;, &quot;Bangladesh BikeFeature&quot;)">
                  </a> <!-- runScenario("Successfully verify "Thriller_160R_4V" bike feature under "Premium" icon", "Bangladesh BikeFeature") -->
                  <span class="method-name">runScenario</span>
                  <span class="parameters">("Successfully verify "Thriller_160R_4V" bike feature under "Premium" icon","Bangladesh BikeFeature")</span>
                  <em>
(Runs Cucumber Scenarios)                  </em>
                </div> <!-- method-content -->
              </div> <!-- method -->
              <div class="method">
                <div class="method-content">
                  <a name="runScenario(&quot;Successfully verify &quot;Splendor+SE&quot; bike feature under &quot;commuter&quot; icon&quot;, &quot;Bangladesh BikeFeature&quot;)">
                  </a> <!-- runScenario("Successfully verify "Splendor+SE" bike feature under "commuter" icon", "Bangladesh BikeFeature") -->
                  <span class="method-name">runScenario</span>
                  <span class="parameters">("Successfully verify "Splendor+SE" bike feature under "commuter" icon","Bangladesh BikeFeature")</span>
                  <em>
(Runs Cucumber Scenarios)                  </em>
                </div> <!-- method-content -->
              </div> <!-- method -->
              <div class="method">
                <div class="method-content">
                  <a name="runScenario(&quot;Successfully verify &quot;Hunk_150R&quot; bike feature under &quot;Premium&quot; icon&quot;, &quot;Bangladesh BikeFeature&quot;)">
                  </a> <!-- runScenario("Successfully verify "Hunk_150R" bike feature under "Premium" icon", "Bangladesh BikeFeature") -->
                  <span class="method-name">runScenario</span>
                  <span class="parameters">("Successfully verify "Hunk_150R" bike feature under "Premium" icon","Bangladesh BikeFeature")</span>
                  <em>
(Runs Cucumber Scenarios)                  </em>
                </div> <!-- method-content -->
              </div> <!-- method -->
              <div class="method">
                <div class="method-content">
                  <a name="runScenario(&quot;TC_005 Successfully verify product icons&quot;, &quot;HomePage&quot;)">
                  </a> <!-- runScenario("TC_005 Successfully verify product icons", "HomePage") -->
                  <span class="method-name">runScenario</span>
                  <span class="parameters">("TC_005 Successfully verify product icons","HomePage")</span>
                  <em>
(Runs Cucumber Scenarios)                  </em>
                </div> <!-- method-content -->
              </div> <!-- method -->
            </div> <!-- main-panel-content rounded-window-bottom -->
          </div> <!-- suite-Default_suite-class-passed -->
        </div> <!-- panel Default_suite -->
        <div panel-name="test-xml-Default_suite" class="panel">
          <div class="main-panel-header rounded-window-top">
            <span class="header-content">C:\Users\QA\AppData\Local\Temp\testng-eclipse-2051873368\testng-customsuite.xml</span>
          </div> <!-- main-panel-header rounded-window-top -->
          <div class="main-panel-content rounded-window-bottom">
            <pre>
&lt;?xml version=&quot;1.0&quot; encoding=&quot;UTF-8&quot;?&gt;
&lt;!DOCTYPE suite SYSTEM &quot;https://testng.org/testng-1.0.dtd&quot;&gt;
&lt;suite name=&quot;Default suite&quot; guice-stage=&quot;DEVELOPMENT&quot;&gt;
  &lt;test thread-count=&quot;5&quot; name=&quot;Default test&quot; verbose=&quot;2&quot;&gt;
    &lt;classes&gt;
      &lt;class name=&quot;GB_Webapp.TestRunner.Bangladesh&quot;/&gt;
    &lt;/classes&gt;
  &lt;/test&gt; &lt;!-- Default test --&gt;
&lt;/suite&gt; &lt;!-- Default suite --&gt;
            </pre>
          </div> <!-- main-panel-content rounded-window-bottom -->
        </div> <!-- panel -->
        <div panel-name="testlist-Default_suite" class="panel">
          <div class="main-panel-header rounded-window-top">
            <span class="header-content">Tests for Default suite</span>
          </div> <!-- main-panel-header rounded-window-top -->
          <div class="main-panel-content rounded-window-bottom">
            <ul>
              <li>
                <span class="test-name">Default test (1 class)</span>
              </li>
            </ul>
          </div> <!-- main-panel-content rounded-window-bottom -->
        </div> <!-- panel -->
        <div panel-name="group-Default_suite" class="panel">
          <div class="main-panel-header rounded-window-top">
            <span class="header-content">Groups for Default suite</span>
          </div> <!-- main-panel-header rounded-window-top -->
          <div class="main-panel-content rounded-window-bottom">
            <div class="test-group">
              <span class="test-group-name">cucumber</span>
              <br/>
              <div class="method-in-group">
                <span class="method-in-group-name">runScenario</span>
                <br/>
              </div> <!-- method-in-group -->
            </div> <!-- test-group -->
          </div> <!-- main-panel-content rounded-window-bottom -->
        </div> <!-- panel -->
        <div panel-name="times-Default_suite" class="panel">
          <div class="main-panel-header rounded-window-top">
            <span class="header-content">Times for Default suite</span>
          </div> <!-- main-panel-header rounded-window-top -->
          <div class="main-panel-content rounded-window-bottom">
            <div class="times-div">
              <script type="text/javascript">
suiteTableInitFunctions.push('tableData_Default_suite');
function tableData_Default_suite() {
var data = new google.visualization.DataTable();
data.addColumn('number', 'Number');
data.addColumn('string', 'Method');
data.addColumn('string', 'Class');
data.addColumn('number', 'Time (ms)');
data.addRows(28);
data.setCell(0, 0, 0)
data.setCell(0, 1, 'runScenario')
data.setCell(0, 2, 'GB_Webapp.TestRunner.Bangladesh')
data.setCell(0, 3, 32990);
data.setCell(1, 0, 1)
data.setCell(1, 1, 'runScenario')
data.setCell(1, 2, 'GB_Webapp.TestRunner.Bangladesh')
data.setCell(1, 3, 20617);
data.setCell(2, 0, 2)
data.setCell(2, 1, 'runScenario')
data.setCell(2, 2, 'GB_Webapp.TestRunner.Bangladesh')
data.setCell(2, 3, 20595);
data.setCell(3, 0, 3)
data.setCell(3, 1, 'runScenario')
data.setCell(3, 2, 'GB_Webapp.TestRunner.Bangladesh')
data.setCell(3, 3, 20419);
data.setCell(4, 0, 4)
data.setCell(4, 1, 'runScenario')
data.setCell(4, 2, 'GB_Webapp.TestRunner.Bangladesh')
data.setCell(4, 3, 19816);
data.setCell(5, 0, 5)
data.setCell(5, 1, 'runScenario')
data.setCell(5, 2, 'GB_Webapp.TestRunner.Bangladesh')
data.setCell(5, 3, 19801);
data.setCell(6, 0, 6)
data.setCell(6, 1, 'runScenario')
data.setCell(6, 2, 'GB_Webapp.TestRunner.Bangladesh')
data.setCell(6, 3, 19549);
data.setCell(7, 0, 7)
data.setCell(7, 1, 'runScenario')
data.setCell(7, 2, 'GB_Webapp.TestRunner.Bangladesh')
data.setCell(7, 3, 19451);
data.setCell(8, 0, 8)
data.setCell(8, 1, 'runScenario')
data.setCell(8, 2, 'GB_Webapp.TestRunner.Bangladesh')
data.setCell(8, 3, 19337);
data.setCell(9, 0, 9)
data.setCell(9, 1, 'runScenario')
data.setCell(9, 2, 'GB_Webapp.TestRunner.Bangladesh')
data.setCell(9, 3, 16402);
data.setCell(10, 0, 10)
data.setCell(10, 1, 'runScenario')
data.setCell(10, 2, 'GB_Webapp.TestRunner.Bangladesh')
data.setCell(10, 3, 16332);
data.setCell(11, 0, 11)
data.setCell(11, 1, 'runScenario')
data.setCell(11, 2, 'GB_Webapp.TestRunner.Bangladesh')
data.setCell(11, 3, 15632);
data.setCell(12, 0, 12)
data.setCell(12, 1, 'runScenario')
data.setCell(12, 2, 'GB_Webapp.TestRunner.Bangladesh')
data.setCell(12, 3, 7972);
data.setCell(13, 0, 13)
data.setCell(13, 1, 'runScenario')
data.setCell(13, 2, 'GB_Webapp.TestRunner.Bangladesh')
data.setCell(13, 3, 5510);
data.setCell(14, 0, 14)
data.setCell(14, 1, 'runScenario')
data.setCell(14, 2, 'GB_Webapp.TestRunner.Bangladesh')
data.setCell(14, 3, 5071);
data.setCell(15, 0, 15)
data.setCell(15, 1, 'runScenario')
data.setCell(15, 2, 'GB_Webapp.TestRunner.Bangladesh')
data.setCell(15, 3, 4008);
data.setCell(16, 0, 16)
data.setCell(16, 1, 'runScenario')
data.setCell(16, 2, 'GB_Webapp.TestRunner.Bangladesh')
data.setCell(16, 3, 3048);
data.setCell(17, 0, 17)
data.setCell(17, 1, 'runScenario')
data.setCell(17, 2, 'GB_Webapp.TestRunner.Bangladesh')
data.setCell(17, 3, 2994);
data.setCell(18, 0, 18)
data.setCell(18, 1, 'runScenario')
data.setCell(18, 2, 'GB_Webapp.TestRunner.Bangladesh')
data.setCell(18, 3, 2916);
data.setCell(19, 0, 19)
data.setCell(19, 1, 'runScenario')
data.setCell(19, 2, 'GB_Webapp.TestRunner.Bangladesh')
data.setCell(19, 3, 2904);
data.setCell(20, 0, 20)
data.setCell(20, 1, 'runScenario')
data.setCell(20, 2, 'GB_Webapp.TestRunner.Bangladesh')
data.setCell(20, 3, 2871);
data.setCell(21, 0, 21)
data.setCell(21, 1, 'runScenario')
data.setCell(21, 2, 'GB_Webapp.TestRunner.Bangladesh')
data.setCell(21, 3, 2415);
data.setCell(22, 0, 22)
data.setCell(22, 1, 'runScenario')
data.setCell(22, 2, 'GB_Webapp.TestRunner.Bangladesh')
data.setCell(22, 3, 2358);
data.setCell(23, 0, 23)
data.setCell(23, 1, 'runScenario')
data.setCell(23, 2, 'GB_Webapp.TestRunner.Bangladesh')
data.setCell(23, 3, 2224);
data.setCell(24, 0, 24)
data.setCell(24, 1, 'runScenario')
data.setCell(24, 2, 'GB_Webapp.TestRunner.Bangladesh')
data.setCell(24, 3, 2113);
data.setCell(25, 0, 25)
data.setCell(25, 1, 'runScenario')
data.setCell(25, 2, 'GB_Webapp.TestRunner.Bangladesh')
data.setCell(25, 3, 2073);
data.setCell(26, 0, 26)
data.setCell(26, 1, 'runScenario')
data.setCell(26, 2, 'GB_Webapp.TestRunner.Bangladesh')
data.setCell(26, 3, 2072);
data.setCell(27, 0, 27)
data.setCell(27, 1, 'runScenario')
data.setCell(27, 2, 'GB_Webapp.TestRunner.Bangladesh')
data.setCell(27, 3, 1215);
window.suiteTableData['Default_suite']= { tableData: data, tableDiv: 'times-div-Default_suite'}
return data;
}
              </script>
              <span class="suite-total-time">Total running time: 4 minutes</span>
              <div id="times-div-Default_suite">
              </div> <!-- times-div-Default_suite -->
            </div> <!-- times-div -->
          </div> <!-- main-panel-content rounded-window-bottom -->
        </div> <!-- panel -->
        <div panel-name="reporter-Default_suite" class="panel">
          <div class="main-panel-header rounded-window-top">
            <span class="header-content">Reporter output for Default suite</span>
          </div> <!-- main-panel-header rounded-window-top -->
          <div class="main-panel-content rounded-window-bottom">
          </div> <!-- main-panel-content rounded-window-bottom -->
        </div> <!-- panel -->
        <div panel-name="ignored-methods-Default_suite" class="panel">
          <div class="main-panel-header rounded-window-top">
            <span class="header-content">0 ignored methods</span>
          </div> <!-- main-panel-header rounded-window-top -->
          <div class="main-panel-content rounded-window-bottom">
          </div> <!-- main-panel-content rounded-window-bottom -->
        </div> <!-- panel -->
        <div panel-name="chronological-Default_suite" class="panel">
          <div class="main-panel-header rounded-window-top">
            <span class="header-content">Methods in chronological order</span>
          </div> <!-- main-panel-header rounded-window-top -->
          <div class="main-panel-content rounded-window-bottom">
            <div class="chronological-class">
              <div class="chronological-class-name">GB_Webapp.TestRunner.Bangladesh</div> <!-- chronological-class-name -->
              <div class="configuration-class before">
                <span class="method-name">setUpClass(org.testng.TestRunner@243161cb)</span>
                <span class="method-start">0 ms</span>
              </div> <!-- configuration-class before -->
              <div class="test-method">
                <span class="method-name">runScenario("TC_001 Successfully open global website link", "HomePage")</span>
                <span class="method-start">7693 ms</span>
              </div> <!-- test-method -->
              <div class="test-method">
                <span class="method-name">runScenario("TC_002 Successfully open bangladesh global website link", "HomePage")</span>
                <span class="method-start">15743 ms</span>
              </div> <!-- test-method -->
              <div class="test-method">
                <span class="method-name">runScenario("TC_003 Successfully verify all tabbar icons", "HomePage")</span>
                <span class="method-start">19757 ms</span>
              </div> <!-- test-method -->
              <div class="test-method">
                <span class="method-name">runScenario("TC_004 Successfully verify all product image icons", "HomePage")</span>
                <span class="method-start">20974 ms</span>
              </div> <!-- test-method -->
              <div class="test-method">
                <span class="method-name">runScenario("TC_005 Successfully verify product icons", "HomePage")</span>
                <span class="method-start">26487 ms</span>
              </div> <!-- test-method -->
              <div class="test-method">
                <img src="failed.png">
                </img>
                <span class="method-name">runScenario("TC_006 Successfully verify bike under New launch icons", "HomePage")</span>
                <span class="method-start">28713 ms</span>
              </div> <!-- test-method -->
              <div class="test-method">
                <img src="failed.png">
                </img>
                <span class="method-name">runScenario("TC_007 Successfully verify bike under Commuter icons", "HomePage")</span>
                <span class="method-start">31132 ms</span>
              </div> <!-- test-method -->
              <div class="test-method">
                <img src="failed.png">
                </img>
                <span class="method-name">runScenario("TC_008 Successfully verify bike under Executive icons", "HomePage")</span>
                <span class="method-start">33209 ms</span>
              </div> <!-- test-method -->
              <div class="test-method">
                <img src="failed.png">
                </img>
                <span class="method-name">runScenario("TC_009 Successfully verify bike under Premium icons", "HomePage")</span>
                <span class="method-start">35327 ms</span>
              </div> <!-- test-method -->
              <div class="test-method">
                <img src="failed.png">
                </img>
                <span class="method-name">runScenario("TC_010 Successfully verify bike under Scooter icons", "HomePage")</span>
                <span class="method-start">37689 ms</span>
              </div> <!-- test-method -->
              <div class="test-method">
                <span class="method-name">runScenario("Successfully verify "Hf_Deluxe" bike feature under "commuter" icon", "Bangladesh BikeFeature")</span>
                <span class="method-start">39766 ms</span>
              </div> <!-- test-method -->
              <div class="test-method">
                <span class="method-name">runScenario("Successfully verify "Splendor+SE" bike feature under "commuter" icon", "Bangladesh BikeFeature")</span>
                <span class="method-start">59227 ms</span>
              </div> <!-- test-method -->
              <div class="test-method">
                <img src="failed.png">
                </img>
                <span class="method-name">runScenario("Successfully verify "Splender+_XTEC" bike feature under "commuter" icon", "Bangladesh BikeFeature")</span>
                <span class="method-start">75640 ms</span>
              </div> <!-- test-method -->
              <div class="test-method">
                <span class="method-name">runScenario("Successfully verify "Passion_XPRO" bike feature under "commuter" icon", "Bangladesh BikeFeature")</span>
                <span class="method-start">78559 ms</span>
              </div> <!-- test-method -->
              <div class="test-method">
                <img src="failed.png">
                </img>
                <span class="method-name">runScenario("Successfully verify "Passion_XPRO_XTEC" bike feature under "commuter" icon", "Bangladesh BikeFeatur...)</span>
                <span class="method-start">98385 ms</span>
              </div> <!-- test-method -->
              <div class="test-method">
                <span class="method-name">runScenario("Successfully verify "Glamour" bike feature under "executive" icon", "Bangladesh BikeFeature")</span>
                <span class="method-start">101436 ms</span>
              </div> <!-- test-method -->
              <div class="test-method">
                <span class="method-name">runScenario("Successfully verify "Ignitor_techno" bike feature under "executive" icon", "Bangladesh BikeFeature")</span>
                <span class="method-start">122058 ms</span>
              </div> <!-- test-method -->
              <div class="test-method">
                <img src="failed.png">
                </img>
                <span class="method-name">runScenario("Successfully verify "Ignitor_XTEC" bike feature under "executive" icon", "Bangladesh BikeFeature")</span>
                <span class="method-start">138395 ms</span>
              </div> <!-- test-method -->
              <div class="test-method">
                <span class="method-name">runScenario("Successfully verify "Thriller_160R_4V" bike feature under "Premium" icon", "Bangladesh BikeFeature")</span>
                <span class="method-start">141305 ms</span>
              </div> <!-- test-method -->
              <div class="test-method">
                <img src="failed.png">
                </img>
                <span class="method-name">runScenario("Successfully verify "Hunk_150" bike feature under "Premium" icon", "Bangladesh BikeFeature")</span>
                <span class="method-start">161733 ms</span>
              </div> <!-- test-method -->
              <div class="test-method">
                <span class="method-name">runScenario("Successfully verify "Hunk_150R" bike feature under "Premium" icon", "Bangladesh BikeFeature")</span>
                <span class="method-start">164732 ms</span>
              </div> <!-- test-method -->
              <div class="test-method">
                <img src="failed.png">
                </img>
                <span class="method-name">runScenario("Successfully verify "Thriller_160R" bike feature under "Premium" icon", "Bangladesh BikeFeature")</span>
                <span class="method-start">185352 ms</span>
              </div> <!-- test-method -->
              <div class="test-method">
                <span class="method-name">runScenario("Successfully verify "Pleasure" bike feature under "Scooter" icon", "Bangladesh BikeFeature")</span>
                <span class="method-start">188226 ms</span>
              </div> <!-- test-method -->
              <div class="test-method">
                <span class="method-name">runScenario("Successfully verify "MAESTRO_EDGE_XTEC" bike feature under "Scooter" icon", "Bangladesh BikeFeature...)</span>
                <span class="method-start">208033 ms</span>
              </div> <!-- test-method -->
              <div class="test-method">
                <span class="method-name">runScenario("TC_001 Successfully click on dealers icon", "Service")</span>
                <span class="method-start">223669 ms</span>
              </div> <!-- test-method -->
              <div class="test-method">
                <span class="method-name">runScenario("TC_002 Successfully click on service icon", "Service")</span>
                <span class="method-start">228742 ms</span>
              </div> <!-- test-method -->
              <div class="test-method">
                <span class="method-name">runScenario("TC_001 Successfully click on Hero world icon", "HeroWorld")</span>
                <span class="method-start">248083 ms</span>
              </div> <!-- test-method -->
              <div class="test-method">
                <img src="failed.png">
                </img>
                <span class="method-name">runScenario("TC_001 Successfully click on About Hero icon", "AboutHero")</span>
                <span class="method-start">281076 ms</span>
              </div> <!-- test-method -->
              <div class="configuration-class after">
                <span class="method-name">tearDownClass</span>
                <span class="method-start">300630 ms</span>
              </div> <!-- configuration-class after -->
          </div> <!-- main-panel-content rounded-window-bottom -->
        </div> <!-- panel -->
      </div> <!-- main-panel-root -->
    </div> <!-- wrapper -->
  </body>
<script type="text/javascript" src="testng-reports2.js"></script>
</html>
