<?xml version="1.0" encoding="UTF-8"?>
<testng-results ignored="0" total="28" passed="17" failed="11" skipped="0">
  <reporter-output>
  </reporter-output>
  <suite started-at="2024-11-05T23:58:30 IST" name="Default suite" finished-at="2024-11-06T00:03:32 IST" duration-ms="302012">
    <groups>
      <group name="cucumber">
        <method signature="AbstractTestNGCucumberTests.runScenario(io.cucumber.testng.PickleWrapper,io.cucumber.testng.FeatureWrapper)[pri:0, instance:GB_Webapp.TestRunner.Bangladesh@8dbfffb]" name="runScenario" class="io.cucumber.testng.AbstractTestNGCucumberTests"/>
      </group> <!-- cucumber -->
    </groups>
    <test started-at="2024-11-05T23:58:30 IST" name="Default test" finished-at="2024-11-06T00:03:32 IST" duration-ms="302012">
      <class name="GB_Webapp.TestRunner.Bangladesh">
        <test-method is-config="true" signature="setUpClass(org.testng.ITestContext)[pri:0, instance:GB_Webapp.TestRunner.Bangladesh@8dbfffb]" started-at="2024-11-05T23:58:30 IST" name="setUpClass" finished-at="2024-11-05T23:58:38 IST" duration-ms="7674" status="PASS">
          <params>
            <param index="0">
              <value>
                <![CDATA[org.testng.TestRunner@243161cb]]>
              </value>
            </param>
          </params>
          <reporter-output>
          </reporter-output>
        </test-method> <!-- setUpClass -->
        <test-method signature="runScenario(io.cucumber.testng.PickleWrapper,io.cucumber.testng.FeatureWrapper)[pri:0, instance:GB_Webapp.TestRunner.Bangladesh@8dbfffb]" started-at="2024-11-05T23:58:38 IST" name="runScenario" description="Runs Cucumber Scenarios" data-provider="scenarios" finished-at="2024-11-05T23:58:46 IST" duration-ms="7972" status="PASS">
          <params>
            <param index="0">
              <value>
                <![CDATA["TC_001 Successfully open global website link"]]>
              </value>
            </param>
            <param index="1">
              <value>
                <![CDATA["HomePage"]]>
              </value>
            </param>
          </params>
          <reporter-output>
          </reporter-output>
        </test-method> <!-- runScenario -->
        <test-method signature="runScenario(io.cucumber.testng.PickleWrapper,io.cucumber.testng.FeatureWrapper)[pri:0, instance:GB_Webapp.TestRunner.Bangladesh@8dbfffb]" started-at="2024-11-05T23:58:46 IST" name="runScenario" description="Runs Cucumber Scenarios" data-provider="scenarios" finished-at="2024-11-05T23:58:50 IST" duration-ms="4008" status="PASS">
          <params>
            <param index="0">
              <value>
                <![CDATA["TC_002 Successfully open bangladesh global website link"]]>
              </value>
            </param>
            <param index="1">
              <value>
                <![CDATA["HomePage"]]>
              </value>
            </param>
          </params>
          <reporter-output>
          </reporter-output>
        </test-method> <!-- runScenario -->
        <test-method signature="runScenario(io.cucumber.testng.PickleWrapper,io.cucumber.testng.FeatureWrapper)[pri:0, instance:GB_Webapp.TestRunner.Bangladesh@8dbfffb]" started-at="2024-11-05T23:58:50 IST" name="runScenario" description="Runs Cucumber Scenarios" data-provider="scenarios" finished-at="2024-11-05T23:58:51 IST" duration-ms="1215" status="PASS">
          <params>
            <param index="0">
              <value>
                <![CDATA["TC_003 Successfully verify all tabbar icons"]]>
              </value>
            </param>
            <param index="1">
              <value>
                <![CDATA["HomePage"]]>
              </value>
            </param>
          </params>
          <reporter-output>
          </reporter-output>
        </test-method> <!-- runScenario -->
        <test-method signature="runScenario(io.cucumber.testng.PickleWrapper,io.cucumber.testng.FeatureWrapper)[pri:0, instance:GB_Webapp.TestRunner.Bangladesh@8dbfffb]" started-at="2024-11-05T23:58:51 IST" name="runScenario" description="Runs Cucumber Scenarios" data-provider="scenarios" finished-at="2024-11-05T23:58:57 IST" duration-ms="5510" status="PASS">
          <params>
            <param index="0">
              <value>
                <![CDATA["TC_004 Successfully verify all product image icons"]]>
              </value>
            </param>
            <param index="1">
              <value>
                <![CDATA["HomePage"]]>
              </value>
            </param>
          </params>
          <reporter-output>
          </reporter-output>
        </test-method> <!-- runScenario -->
        <test-method signature="runScenario(io.cucumber.testng.PickleWrapper,io.cucumber.testng.FeatureWrapper)[pri:0, instance:GB_Webapp.TestRunner.Bangladesh@8dbfffb]" started-at="2024-11-05T23:58:57 IST" name="runScenario" description="Runs Cucumber Scenarios" data-provider="scenarios" finished-at="2024-11-05T23:58:59 IST" duration-ms="2224" status="PASS">
          <params>
            <param index="0">
              <value>
                <![CDATA["TC_005 Successfully verify product icons"]]>
              </value>
            </param>
            <param index="1">
              <value>
                <![CDATA["HomePage"]]>
              </value>
            </param>
          </params>
          <reporter-output>
          </reporter-output>
        </test-method> <!-- runScenario -->
        <test-method signature="runScenario(io.cucumber.testng.PickleWrapper,io.cucumber.testng.FeatureWrapper)[pri:0, instance:GB_Webapp.TestRunner.Bangladesh@8dbfffb]" started-at="2024-11-05T23:58:59 IST" name="runScenario" description="Runs Cucumber Scenarios" data-provider="scenarios" finished-at="2024-11-05T23:59:01 IST" duration-ms="2415" status="FAIL">
          <params>
            <param index="0">
              <value>
                <![CDATA["TC_006 Successfully verify bike under New launch icons"]]>
              </value>
            </param>
            <param index="1">
              <value>
                <![CDATA["HomePage"]]>
              </value>
            </param>
          </params>
          <exception class="java.lang.AssertionError">
            <message>
              <![CDATA[Unable to click element : New Launch icon  --  [[ChromeDriver: chrome on windows (50c3191233544f80e0eb5b2995301fd5)] -> xpath: (//span[normalize-space()='NEW LAUNCH'])[1]]  --  org.openqa.selenium.ElementClickInterceptedException: element click intercepted: Element <span data-shimmer-effect="true">...</span> is not clickable at point (428, 107). Other element would receive the click: <div class="modal-popup modal-large book-bike-ride request-callback" id="requestCallBackModel">...</div>
  (Session info: chrome=130.0.6723.92)
Build info: version: '4.13.0', revision: 'ba948ece5b*'
System info: os.name: 'Windows 10', os.arch: 'amd64', os.version: '10.0', java.version: '17.0.6'
Driver info: org.openqa.selenium.chrome.ChromeDriver
Command: [50c3191233544f80e0eb5b2995301fd5, clickElement {id=f.F0820FAC319528599EB11F4B5FD7207B.d.5D270B7523BCF3BC4068F1BC38F4E9A9.e.379}]
Capabilities {acceptInsecureCerts: false, browserName: chrome, browserVersion: 130.0.6723.92, chrome: {chromedriverVersion: 130.0.6723.91 (53ac07678369..., userDataDir: C:\Users\QA\AppData\Local\T...}, fedcm:accounts: true, goog:chromeOptions: {debuggerAddress: localhost:62644}, networkConnectionEnabled: false, pageLoadStrategy: normal, platformName: windows, proxy: Proxy(), se:cdp: ws://localhost:62644/devtoo..., se:cdpVersion: 130.0.6723.92, setWindowRect: true, strictFileInteractability: false, timeouts: {implicit: 0, pageLoad: 300000, script: 30000}, unhandledPromptBehavior: dismiss and notify, webauthn:extension:credBlob: true, webauthn:extension:largeBlob: true, webauthn:extension:minPinLength: true, webauthn:extension:prf: true, webauthn:virtualAuthenticators: true}
Element: [[ChromeDriver: chrome on windows (50c3191233544f80e0eb5b2995301fd5)] -> xpath: (//span[normalize-space()='NEW LAUNCH'])[1]]
Session ID: 50c3191233544f80e0eb5b2995301fd5 expected [true] but found [false]]]>
            </message>
            <full-stacktrace>
              <![CDATA[java.lang.AssertionError: Unable to click element : New Launch icon  --  [[ChromeDriver: chrome on windows (50c3191233544f80e0eb5b2995301fd5)] -> xpath: (//span[normalize-space()='NEW LAUNCH'])[1]]  --  org.openqa.selenium.ElementClickInterceptedException: element click intercepted: Element <span data-shimmer-effect="true">...</span> is not clickable at point (428, 107). Other element would receive the click: <div class="modal-popup modal-large book-bike-ride request-callback" id="requestCallBackModel">...</div>
  (Session info: chrome=130.0.6723.92)
Build info: version: '4.13.0', revision: 'ba948ece5b*'
System info: os.name: 'Windows 10', os.arch: 'amd64', os.version: '10.0', java.version: '17.0.6'
Driver info: org.openqa.selenium.chrome.ChromeDriver
Command: [50c3191233544f80e0eb5b2995301fd5, clickElement {id=f.F0820FAC319528599EB11F4B5FD7207B.d.5D270B7523BCF3BC4068F1BC38F4E9A9.e.379}]
Capabilities {acceptInsecureCerts: false, browserName: chrome, browserVersion: 130.0.6723.92, chrome: {chromedriverVersion: 130.0.6723.91 (53ac07678369..., userDataDir: C:\Users\QA\AppData\Local\T...}, fedcm:accounts: true, goog:chromeOptions: {debuggerAddress: localhost:62644}, networkConnectionEnabled: false, pageLoadStrategy: normal, platformName: windows, proxy: Proxy(), se:cdp: ws://localhost:62644/devtoo..., se:cdpVersion: 130.0.6723.92, setWindowRect: true, strictFileInteractability: false, timeouts: {implicit: 0, pageLoad: 300000, script: 30000}, unhandledPromptBehavior: dismiss and notify, webauthn:extension:credBlob: true, webauthn:extension:largeBlob: true, webauthn:extension:minPinLength: true, webauthn:extension:prf: true, webauthn:virtualAuthenticators: true}
Element: [[ChromeDriver: chrome on windows (50c3191233544f80e0eb5b2995301fd5)] -> xpath: (//span[normalize-space()='NEW LAUNCH'])[1]]
Session ID: 50c3191233544f80e0eb5b2995301fd5 expected [true] but found [false]
at org.testng.Assert.fail(Assert.java:110)
at org.testng.Assert.failNotEquals(Assert.java:1577)
at org.testng.Assert.assertTrue(Assert.java:56)
at GB_Webapp.Utility.Library.click(Library.java:40)
at GB_Webapp.StepDefinition.LoginPageTest.click_on(LoginPageTest.java:205)
at ✽.Click on "New_launch_icons"(file:///C:/Users/QA/OneDrive/Documents/Azure/Hero_GB_WebApp_UI_Testing_BDD/./FeatureFilesBangladesh/01_LoginFeature.feature:65)
]]>
            </full-stacktrace>
          </exception> <!-- java.lang.AssertionError -->
          <reporter-output>
          </reporter-output>
        </test-method> <!-- runScenario -->
        <test-method signature="runScenario(io.cucumber.testng.PickleWrapper,io.cucumber.testng.FeatureWrapper)[pri:0, instance:GB_Webapp.TestRunner.Bangladesh@8dbfffb]" started-at="2024-11-05T23:59:01 IST" name="runScenario" description="Runs Cucumber Scenarios" data-provider="scenarios" finished-at="2024-11-05T23:59:03 IST" duration-ms="2073" status="FAIL">
          <params>
            <param index="0">
              <value>
                <![CDATA["TC_007 Successfully verify bike under Commuter icons"]]>
              </value>
            </param>
            <param index="1">
              <value>
                <![CDATA["HomePage"]]>
              </value>
            </param>
          </params>
          <exception class="java.lang.AssertionError">
            <message>
              <![CDATA[Unable to click element : Product icon  --  [[ChromeDriver: chrome on windows (50c3191233544f80e0eb5b2995301fd5)] -> xpath: //a[normalize-space()='PRODUCTS']]  --  org.openqa.selenium.ElementClickInterceptedException: element click intercepted: Element <a class="nav-link showMegaMenuContainer ps-lg-0 active" href="javascript:void(0)" aa-data-attr="track_cta" aria-haspopup="true" aria-expanded="false" value="productsMegaMenu">...</a> is not clickable at point (555, 30). Other element would receive the click: <div class="modal-popup modal-large book-bike-ride request-callback" id="requestCallBackModel">...</div>
  (Session info: chrome=130.0.6723.92)
Build info: version: '4.13.0', revision: 'ba948ece5b*'
System info: os.name: 'Windows 10', os.arch: 'amd64', os.version: '10.0', java.version: '17.0.6'
Driver info: org.openqa.selenium.chrome.ChromeDriver
Command: [50c3191233544f80e0eb5b2995301fd5, clickElement {id=f.F0820FAC319528599EB11F4B5FD7207B.d.5D270B7523BCF3BC4068F1BC38F4E9A9.e.347}]
Capabilities {acceptInsecureCerts: false, browserName: chrome, browserVersion: 130.0.6723.92, chrome: {chromedriverVersion: 130.0.6723.91 (53ac07678369..., userDataDir: C:\Users\QA\AppData\Local\T...}, fedcm:accounts: true, goog:chromeOptions: {debuggerAddress: localhost:62644}, networkConnectionEnabled: false, pageLoadStrategy: normal, platformName: windows, proxy: Proxy(), se:cdp: ws://localhost:62644/devtoo..., se:cdpVersion: 130.0.6723.92, setWindowRect: true, strictFileInteractability: false, timeouts: {implicit: 0, pageLoad: 300000, script: 30000}, unhandledPromptBehavior: dismiss and notify, webauthn:extension:credBlob: true, webauthn:extension:largeBlob: true, webauthn:extension:minPinLength: true, webauthn:extension:prf: true, webauthn:virtualAuthenticators: true}
Element: [[ChromeDriver: chrome on windows (50c3191233544f80e0eb5b2995301fd5)] -> xpath: //a[normalize-space()='PRODUCTS']]
Session ID: 50c3191233544f80e0eb5b2995301fd5 expected [true] but found [false]]]>
            </message>
            <full-stacktrace>
              <![CDATA[java.lang.AssertionError: Unable to click element : Product icon  --  [[ChromeDriver: chrome on windows (50c3191233544f80e0eb5b2995301fd5)] -> xpath: //a[normalize-space()='PRODUCTS']]  --  org.openqa.selenium.ElementClickInterceptedException: element click intercepted: Element <a class="nav-link showMegaMenuContainer ps-lg-0 active" href="javascript:void(0)" aa-data-attr="track_cta" aria-haspopup="true" aria-expanded="false" value="productsMegaMenu">...</a> is not clickable at point (555, 30). Other element would receive the click: <div class="modal-popup modal-large book-bike-ride request-callback" id="requestCallBackModel">...</div>
  (Session info: chrome=130.0.6723.92)
Build info: version: '4.13.0', revision: 'ba948ece5b*'
System info: os.name: 'Windows 10', os.arch: 'amd64', os.version: '10.0', java.version: '17.0.6'
Driver info: org.openqa.selenium.chrome.ChromeDriver
Command: [50c3191233544f80e0eb5b2995301fd5, clickElement {id=f.F0820FAC319528599EB11F4B5FD7207B.d.5D270B7523BCF3BC4068F1BC38F4E9A9.e.347}]
Capabilities {acceptInsecureCerts: false, browserName: chrome, browserVersion: 130.0.6723.92, chrome: {chromedriverVersion: 130.0.6723.91 (53ac07678369..., userDataDir: C:\Users\QA\AppData\Local\T...}, fedcm:accounts: true, goog:chromeOptions: {debuggerAddress: localhost:62644}, networkConnectionEnabled: false, pageLoadStrategy: normal, platformName: windows, proxy: Proxy(), se:cdp: ws://localhost:62644/devtoo..., se:cdpVersion: 130.0.6723.92, setWindowRect: true, strictFileInteractability: false, timeouts: {implicit: 0, pageLoad: 300000, script: 30000}, unhandledPromptBehavior: dismiss and notify, webauthn:extension:credBlob: true, webauthn:extension:largeBlob: true, webauthn:extension:minPinLength: true, webauthn:extension:prf: true, webauthn:virtualAuthenticators: true}
Element: [[ChromeDriver: chrome on windows (50c3191233544f80e0eb5b2995301fd5)] -> xpath: //a[normalize-space()='PRODUCTS']]
Session ID: 50c3191233544f80e0eb5b2995301fd5 expected [true] but found [false]
at org.testng.Assert.fail(Assert.java:110)
at org.testng.Assert.failNotEquals(Assert.java:1577)
at org.testng.Assert.assertTrue(Assert.java:56)
at GB_Webapp.Utility.Library.click(Library.java:40)
at GB_Webapp.StepDefinition.LoginPageTest.click_on(LoginPageTest.java:188)
at ✽.Click on "Product"(file:///C:/Users/QA/OneDrive/Documents/Azure/Hero_GB_WebApp_UI_Testing_BDD/./FeatureFilesBangladesh/01_LoginFeature.feature:72)
]]>
            </full-stacktrace>
          </exception> <!-- java.lang.AssertionError -->
          <reporter-output>
          </reporter-output>
        </test-method> <!-- runScenario -->
        <test-method signature="runScenario(io.cucumber.testng.PickleWrapper,io.cucumber.testng.FeatureWrapper)[pri:0, instance:GB_Webapp.TestRunner.Bangladesh@8dbfffb]" started-at="2024-11-05T23:59:03 IST" name="runScenario" description="Runs Cucumber Scenarios" data-provider="scenarios" finished-at="2024-11-05T23:59:06 IST" duration-ms="2113" status="FAIL">
          <params>
            <param index="0">
              <value>
                <![CDATA["TC_008 Successfully verify bike under Executive icons"]]>
              </value>
            </param>
            <param index="1">
              <value>
                <![CDATA["HomePage"]]>
              </value>
            </param>
          </params>
          <exception class="java.lang.AssertionError">
            <message>
              <![CDATA[Unable to click element : Product icon  --  [[ChromeDriver: chrome on windows (50c3191233544f80e0eb5b2995301fd5)] -> xpath: //a[normalize-space()='PRODUCTS']]  --  org.openqa.selenium.ElementClickInterceptedException: element click intercepted: Element <a class="nav-link showMegaMenuContainer ps-lg-0 active" href="javascript:void(0)" aa-data-attr="track_cta" aria-haspopup="true" aria-expanded="false" value="productsMegaMenu">...</a> is not clickable at point (555, 30). Other element would receive the click: <div class="modal-popup modal-large book-bike-ride request-callback" id="requestCallBackModel">...</div>
  (Session info: chrome=130.0.6723.92)
Build info: version: '4.13.0', revision: 'ba948ece5b*'
System info: os.name: 'Windows 10', os.arch: 'amd64', os.version: '10.0', java.version: '17.0.6'
Driver info: org.openqa.selenium.chrome.ChromeDriver
Command: [50c3191233544f80e0eb5b2995301fd5, clickElement {id=f.F0820FAC319528599EB11F4B5FD7207B.d.5D270B7523BCF3BC4068F1BC38F4E9A9.e.347}]
Capabilities {acceptInsecureCerts: false, browserName: chrome, browserVersion: 130.0.6723.92, chrome: {chromedriverVersion: 130.0.6723.91 (53ac07678369..., userDataDir: C:\Users\QA\AppData\Local\T...}, fedcm:accounts: true, goog:chromeOptions: {debuggerAddress: localhost:62644}, networkConnectionEnabled: false, pageLoadStrategy: normal, platformName: windows, proxy: Proxy(), se:cdp: ws://localhost:62644/devtoo..., se:cdpVersion: 130.0.6723.92, setWindowRect: true, strictFileInteractability: false, timeouts: {implicit: 0, pageLoad: 300000, script: 30000}, unhandledPromptBehavior: dismiss and notify, webauthn:extension:credBlob: true, webauthn:extension:largeBlob: true, webauthn:extension:minPinLength: true, webauthn:extension:prf: true, webauthn:virtualAuthenticators: true}
Element: [[ChromeDriver: chrome on windows (50c3191233544f80e0eb5b2995301fd5)] -> xpath: //a[normalize-space()='PRODUCTS']]
Session ID: 50c3191233544f80e0eb5b2995301fd5 expected [true] but found [false]]]>
            </message>
            <full-stacktrace>
              <![CDATA[java.lang.AssertionError: Unable to click element : Product icon  --  [[ChromeDriver: chrome on windows (50c3191233544f80e0eb5b2995301fd5)] -> xpath: //a[normalize-space()='PRODUCTS']]  --  org.openqa.selenium.ElementClickInterceptedException: element click intercepted: Element <a class="nav-link showMegaMenuContainer ps-lg-0 active" href="javascript:void(0)" aa-data-attr="track_cta" aria-haspopup="true" aria-expanded="false" value="productsMegaMenu">...</a> is not clickable at point (555, 30). Other element would receive the click: <div class="modal-popup modal-large book-bike-ride request-callback" id="requestCallBackModel">...</div>
  (Session info: chrome=130.0.6723.92)
Build info: version: '4.13.0', revision: 'ba948ece5b*'
System info: os.name: 'Windows 10', os.arch: 'amd64', os.version: '10.0', java.version: '17.0.6'
Driver info: org.openqa.selenium.chrome.ChromeDriver
Command: [50c3191233544f80e0eb5b2995301fd5, clickElement {id=f.F0820FAC319528599EB11F4B5FD7207B.d.5D270B7523BCF3BC4068F1BC38F4E9A9.e.347}]
Capabilities {acceptInsecureCerts: false, browserName: chrome, browserVersion: 130.0.6723.92, chrome: {chromedriverVersion: 130.0.6723.91 (53ac07678369..., userDataDir: C:\Users\QA\AppData\Local\T...}, fedcm:accounts: true, goog:chromeOptions: {debuggerAddress: localhost:62644}, networkConnectionEnabled: false, pageLoadStrategy: normal, platformName: windows, proxy: Proxy(), se:cdp: ws://localhost:62644/devtoo..., se:cdpVersion: 130.0.6723.92, setWindowRect: true, strictFileInteractability: false, timeouts: {implicit: 0, pageLoad: 300000, script: 30000}, unhandledPromptBehavior: dismiss and notify, webauthn:extension:credBlob: true, webauthn:extension:largeBlob: true, webauthn:extension:minPinLength: true, webauthn:extension:prf: true, webauthn:virtualAuthenticators: true}
Element: [[ChromeDriver: chrome on windows (50c3191233544f80e0eb5b2995301fd5)] -> xpath: //a[normalize-space()='PRODUCTS']]
Session ID: 50c3191233544f80e0eb5b2995301fd5 expected [true] but found [false]
at org.testng.Assert.fail(Assert.java:110)
at org.testng.Assert.failNotEquals(Assert.java:1577)
at org.testng.Assert.assertTrue(Assert.java:56)
at GB_Webapp.Utility.Library.click(Library.java:40)
at GB_Webapp.StepDefinition.LoginPageTest.click_on(LoginPageTest.java:188)
at ✽.Click on "Product"(file:///C:/Users/QA/OneDrive/Documents/Azure/Hero_GB_WebApp_UI_Testing_BDD/./FeatureFilesBangladesh/01_LoginFeature.feature:88)
]]>
            </full-stacktrace>
          </exception> <!-- java.lang.AssertionError -->
          <reporter-output>
          </reporter-output>
        </test-method> <!-- runScenario -->
        <test-method signature="runScenario(io.cucumber.testng.PickleWrapper,io.cucumber.testng.FeatureWrapper)[pri:0, instance:GB_Webapp.TestRunner.Bangladesh@8dbfffb]" started-at="2024-11-05T23:59:06 IST" name="runScenario" description="Runs Cucumber Scenarios" data-provider="scenarios" finished-at="2024-11-05T23:59:08 IST" duration-ms="2358" status="FAIL">
          <params>
            <param index="0">
              <value>
                <![CDATA["TC_009 Successfully verify bike under Premium icons"]]>
              </value>
            </param>
            <param index="1">
              <value>
                <![CDATA["HomePage"]]>
              </value>
            </param>
          </params>
          <exception class="java.lang.AssertionError">
            <message>
              <![CDATA[Unable to click element : Product icon  --  [[ChromeDriver: chrome on windows (50c3191233544f80e0eb5b2995301fd5)] -> xpath: //a[normalize-space()='PRODUCTS']]  --  org.openqa.selenium.ElementClickInterceptedException: element click intercepted: Element <a class="nav-link showMegaMenuContainer ps-lg-0 active" href="javascript:void(0)" aa-data-attr="track_cta" aria-haspopup="true" aria-expanded="false" value="productsMegaMenu">...</a> is not clickable at point (555, 30). Other element would receive the click: <div class="modal-popup modal-large book-bike-ride request-callback" id="requestCallBackModel">...</div>
  (Session info: chrome=130.0.6723.92)
Build info: version: '4.13.0', revision: 'ba948ece5b*'
System info: os.name: 'Windows 10', os.arch: 'amd64', os.version: '10.0', java.version: '17.0.6'
Driver info: org.openqa.selenium.chrome.ChromeDriver
Command: [50c3191233544f80e0eb5b2995301fd5, clickElement {id=f.F0820FAC319528599EB11F4B5FD7207B.d.5D270B7523BCF3BC4068F1BC38F4E9A9.e.347}]
Capabilities {acceptInsecureCerts: false, browserName: chrome, browserVersion: 130.0.6723.92, chrome: {chromedriverVersion: 130.0.6723.91 (53ac07678369..., userDataDir: C:\Users\QA\AppData\Local\T...}, fedcm:accounts: true, goog:chromeOptions: {debuggerAddress: localhost:62644}, networkConnectionEnabled: false, pageLoadStrategy: normal, platformName: windows, proxy: Proxy(), se:cdp: ws://localhost:62644/devtoo..., se:cdpVersion: 130.0.6723.92, setWindowRect: true, strictFileInteractability: false, timeouts: {implicit: 0, pageLoad: 300000, script: 30000}, unhandledPromptBehavior: dismiss and notify, webauthn:extension:credBlob: true, webauthn:extension:largeBlob: true, webauthn:extension:minPinLength: true, webauthn:extension:prf: true, webauthn:virtualAuthenticators: true}
Element: [[ChromeDriver: chrome on windows (50c3191233544f80e0eb5b2995301fd5)] -> xpath: //a[normalize-space()='PRODUCTS']]
Session ID: 50c3191233544f80e0eb5b2995301fd5 expected [true] but found [false]]]>
            </message>
            <full-stacktrace>
              <![CDATA[java.lang.AssertionError: Unable to click element : Product icon  --  [[ChromeDriver: chrome on windows (50c3191233544f80e0eb5b2995301fd5)] -> xpath: //a[normalize-space()='PRODUCTS']]  --  org.openqa.selenium.ElementClickInterceptedException: element click intercepted: Element <a class="nav-link showMegaMenuContainer ps-lg-0 active" href="javascript:void(0)" aa-data-attr="track_cta" aria-haspopup="true" aria-expanded="false" value="productsMegaMenu">...</a> is not clickable at point (555, 30). Other element would receive the click: <div class="modal-popup modal-large book-bike-ride request-callback" id="requestCallBackModel">...</div>
  (Session info: chrome=130.0.6723.92)
Build info: version: '4.13.0', revision: 'ba948ece5b*'
System info: os.name: 'Windows 10', os.arch: 'amd64', os.version: '10.0', java.version: '17.0.6'
Driver info: org.openqa.selenium.chrome.ChromeDriver
Command: [50c3191233544f80e0eb5b2995301fd5, clickElement {id=f.F0820FAC319528599EB11F4B5FD7207B.d.5D270B7523BCF3BC4068F1BC38F4E9A9.e.347}]
Capabilities {acceptInsecureCerts: false, browserName: chrome, browserVersion: 130.0.6723.92, chrome: {chromedriverVersion: 130.0.6723.91 (53ac07678369..., userDataDir: C:\Users\QA\AppData\Local\T...}, fedcm:accounts: true, goog:chromeOptions: {debuggerAddress: localhost:62644}, networkConnectionEnabled: false, pageLoadStrategy: normal, platformName: windows, proxy: Proxy(), se:cdp: ws://localhost:62644/devtoo..., se:cdpVersion: 130.0.6723.92, setWindowRect: true, strictFileInteractability: false, timeouts: {implicit: 0, pageLoad: 300000, script: 30000}, unhandledPromptBehavior: dismiss and notify, webauthn:extension:credBlob: true, webauthn:extension:largeBlob: true, webauthn:extension:minPinLength: true, webauthn:extension:prf: true, webauthn:virtualAuthenticators: true}
Element: [[ChromeDriver: chrome on windows (50c3191233544f80e0eb5b2995301fd5)] -> xpath: //a[normalize-space()='PRODUCTS']]
Session ID: 50c3191233544f80e0eb5b2995301fd5 expected [true] but found [false]
at org.testng.Assert.fail(Assert.java:110)
at org.testng.Assert.failNotEquals(Assert.java:1577)
at org.testng.Assert.assertTrue(Assert.java:56)
at GB_Webapp.Utility.Library.click(Library.java:40)
at GB_Webapp.StepDefinition.LoginPageTest.click_on(LoginPageTest.java:188)
at ✽.Click on "Product"(file:///C:/Users/QA/OneDrive/Documents/Azure/Hero_GB_WebApp_UI_Testing_BDD/./FeatureFilesBangladesh/01_LoginFeature.feature:100)
]]>
            </full-stacktrace>
          </exception> <!-- java.lang.AssertionError -->
          <reporter-output>
          </reporter-output>
        </test-method> <!-- runScenario -->
        <test-method signature="runScenario(io.cucumber.testng.PickleWrapper,io.cucumber.testng.FeatureWrapper)[pri:0, instance:GB_Webapp.TestRunner.Bangladesh@8dbfffb]" started-at="2024-11-05T23:59:08 IST" name="runScenario" description="Runs Cucumber Scenarios" data-provider="scenarios" finished-at="2024-11-05T23:59:10 IST" duration-ms="2072" status="FAIL">
          <params>
            <param index="0">
              <value>
                <![CDATA["TC_010 Successfully verify bike under Scooter icons"]]>
              </value>
            </param>
            <param index="1">
              <value>
                <![CDATA["HomePage"]]>
              </value>
            </param>
          </params>
          <exception class="java.lang.AssertionError">
            <message>
              <![CDATA[Unable to click element : Product icon  --  [[ChromeDriver: chrome on windows (50c3191233544f80e0eb5b2995301fd5)] -> xpath: //a[normalize-space()='PRODUCTS']]  --  org.openqa.selenium.ElementClickInterceptedException: element click intercepted: Element <a class="nav-link showMegaMenuContainer ps-lg-0 active" href="javascript:void(0)" aa-data-attr="track_cta" aria-haspopup="true" aria-expanded="false" value="productsMegaMenu">...</a> is not clickable at point (555, 30). Other element would receive the click: <div class="modal-popup modal-large book-bike-ride request-callback" id="requestCallBackModel">...</div>
  (Session info: chrome=130.0.6723.92)
Build info: version: '4.13.0', revision: 'ba948ece5b*'
System info: os.name: 'Windows 10', os.arch: 'amd64', os.version: '10.0', java.version: '17.0.6'
Driver info: org.openqa.selenium.chrome.ChromeDriver
Command: [50c3191233544f80e0eb5b2995301fd5, clickElement {id=f.F0820FAC319528599EB11F4B5FD7207B.d.5D270B7523BCF3BC4068F1BC38F4E9A9.e.347}]
Capabilities {acceptInsecureCerts: false, browserName: chrome, browserVersion: 130.0.6723.92, chrome: {chromedriverVersion: 130.0.6723.91 (53ac07678369..., userDataDir: C:\Users\QA\AppData\Local\T...}, fedcm:accounts: true, goog:chromeOptions: {debuggerAddress: localhost:62644}, networkConnectionEnabled: false, pageLoadStrategy: normal, platformName: windows, proxy: Proxy(), se:cdp: ws://localhost:62644/devtoo..., se:cdpVersion: 130.0.6723.92, setWindowRect: true, strictFileInteractability: false, timeouts: {implicit: 0, pageLoad: 300000, script: 30000}, unhandledPromptBehavior: dismiss and notify, webauthn:extension:credBlob: true, webauthn:extension:largeBlob: true, webauthn:extension:minPinLength: true, webauthn:extension:prf: true, webauthn:virtualAuthenticators: true}
Element: [[ChromeDriver: chrome on windows (50c3191233544f80e0eb5b2995301fd5)] -> xpath: //a[normalize-space()='PRODUCTS']]
Session ID: 50c3191233544f80e0eb5b2995301fd5 expected [true] but found [false]]]>
            </message>
            <full-stacktrace>
              <![CDATA[java.lang.AssertionError: Unable to click element : Product icon  --  [[ChromeDriver: chrome on windows (50c3191233544f80e0eb5b2995301fd5)] -> xpath: //a[normalize-space()='PRODUCTS']]  --  org.openqa.selenium.ElementClickInterceptedException: element click intercepted: Element <a class="nav-link showMegaMenuContainer ps-lg-0 active" href="javascript:void(0)" aa-data-attr="track_cta" aria-haspopup="true" aria-expanded="false" value="productsMegaMenu">...</a> is not clickable at point (555, 30). Other element would receive the click: <div class="modal-popup modal-large book-bike-ride request-callback" id="requestCallBackModel">...</div>
  (Session info: chrome=130.0.6723.92)
Build info: version: '4.13.0', revision: 'ba948ece5b*'
System info: os.name: 'Windows 10', os.arch: 'amd64', os.version: '10.0', java.version: '17.0.6'
Driver info: org.openqa.selenium.chrome.ChromeDriver
Command: [50c3191233544f80e0eb5b2995301fd5, clickElement {id=f.F0820FAC319528599EB11F4B5FD7207B.d.5D270B7523BCF3BC4068F1BC38F4E9A9.e.347}]
Capabilities {acceptInsecureCerts: false, browserName: chrome, browserVersion: 130.0.6723.92, chrome: {chromedriverVersion: 130.0.6723.91 (53ac07678369..., userDataDir: C:\Users\QA\AppData\Local\T...}, fedcm:accounts: true, goog:chromeOptions: {debuggerAddress: localhost:62644}, networkConnectionEnabled: false, pageLoadStrategy: normal, platformName: windows, proxy: Proxy(), se:cdp: ws://localhost:62644/devtoo..., se:cdpVersion: 130.0.6723.92, setWindowRect: true, strictFileInteractability: false, timeouts: {implicit: 0, pageLoad: 300000, script: 30000}, unhandledPromptBehavior: dismiss and notify, webauthn:extension:credBlob: true, webauthn:extension:largeBlob: true, webauthn:extension:minPinLength: true, webauthn:extension:prf: true, webauthn:virtualAuthenticators: true}
Element: [[ChromeDriver: chrome on windows (50c3191233544f80e0eb5b2995301fd5)] -> xpath: //a[normalize-space()='PRODUCTS']]
Session ID: 50c3191233544f80e0eb5b2995301fd5 expected [true] but found [false]
at org.testng.Assert.fail(Assert.java:110)
at org.testng.Assert.failNotEquals(Assert.java:1577)
at org.testng.Assert.assertTrue(Assert.java:56)
at GB_Webapp.Utility.Library.click(Library.java:40)
at GB_Webapp.StepDefinition.LoginPageTest.click_on(LoginPageTest.java:188)
at ✽.Click on "Product"(file:///C:/Users/QA/OneDrive/Documents/Azure/Hero_GB_WebApp_UI_Testing_BDD/./FeatureFilesBangladesh/01_LoginFeature.feature:114)
]]>
            </full-stacktrace>
          </exception> <!-- java.lang.AssertionError -->
          <reporter-output>
          </reporter-output>
        </test-method> <!-- runScenario -->
        <test-method signature="runScenario(io.cucumber.testng.PickleWrapper,io.cucumber.testng.FeatureWrapper)[pri:0, instance:GB_Webapp.TestRunner.Bangladesh@8dbfffb]" started-at="2024-11-05T23:59:10 IST" name="runScenario" description="Runs Cucumber Scenarios" data-provider="scenarios" finished-at="2024-11-05T23:59:29 IST" duration-ms="19451" status="PASS">
          <params>
            <param index="0">
              <value>
                <![CDATA["Successfully verify "Hf_Deluxe" bike feature under "commuter" icon"]]>
              </value>
            </param>
            <param index="1">
              <value>
                <![CDATA["Bangladesh BikeFeature"]]>
              </value>
            </param>
          </params>
          <reporter-output>
          </reporter-output>
        </test-method> <!-- runScenario -->
        <test-method signature="runScenario(io.cucumber.testng.PickleWrapper,io.cucumber.testng.FeatureWrapper)[pri:0, instance:GB_Webapp.TestRunner.Bangladesh@8dbfffb]" started-at="2024-11-05T23:59:29 IST" name="runScenario" description="Runs Cucumber Scenarios" data-provider="scenarios" finished-at="2024-11-05T23:59:46 IST" duration-ms="16402" status="PASS">
          <params>
            <param index="0">
              <value>
                <![CDATA["Successfully verify "Splendor+SE" bike feature under "commuter" icon"]]>
              </value>
            </param>
            <param index="1">
              <value>
                <![CDATA["Bangladesh BikeFeature"]]>
              </value>
            </param>
          </params>
          <reporter-output>
          </reporter-output>
        </test-method> <!-- runScenario -->
        <test-method signature="runScenario(io.cucumber.testng.PickleWrapper,io.cucumber.testng.FeatureWrapper)[pri:0, instance:GB_Webapp.TestRunner.Bangladesh@8dbfffb]" started-at="2024-11-05T23:59:46 IST" name="runScenario" description="Runs Cucumber Scenarios" data-provider="scenarios" finished-at="2024-11-05T23:59:49 IST" duration-ms="2916" status="FAIL">
          <params>
            <param index="0">
              <value>
                <![CDATA["Successfully verify "Splender+_XTEC" bike feature under "commuter" icon"]]>
              </value>
            </param>
            <param index="1">
              <value>
                <![CDATA["Bangladesh BikeFeature"]]>
              </value>
            </param>
          </params>
          <exception class="java.lang.AssertionError">
            <message>
              <![CDATA[Unable to click element : Product icon  --  [[ChromeDriver: chrome on windows (50c3191233544f80e0eb5b2995301fd5)] -> xpath: //a[normalize-space()='PRODUCTS']]  --  org.openqa.selenium.ElementClickInterceptedException: element click intercepted: Element <a class="nav-link showMegaMenuContainer ps-lg-0" href="javascript:void(0)" aa-data-attr="track_cta" aria-haspopup="true" aria-expanded="false" value="productsMegaMenu">...</a> is not clickable at point (553, 28). Other element would receive the click: <div class="modal-popup modal-large book-bike-ride request-callback" id="requestCallBackModel">...</div>
  (Session info: chrome=130.0.6723.92)
Build info: version: '4.13.0', revision: 'ba948ece5b*'
System info: os.name: 'Windows 10', os.arch: 'amd64', os.version: '10.0', java.version: '17.0.6'
Driver info: org.openqa.selenium.chrome.ChromeDriver
Command: [50c3191233544f80e0eb5b2995301fd5, clickElement {id=f.AED4D936C5B076E762611393775614BA.d.36E7A476768476E5EFB505D1A2B91034.e.786}]
Capabilities {acceptInsecureCerts: false, browserName: chrome, browserVersion: 130.0.6723.92, chrome: {chromedriverVersion: 130.0.6723.91 (53ac07678369..., userDataDir: C:\Users\QA\AppData\Local\T...}, fedcm:accounts: true, goog:chromeOptions: {debuggerAddress: localhost:62644}, networkConnectionEnabled: false, pageLoadStrategy: normal, platformName: windows, proxy: Proxy(), se:cdp: ws://localhost:62644/devtoo..., se:cdpVersion: 130.0.6723.92, setWindowRect: true, strictFileInteractability: false, timeouts: {implicit: 0, pageLoad: 300000, script: 30000}, unhandledPromptBehavior: dismiss and notify, webauthn:extension:credBlob: true, webauthn:extension:largeBlob: true, webauthn:extension:minPinLength: true, webauthn:extension:prf: true, webauthn:virtualAuthenticators: true}
Element: [[ChromeDriver: chrome on windows (50c3191233544f80e0eb5b2995301fd5)] -> xpath: //a[normalize-space()='PRODUCTS']]
Session ID: 50c3191233544f80e0eb5b2995301fd5 expected [true] but found [false]]]>
            </message>
            <full-stacktrace>
              <![CDATA[java.lang.AssertionError: Unable to click element : Product icon  --  [[ChromeDriver: chrome on windows (50c3191233544f80e0eb5b2995301fd5)] -> xpath: //a[normalize-space()='PRODUCTS']]  --  org.openqa.selenium.ElementClickInterceptedException: element click intercepted: Element <a class="nav-link showMegaMenuContainer ps-lg-0" href="javascript:void(0)" aa-data-attr="track_cta" aria-haspopup="true" aria-expanded="false" value="productsMegaMenu">...</a> is not clickable at point (553, 28). Other element would receive the click: <div class="modal-popup modal-large book-bike-ride request-callback" id="requestCallBackModel">...</div>
  (Session info: chrome=130.0.6723.92)
Build info: version: '4.13.0', revision: 'ba948ece5b*'
System info: os.name: 'Windows 10', os.arch: 'amd64', os.version: '10.0', java.version: '17.0.6'
Driver info: org.openqa.selenium.chrome.ChromeDriver
Command: [50c3191233544f80e0eb5b2995301fd5, clickElement {id=f.AED4D936C5B076E762611393775614BA.d.36E7A476768476E5EFB505D1A2B91034.e.786}]
Capabilities {acceptInsecureCerts: false, browserName: chrome, browserVersion: 130.0.6723.92, chrome: {chromedriverVersion: 130.0.6723.91 (53ac07678369..., userDataDir: C:\Users\QA\AppData\Local\T...}, fedcm:accounts: true, goog:chromeOptions: {debuggerAddress: localhost:62644}, networkConnectionEnabled: false, pageLoadStrategy: normal, platformName: windows, proxy: Proxy(), se:cdp: ws://localhost:62644/devtoo..., se:cdpVersion: 130.0.6723.92, setWindowRect: true, strictFileInteractability: false, timeouts: {implicit: 0, pageLoad: 300000, script: 30000}, unhandledPromptBehavior: dismiss and notify, webauthn:extension:credBlob: true, webauthn:extension:largeBlob: true, webauthn:extension:minPinLength: true, webauthn:extension:prf: true, webauthn:virtualAuthenticators: true}
Element: [[ChromeDriver: chrome on windows (50c3191233544f80e0eb5b2995301fd5)] -> xpath: //a[normalize-space()='PRODUCTS']]
Session ID: 50c3191233544f80e0eb5b2995301fd5 expected [true] but found [false]
at org.testng.Assert.fail(Assert.java:110)
at org.testng.Assert.failNotEquals(Assert.java:1577)
at org.testng.Assert.assertTrue(Assert.java:56)
at GB_Webapp.Utility.Library.click(Library.java:40)
at GB_Webapp.StepDefinition.LoginPageTest.click_on(LoginPageTest.java:188)
at ✽.Click on "Product"(file:///C:/Users/QA/OneDrive/Documents/Azure/Hero_GB_WebApp_UI_Testing_BDD/./FeatureFilesBangladesh/02_BikeFeature.feature:5)
]]>
            </full-stacktrace>
          </exception> <!-- java.lang.AssertionError -->
          <reporter-output>
          </reporter-output>
        </test-method> <!-- runScenario -->
        <test-method signature="runScenario(io.cucumber.testng.PickleWrapper,io.cucumber.testng.FeatureWrapper)[pri:0, instance:GB_Webapp.TestRunner.Bangladesh@8dbfffb]" started-at="2024-11-05T23:59:49 IST" name="runScenario" description="Runs Cucumber Scenarios" data-provider="scenarios" finished-at="2024-11-06T00:00:09 IST" duration-ms="19816" status="PASS">
          <params>
            <param index="0">
              <value>
                <![CDATA["Successfully verify "Passion_XPRO" bike feature under "commuter" icon"]]>
              </value>
            </param>
            <param index="1">
              <value>
                <![CDATA["Bangladesh BikeFeature"]]>
              </value>
            </param>
          </params>
          <reporter-output>
          </reporter-output>
        </test-method> <!-- runScenario -->
        <test-method signature="runScenario(io.cucumber.testng.PickleWrapper,io.cucumber.testng.FeatureWrapper)[pri:0, instance:GB_Webapp.TestRunner.Bangladesh@8dbfffb]" started-at="2024-11-06T00:00:09 IST" name="runScenario" description="Runs Cucumber Scenarios" data-provider="scenarios" finished-at="2024-11-06T00:00:12 IST" duration-ms="3048" status="FAIL">
          <params>
            <param index="0">
              <value>
                <![CDATA["Successfully verify "Passion_XPRO_XTEC" bike feature under "commuter" icon"]]>
              </value>
            </param>
            <param index="1">
              <value>
                <![CDATA["Bangladesh BikeFeature"]]>
              </value>
            </param>
          </params>
          <exception class="java.lang.AssertionError">
            <message>
              <![CDATA[Unable to click element : Product icon  --  [[ChromeDriver: chrome on windows (50c3191233544f80e0eb5b2995301fd5)] -> xpath: //a[normalize-space()='PRODUCTS']]  --  org.openqa.selenium.ElementClickInterceptedException: element click intercepted: Element <a class="nav-link showMegaMenuContainer ps-lg-0" href="javascript:void(0)" aa-data-attr="track_cta" aria-haspopup="true" aria-expanded="false" value="productsMegaMenu">...</a> is not clickable at point (553, 30). Other element would receive the click: <div class="modal-popup modal-large book-bike-ride request-callback" id="requestCallBackModel">...</div>
  (Session info: chrome=130.0.6723.92)
Build info: version: '4.13.0', revision: 'ba948ece5b*'
System info: os.name: 'Windows 10', os.arch: 'amd64', os.version: '10.0', java.version: '17.0.6'
Driver info: org.openqa.selenium.chrome.ChromeDriver
Command: [50c3191233544f80e0eb5b2995301fd5, clickElement {id=f.328AB2519B5F862BDB17D59F7AB52C25.d.EA8BD085C51E22E2E00D4BA8B4AEB30E.e.984}]
Capabilities {acceptInsecureCerts: false, browserName: chrome, browserVersion: 130.0.6723.92, chrome: {chromedriverVersion: 130.0.6723.91 (53ac07678369..., userDataDir: C:\Users\QA\AppData\Local\T...}, fedcm:accounts: true, goog:chromeOptions: {debuggerAddress: localhost:62644}, networkConnectionEnabled: false, pageLoadStrategy: normal, platformName: windows, proxy: Proxy(), se:cdp: ws://localhost:62644/devtoo..., se:cdpVersion: 130.0.6723.92, setWindowRect: true, strictFileInteractability: false, timeouts: {implicit: 0, pageLoad: 300000, script: 30000}, unhandledPromptBehavior: dismiss and notify, webauthn:extension:credBlob: true, webauthn:extension:largeBlob: true, webauthn:extension:minPinLength: true, webauthn:extension:prf: true, webauthn:virtualAuthenticators: true}
Element: [[ChromeDriver: chrome on windows (50c3191233544f80e0eb5b2995301fd5)] -> xpath: //a[normalize-space()='PRODUCTS']]
Session ID: 50c3191233544f80e0eb5b2995301fd5 expected [true] but found [false]]]>
            </message>
            <full-stacktrace>
              <![CDATA[java.lang.AssertionError: Unable to click element : Product icon  --  [[ChromeDriver: chrome on windows (50c3191233544f80e0eb5b2995301fd5)] -> xpath: //a[normalize-space()='PRODUCTS']]  --  org.openqa.selenium.ElementClickInterceptedException: element click intercepted: Element <a class="nav-link showMegaMenuContainer ps-lg-0" href="javascript:void(0)" aa-data-attr="track_cta" aria-haspopup="true" aria-expanded="false" value="productsMegaMenu">...</a> is not clickable at point (553, 30). Other element would receive the click: <div class="modal-popup modal-large book-bike-ride request-callback" id="requestCallBackModel">...</div>
  (Session info: chrome=130.0.6723.92)
Build info: version: '4.13.0', revision: 'ba948ece5b*'
System info: os.name: 'Windows 10', os.arch: 'amd64', os.version: '10.0', java.version: '17.0.6'
Driver info: org.openqa.selenium.chrome.ChromeDriver
Command: [50c3191233544f80e0eb5b2995301fd5, clickElement {id=f.328AB2519B5F862BDB17D59F7AB52C25.d.EA8BD085C51E22E2E00D4BA8B4AEB30E.e.984}]
Capabilities {acceptInsecureCerts: false, browserName: chrome, browserVersion: 130.0.6723.92, chrome: {chromedriverVersion: 130.0.6723.91 (53ac07678369..., userDataDir: C:\Users\QA\AppData\Local\T...}, fedcm:accounts: true, goog:chromeOptions: {debuggerAddress: localhost:62644}, networkConnectionEnabled: false, pageLoadStrategy: normal, platformName: windows, proxy: Proxy(), se:cdp: ws://localhost:62644/devtoo..., se:cdpVersion: 130.0.6723.92, setWindowRect: true, strictFileInteractability: false, timeouts: {implicit: 0, pageLoad: 300000, script: 30000}, unhandledPromptBehavior: dismiss and notify, webauthn:extension:credBlob: true, webauthn:extension:largeBlob: true, webauthn:extension:minPinLength: true, webauthn:extension:prf: true, webauthn:virtualAuthenticators: true}
Element: [[ChromeDriver: chrome on windows (50c3191233544f80e0eb5b2995301fd5)] -> xpath: //a[normalize-space()='PRODUCTS']]
Session ID: 50c3191233544f80e0eb5b2995301fd5 expected [true] but found [false]
at org.testng.Assert.fail(Assert.java:110)
at org.testng.Assert.failNotEquals(Assert.java:1577)
at org.testng.Assert.assertTrue(Assert.java:56)
at GB_Webapp.Utility.Library.click(Library.java:40)
at GB_Webapp.StepDefinition.LoginPageTest.click_on(LoginPageTest.java:188)
at ✽.Click on "Product"(file:///C:/Users/QA/OneDrive/Documents/Azure/Hero_GB_WebApp_UI_Testing_BDD/./FeatureFilesBangladesh/02_BikeFeature.feature:5)
]]>
            </full-stacktrace>
          </exception> <!-- java.lang.AssertionError -->
          <reporter-output>
          </reporter-output>
        </test-method> <!-- runScenario -->
        <test-method signature="runScenario(io.cucumber.testng.PickleWrapper,io.cucumber.testng.FeatureWrapper)[pri:0, instance:GB_Webapp.TestRunner.Bangladesh@8dbfffb]" started-at="2024-11-06T00:00:12 IST" name="runScenario" description="Runs Cucumber Scenarios" data-provider="scenarios" finished-at="2024-11-06T00:00:32 IST" duration-ms="20595" status="PASS">
          <params>
            <param index="0">
              <value>
                <![CDATA["Successfully verify "Glamour" bike feature under "executive" icon"]]>
              </value>
            </param>
            <param index="1">
              <value>
                <![CDATA["Bangladesh BikeFeature"]]>
              </value>
            </param>
          </params>
          <reporter-output>
          </reporter-output>
        </test-method> <!-- runScenario -->
        <test-method signature="runScenario(io.cucumber.testng.PickleWrapper,io.cucumber.testng.FeatureWrapper)[pri:0, instance:GB_Webapp.TestRunner.Bangladesh@8dbfffb]" started-at="2024-11-06T00:00:32 IST" name="runScenario" description="Runs Cucumber Scenarios" data-provider="scenarios" finished-at="2024-11-06T00:00:49 IST" duration-ms="16332" status="PASS">
          <params>
            <param index="0">
              <value>
                <![CDATA["Successfully verify "Ignitor_techno" bike feature under "executive" icon"]]>
              </value>
            </param>
            <param index="1">
              <value>
                <![CDATA["Bangladesh BikeFeature"]]>
              </value>
            </param>
          </params>
          <reporter-output>
          </reporter-output>
        </test-method> <!-- runScenario -->
        <test-method signature="runScenario(io.cucumber.testng.PickleWrapper,io.cucumber.testng.FeatureWrapper)[pri:0, instance:GB_Webapp.TestRunner.Bangladesh@8dbfffb]" started-at="2024-11-06T00:00:49 IST" name="runScenario" description="Runs Cucumber Scenarios" data-provider="scenarios" finished-at="2024-11-06T00:00:51 IST" duration-ms="2904" status="FAIL">
          <params>
            <param index="0">
              <value>
                <![CDATA["Successfully verify "Ignitor_XTEC" bike feature under "executive" icon"]]>
              </value>
            </param>
            <param index="1">
              <value>
                <![CDATA["Bangladesh BikeFeature"]]>
              </value>
            </param>
          </params>
          <exception class="java.lang.AssertionError">
            <message>
              <![CDATA[Unable to click element : Product icon  --  [[ChromeDriver: chrome on windows (50c3191233544f80e0eb5b2995301fd5)] -> xpath: //a[normalize-space()='PRODUCTS']]  --  org.openqa.selenium.ElementClickInterceptedException: element click intercepted: Element <a class="nav-link showMegaMenuContainer ps-lg-0" href="javascript:void(0)" aa-data-attr="track_cta" aria-haspopup="true" aria-expanded="false" value="productsMegaMenu">...</a> is not clickable at point (553, 29). Other element would receive the click: <div class="modal-popup modal-large book-bike-ride request-callback" id="requestCallBackModel">...</div>
  (Session info: chrome=130.0.6723.92)
Build info: version: '4.13.0', revision: 'ba948ece5b*'
System info: os.name: 'Windows 10', os.arch: 'amd64', os.version: '10.0', java.version: '17.0.6'
Driver info: org.openqa.selenium.chrome.ChromeDriver
Command: [50c3191233544f80e0eb5b2995301fd5, clickElement {id=f.C52C088B79890923A4E08DC63650C1F1.d.29A1AD6E7B7186510607C10AD80E6037.e.1374}]
Capabilities {acceptInsecureCerts: false, browserName: chrome, browserVersion: 130.0.6723.92, chrome: {chromedriverVersion: 130.0.6723.91 (53ac07678369..., userDataDir: C:\Users\QA\AppData\Local\T...}, fedcm:accounts: true, goog:chromeOptions: {debuggerAddress: localhost:62644}, networkConnectionEnabled: false, pageLoadStrategy: normal, platformName: windows, proxy: Proxy(), se:cdp: ws://localhost:62644/devtoo..., se:cdpVersion: 130.0.6723.92, setWindowRect: true, strictFileInteractability: false, timeouts: {implicit: 0, pageLoad: 300000, script: 30000}, unhandledPromptBehavior: dismiss and notify, webauthn:extension:credBlob: true, webauthn:extension:largeBlob: true, webauthn:extension:minPinLength: true, webauthn:extension:prf: true, webauthn:virtualAuthenticators: true}
Element: [[ChromeDriver: chrome on windows (50c3191233544f80e0eb5b2995301fd5)] -> xpath: //a[normalize-space()='PRODUCTS']]
Session ID: 50c3191233544f80e0eb5b2995301fd5 expected [true] but found [false]]]>
            </message>
            <full-stacktrace>
              <![CDATA[java.lang.AssertionError: Unable to click element : Product icon  --  [[ChromeDriver: chrome on windows (50c3191233544f80e0eb5b2995301fd5)] -> xpath: //a[normalize-space()='PRODUCTS']]  --  org.openqa.selenium.ElementClickInterceptedException: element click intercepted: Element <a class="nav-link showMegaMenuContainer ps-lg-0" href="javascript:void(0)" aa-data-attr="track_cta" aria-haspopup="true" aria-expanded="false" value="productsMegaMenu">...</a> is not clickable at point (553, 29). Other element would receive the click: <div class="modal-popup modal-large book-bike-ride request-callback" id="requestCallBackModel">...</div>
  (Session info: chrome=130.0.6723.92)
Build info: version: '4.13.0', revision: 'ba948ece5b*'
System info: os.name: 'Windows 10', os.arch: 'amd64', os.version: '10.0', java.version: '17.0.6'
Driver info: org.openqa.selenium.chrome.ChromeDriver
Command: [50c3191233544f80e0eb5b2995301fd5, clickElement {id=f.C52C088B79890923A4E08DC63650C1F1.d.29A1AD6E7B7186510607C10AD80E6037.e.1374}]
Capabilities {acceptInsecureCerts: false, browserName: chrome, browserVersion: 130.0.6723.92, chrome: {chromedriverVersion: 130.0.6723.91 (53ac07678369..., userDataDir: C:\Users\QA\AppData\Local\T...}, fedcm:accounts: true, goog:chromeOptions: {debuggerAddress: localhost:62644}, networkConnectionEnabled: false, pageLoadStrategy: normal, platformName: windows, proxy: Proxy(), se:cdp: ws://localhost:62644/devtoo..., se:cdpVersion: 130.0.6723.92, setWindowRect: true, strictFileInteractability: false, timeouts: {implicit: 0, pageLoad: 300000, script: 30000}, unhandledPromptBehavior: dismiss and notify, webauthn:extension:credBlob: true, webauthn:extension:largeBlob: true, webauthn:extension:minPinLength: true, webauthn:extension:prf: true, webauthn:virtualAuthenticators: true}
Element: [[ChromeDriver: chrome on windows (50c3191233544f80e0eb5b2995301fd5)] -> xpath: //a[normalize-space()='PRODUCTS']]
Session ID: 50c3191233544f80e0eb5b2995301fd5 expected [true] but found [false]
at org.testng.Assert.fail(Assert.java:110)
at org.testng.Assert.failNotEquals(Assert.java:1577)
at org.testng.Assert.assertTrue(Assert.java:56)
at GB_Webapp.Utility.Library.click(Library.java:40)
at GB_Webapp.StepDefinition.LoginPageTest.click_on(LoginPageTest.java:188)
at ✽.Click on "Product"(file:///C:/Users/QA/OneDrive/Documents/Azure/Hero_GB_WebApp_UI_Testing_BDD/./FeatureFilesBangladesh/02_BikeFeature.feature:5)
]]>
            </full-stacktrace>
          </exception> <!-- java.lang.AssertionError -->
          <reporter-output>
          </reporter-output>
        </test-method> <!-- runScenario -->
        <test-method signature="runScenario(io.cucumber.testng.PickleWrapper,io.cucumber.testng.FeatureWrapper)[pri:0, instance:GB_Webapp.TestRunner.Bangladesh@8dbfffb]" started-at="2024-11-06T00:00:51 IST" name="runScenario" description="Runs Cucumber Scenarios" data-provider="scenarios" finished-at="2024-11-06T00:01:12 IST" duration-ms="20419" status="PASS">
          <params>
            <param index="0">
              <value>
                <![CDATA["Successfully verify "Thriller_160R_4V" bike feature under "Premium" icon"]]>
              </value>
            </param>
            <param index="1">
              <value>
                <![CDATA["Bangladesh BikeFeature"]]>
              </value>
            </param>
          </params>
          <reporter-output>
          </reporter-output>
        </test-method> <!-- runScenario -->
        <test-method signature="runScenario(io.cucumber.testng.PickleWrapper,io.cucumber.testng.FeatureWrapper)[pri:0, instance:GB_Webapp.TestRunner.Bangladesh@8dbfffb]" started-at="2024-11-06T00:01:12 IST" name="runScenario" description="Runs Cucumber Scenarios" data-provider="scenarios" finished-at="2024-11-06T00:01:15 IST" duration-ms="2994" status="FAIL">
          <params>
            <param index="0">
              <value>
                <![CDATA["Successfully verify "Hunk_150" bike feature under "Premium" icon"]]>
              </value>
            </param>
            <param index="1">
              <value>
                <![CDATA["Bangladesh BikeFeature"]]>
              </value>
            </param>
          </params>
          <exception class="java.lang.AssertionError">
            <message>
              <![CDATA[Unable to click element : Product icon  --  [[ChromeDriver: chrome on windows (50c3191233544f80e0eb5b2995301fd5)] -> xpath: //a[normalize-space()='PRODUCTS']]  --  org.openqa.selenium.ElementClickInterceptedException: element click intercepted: Element <a class="nav-link showMegaMenuContainer ps-lg-0" href="javascript:void(0)" aa-data-attr="track_cta" aria-haspopup="true" aria-expanded="false" value="productsMegaMenu">...</a> is not clickable at point (553, 30). Other element would receive the click: <div class="modal-popup modal-large book-bike-ride request-callback" id="requestCallBackModel">...</div>
  (Session info: chrome=130.0.6723.92)
Build info: version: '4.13.0', revision: 'ba948ece5b*'
System info: os.name: 'Windows 10', os.arch: 'amd64', os.version: '10.0', java.version: '17.0.6'
Driver info: org.openqa.selenium.chrome.ChromeDriver
Command: [50c3191233544f80e0eb5b2995301fd5, clickElement {id=f.7348078180EAA667DA0C5B8FBF87F4AA.d.72A88E4B6A00E62AD49EB07E5FE00B07.e.1617}]
Capabilities {acceptInsecureCerts: false, browserName: chrome, browserVersion: 130.0.6723.92, chrome: {chromedriverVersion: 130.0.6723.91 (53ac07678369..., userDataDir: C:\Users\QA\AppData\Local\T...}, fedcm:accounts: true, goog:chromeOptions: {debuggerAddress: localhost:62644}, networkConnectionEnabled: false, pageLoadStrategy: normal, platformName: windows, proxy: Proxy(), se:cdp: ws://localhost:62644/devtoo..., se:cdpVersion: 130.0.6723.92, setWindowRect: true, strictFileInteractability: false, timeouts: {implicit: 0, pageLoad: 300000, script: 30000}, unhandledPromptBehavior: dismiss and notify, webauthn:extension:credBlob: true, webauthn:extension:largeBlob: true, webauthn:extension:minPinLength: true, webauthn:extension:prf: true, webauthn:virtualAuthenticators: true}
Element: [[ChromeDriver: chrome on windows (50c3191233544f80e0eb5b2995301fd5)] -> xpath: //a[normalize-space()='PRODUCTS']]
Session ID: 50c3191233544f80e0eb5b2995301fd5 expected [true] but found [false]]]>
            </message>
            <full-stacktrace>
              <![CDATA[java.lang.AssertionError: Unable to click element : Product icon  --  [[ChromeDriver: chrome on windows (50c3191233544f80e0eb5b2995301fd5)] -> xpath: //a[normalize-space()='PRODUCTS']]  --  org.openqa.selenium.ElementClickInterceptedException: element click intercepted: Element <a class="nav-link showMegaMenuContainer ps-lg-0" href="javascript:void(0)" aa-data-attr="track_cta" aria-haspopup="true" aria-expanded="false" value="productsMegaMenu">...</a> is not clickable at point (553, 30). Other element would receive the click: <div class="modal-popup modal-large book-bike-ride request-callback" id="requestCallBackModel">...</div>
  (Session info: chrome=130.0.6723.92)
Build info: version: '4.13.0', revision: 'ba948ece5b*'
System info: os.name: 'Windows 10', os.arch: 'amd64', os.version: '10.0', java.version: '17.0.6'
Driver info: org.openqa.selenium.chrome.ChromeDriver
Command: [50c3191233544f80e0eb5b2995301fd5, clickElement {id=f.7348078180EAA667DA0C5B8FBF87F4AA.d.72A88E4B6A00E62AD49EB07E5FE00B07.e.1617}]
Capabilities {acceptInsecureCerts: false, browserName: chrome, browserVersion: 130.0.6723.92, chrome: {chromedriverVersion: 130.0.6723.91 (53ac07678369..., userDataDir: C:\Users\QA\AppData\Local\T...}, fedcm:accounts: true, goog:chromeOptions: {debuggerAddress: localhost:62644}, networkConnectionEnabled: false, pageLoadStrategy: normal, platformName: windows, proxy: Proxy(), se:cdp: ws://localhost:62644/devtoo..., se:cdpVersion: 130.0.6723.92, setWindowRect: true, strictFileInteractability: false, timeouts: {implicit: 0, pageLoad: 300000, script: 30000}, unhandledPromptBehavior: dismiss and notify, webauthn:extension:credBlob: true, webauthn:extension:largeBlob: true, webauthn:extension:minPinLength: true, webauthn:extension:prf: true, webauthn:virtualAuthenticators: true}
Element: [[ChromeDriver: chrome on windows (50c3191233544f80e0eb5b2995301fd5)] -> xpath: //a[normalize-space()='PRODUCTS']]
Session ID: 50c3191233544f80e0eb5b2995301fd5 expected [true] but found [false]
at org.testng.Assert.fail(Assert.java:110)
at org.testng.Assert.failNotEquals(Assert.java:1577)
at org.testng.Assert.assertTrue(Assert.java:56)
at GB_Webapp.Utility.Library.click(Library.java:40)
at GB_Webapp.StepDefinition.LoginPageTest.click_on(LoginPageTest.java:188)
at ✽.Click on "Product"(file:///C:/Users/QA/OneDrive/Documents/Azure/Hero_GB_WebApp_UI_Testing_BDD/./FeatureFilesBangladesh/02_BikeFeature.feature:5)
]]>
            </full-stacktrace>
          </exception> <!-- java.lang.AssertionError -->
          <reporter-output>
          </reporter-output>
        </test-method> <!-- runScenario -->
        <test-method signature="runScenario(io.cucumber.testng.PickleWrapper,io.cucumber.testng.FeatureWrapper)[pri:0, instance:GB_Webapp.TestRunner.Bangladesh@8dbfffb]" started-at="2024-11-06T00:01:15 IST" name="runScenario" description="Runs Cucumber Scenarios" data-provider="scenarios" finished-at="2024-11-06T00:01:36 IST" duration-ms="20617" status="PASS">
          <params>
            <param index="0">
              <value>
                <![CDATA["Successfully verify "Hunk_150R" bike feature under "Premium" icon"]]>
              </value>
            </param>
            <param index="1">
              <value>
                <![CDATA["Bangladesh BikeFeature"]]>
              </value>
            </param>
          </params>
          <reporter-output>
          </reporter-output>
        </test-method> <!-- runScenario -->
        <test-method signature="runScenario(io.cucumber.testng.PickleWrapper,io.cucumber.testng.FeatureWrapper)[pri:0, instance:GB_Webapp.TestRunner.Bangladesh@8dbfffb]" started-at="2024-11-06T00:01:36 IST" name="runScenario" description="Runs Cucumber Scenarios" data-provider="scenarios" finished-at="2024-11-06T00:01:38 IST" duration-ms="2871" status="FAIL">
          <params>
            <param index="0">
              <value>
                <![CDATA["Successfully verify "Thriller_160R" bike feature under "Premium" icon"]]>
              </value>
            </param>
            <param index="1">
              <value>
                <![CDATA["Bangladesh BikeFeature"]]>
              </value>
            </param>
          </params>
          <exception class="java.lang.AssertionError">
            <message>
              <![CDATA[Unable to click element : Product icon  --  [[ChromeDriver: chrome on windows (50c3191233544f80e0eb5b2995301fd5)] -> xpath: //a[normalize-space()='PRODUCTS']]  --  org.openqa.selenium.ElementClickInterceptedException: element click intercepted: Element <a class="nav-link showMegaMenuContainer ps-lg-0" href="javascript:void(0)" aa-data-attr="track_cta" aria-haspopup="true" aria-expanded="false" value="productsMegaMenu">...</a> is not clickable at point (553, 26). Other element would receive the click: <div class="modal-popup modal-large book-bike-ride request-callback" id="requestCallBackModel">...</div>
  (Session info: chrome=130.0.6723.92)
Build info: version: '4.13.0', revision: 'ba948ece5b*'
System info: os.name: 'Windows 10', os.arch: 'amd64', os.version: '10.0', java.version: '17.0.6'
Driver info: org.openqa.selenium.chrome.ChromeDriver
Command: [50c3191233544f80e0eb5b2995301fd5, clickElement {id=f.BCE0CBE40EE89E78F58D568F57779763.d.9D1224D1E5F0F67F4D615817F59B32AE.e.1857}]
Capabilities {acceptInsecureCerts: false, browserName: chrome, browserVersion: 130.0.6723.92, chrome: {chromedriverVersion: 130.0.6723.91 (53ac07678369..., userDataDir: C:\Users\QA\AppData\Local\T...}, fedcm:accounts: true, goog:chromeOptions: {debuggerAddress: localhost:62644}, networkConnectionEnabled: false, pageLoadStrategy: normal, platformName: windows, proxy: Proxy(), se:cdp: ws://localhost:62644/devtoo..., se:cdpVersion: 130.0.6723.92, setWindowRect: true, strictFileInteractability: false, timeouts: {implicit: 0, pageLoad: 300000, script: 30000}, unhandledPromptBehavior: dismiss and notify, webauthn:extension:credBlob: true, webauthn:extension:largeBlob: true, webauthn:extension:minPinLength: true, webauthn:extension:prf: true, webauthn:virtualAuthenticators: true}
Element: [[ChromeDriver: chrome on windows (50c3191233544f80e0eb5b2995301fd5)] -> xpath: //a[normalize-space()='PRODUCTS']]
Session ID: 50c3191233544f80e0eb5b2995301fd5 expected [true] but found [false]]]>
            </message>
            <full-stacktrace>
              <![CDATA[java.lang.AssertionError: Unable to click element : Product icon  --  [[ChromeDriver: chrome on windows (50c3191233544f80e0eb5b2995301fd5)] -> xpath: //a[normalize-space()='PRODUCTS']]  --  org.openqa.selenium.ElementClickInterceptedException: element click intercepted: Element <a class="nav-link showMegaMenuContainer ps-lg-0" href="javascript:void(0)" aa-data-attr="track_cta" aria-haspopup="true" aria-expanded="false" value="productsMegaMenu">...</a> is not clickable at point (553, 26). Other element would receive the click: <div class="modal-popup modal-large book-bike-ride request-callback" id="requestCallBackModel">...</div>
  (Session info: chrome=130.0.6723.92)
Build info: version: '4.13.0', revision: 'ba948ece5b*'
System info: os.name: 'Windows 10', os.arch: 'amd64', os.version: '10.0', java.version: '17.0.6'
Driver info: org.openqa.selenium.chrome.ChromeDriver
Command: [50c3191233544f80e0eb5b2995301fd5, clickElement {id=f.BCE0CBE40EE89E78F58D568F57779763.d.9D1224D1E5F0F67F4D615817F59B32AE.e.1857}]
Capabilities {acceptInsecureCerts: false, browserName: chrome, browserVersion: 130.0.6723.92, chrome: {chromedriverVersion: 130.0.6723.91 (53ac07678369..., userDataDir: C:\Users\QA\AppData\Local\T...}, fedcm:accounts: true, goog:chromeOptions: {debuggerAddress: localhost:62644}, networkConnectionEnabled: false, pageLoadStrategy: normal, platformName: windows, proxy: Proxy(), se:cdp: ws://localhost:62644/devtoo..., se:cdpVersion: 130.0.6723.92, setWindowRect: true, strictFileInteractability: false, timeouts: {implicit: 0, pageLoad: 300000, script: 30000}, unhandledPromptBehavior: dismiss and notify, webauthn:extension:credBlob: true, webauthn:extension:largeBlob: true, webauthn:extension:minPinLength: true, webauthn:extension:prf: true, webauthn:virtualAuthenticators: true}
Element: [[ChromeDriver: chrome on windows (50c3191233544f80e0eb5b2995301fd5)] -> xpath: //a[normalize-space()='PRODUCTS']]
Session ID: 50c3191233544f80e0eb5b2995301fd5 expected [true] but found [false]
at org.testng.Assert.fail(Assert.java:110)
at org.testng.Assert.failNotEquals(Assert.java:1577)
at org.testng.Assert.assertTrue(Assert.java:56)
at GB_Webapp.Utility.Library.click(Library.java:40)
at GB_Webapp.StepDefinition.LoginPageTest.click_on(LoginPageTest.java:188)
at ✽.Click on "Product"(file:///C:/Users/QA/OneDrive/Documents/Azure/Hero_GB_WebApp_UI_Testing_BDD/./FeatureFilesBangladesh/02_BikeFeature.feature:5)
]]>
            </full-stacktrace>
          </exception> <!-- java.lang.AssertionError -->
          <reporter-output>
          </reporter-output>
        </test-method> <!-- runScenario -->
        <test-method signature="runScenario(io.cucumber.testng.PickleWrapper,io.cucumber.testng.FeatureWrapper)[pri:0, instance:GB_Webapp.TestRunner.Bangladesh@8dbfffb]" started-at="2024-11-06T00:01:38 IST" name="runScenario" description="Runs Cucumber Scenarios" data-provider="scenarios" finished-at="2024-11-06T00:01:58 IST" duration-ms="19801" status="PASS">
          <params>
            <param index="0">
              <value>
                <![CDATA["Successfully verify "Pleasure" bike feature under "Scooter" icon"]]>
              </value>
            </param>
            <param index="1">
              <value>
                <![CDATA["Bangladesh BikeFeature"]]>
              </value>
            </param>
          </params>
          <reporter-output>
          </reporter-output>
        </test-method> <!-- runScenario -->
        <test-method signature="runScenario(io.cucumber.testng.PickleWrapper,io.cucumber.testng.FeatureWrapper)[pri:0, instance:GB_Webapp.TestRunner.Bangladesh@8dbfffb]" started-at="2024-11-06T00:01:58 IST" name="runScenario" description="Runs Cucumber Scenarios" data-provider="scenarios" finished-at="2024-11-06T00:02:14 IST" duration-ms="15632" status="PASS">
          <params>
            <param index="0">
              <value>
                <![CDATA["Successfully verify "MAESTRO_EDGE_XTEC" bike feature under "Scooter" icon"]]>
              </value>
            </param>
            <param index="1">
              <value>
                <![CDATA["Bangladesh BikeFeature"]]>
              </value>
            </param>
          </params>
          <reporter-output>
          </reporter-output>
        </test-method> <!-- runScenario -->
        <test-method signature="runScenario(io.cucumber.testng.PickleWrapper,io.cucumber.testng.FeatureWrapper)[pri:0, instance:GB_Webapp.TestRunner.Bangladesh@8dbfffb]" started-at="2024-11-06T00:02:14 IST" name="runScenario" description="Runs Cucumber Scenarios" data-provider="scenarios" finished-at="2024-11-06T00:02:19 IST" duration-ms="5071" status="PASS">
          <params>
            <param index="0">
              <value>
                <![CDATA["TC_001 Successfully click on dealers icon"]]>
              </value>
            </param>
            <param index="1">
              <value>
                <![CDATA["Service"]]>
              </value>
            </param>
          </params>
          <reporter-output>
          </reporter-output>
        </test-method> <!-- runScenario -->
        <test-method signature="runScenario(io.cucumber.testng.PickleWrapper,io.cucumber.testng.FeatureWrapper)[pri:0, instance:GB_Webapp.TestRunner.Bangladesh@8dbfffb]" started-at="2024-11-06T00:02:19 IST" name="runScenario" description="Runs Cucumber Scenarios" data-provider="scenarios" finished-at="2024-11-06T00:02:38 IST" duration-ms="19337" status="PASS">
          <params>
            <param index="0">
              <value>
                <![CDATA["TC_002 Successfully click on service icon"]]>
              </value>
            </param>
            <param index="1">
              <value>
                <![CDATA["Service"]]>
              </value>
            </param>
          </params>
          <reporter-output>
          </reporter-output>
        </test-method> <!-- runScenario -->
        <test-method signature="runScenario(io.cucumber.testng.PickleWrapper,io.cucumber.testng.FeatureWrapper)[pri:0, instance:GB_Webapp.TestRunner.Bangladesh@8dbfffb]" started-at="2024-11-06T00:02:38 IST" name="runScenario" description="Runs Cucumber Scenarios" data-provider="scenarios" finished-at="2024-11-06T00:03:11 IST" duration-ms="32990" status="PASS">
          <params>
            <param index="0">
              <value>
                <![CDATA["TC_001 Successfully click on Hero world icon"]]>
              </value>
            </param>
            <param index="1">
              <value>
                <![CDATA["HeroWorld"]]>
              </value>
            </param>
          </params>
          <reporter-output>
          </reporter-output>
        </test-method> <!-- runScenario -->
        <test-method signature="runScenario(io.cucumber.testng.PickleWrapper,io.cucumber.testng.FeatureWrapper)[pri:0, instance:GB_Webapp.TestRunner.Bangladesh@8dbfffb]" started-at="2024-11-06T00:03:11 IST" name="runScenario" description="Runs Cucumber Scenarios" data-provider="scenarios" finished-at="2024-11-06T00:03:31 IST" duration-ms="19549" status="FAIL">
          <params>
            <param index="0">
              <value>
                <![CDATA["TC_001 Successfully click on About Hero icon"]]>
              </value>
            </param>
            <param index="1">
              <value>
                <![CDATA["AboutHero"]]>
              </value>
            </param>
          </params>
          <exception class="java.lang.AssertionError">
            <message>
              <![CDATA[Unable to click element : About hero icon  --  [[ChromeDriver: chrome on windows (50c3191233544f80e0eb5b2995301fd5)] -> xpath: //a[normalize-space()='ABOUT HERO']]  --  org.openqa.selenium.ElementClickInterceptedException: element click intercepted: Element <a class="nav-link showMegaMenuContainer active" href="javascript:void(0)" aa-data-attr="track_cta" aria-haspopup="true" aria-expanded="false" value="aboutMegaMenu">...</a> is not clickable at point (1007, 30). Other element would receive the click: <div class="modal-popup modal-large book-bike-ride request-callback" id="requestCallBackModel">...</div>
  (Session info: chrome=130.0.6723.92)
Build info: version: '4.13.0', revision: 'ba948ece5b*'
System info: os.name: 'Windows 10', os.arch: 'amd64', os.version: '10.0', java.version: '17.0.6'
Driver info: org.openqa.selenium.chrome.ChromeDriver
Command: [50c3191233544f80e0eb5b2995301fd5, clickElement {id=f.FC36F8A4E3E76BD45919269C1B7DA50E.d.7DE1D6589D10C7332BA43DA27FFD4987.e.3301}]
Capabilities {acceptInsecureCerts: false, browserName: chrome, browserVersion: 130.0.6723.92, chrome: {chromedriverVersion: 130.0.6723.91 (53ac07678369..., userDataDir: C:\Users\QA\AppData\Local\T...}, fedcm:accounts: true, goog:chromeOptions: {debuggerAddress: localhost:62644}, networkConnectionEnabled: false, pageLoadStrategy: normal, platformName: windows, proxy: Proxy(), se:cdp: ws://localhost:62644/devtoo..., se:cdpVersion: 130.0.6723.92, setWindowRect: true, strictFileInteractability: false, timeouts: {implicit: 0, pageLoad: 300000, script: 30000}, unhandledPromptBehavior: dismiss and notify, webauthn:extension:credBlob: true, webauthn:extension:largeBlob: true, webauthn:extension:minPinLength: true, webauthn:extension:prf: true, webauthn:virtualAuthenticators: true}
Element: [[ChromeDriver: chrome on windows (50c3191233544f80e0eb5b2995301fd5)] -> xpath: //a[normalize-space()='ABOUT HERO']]
Session ID: 50c3191233544f80e0eb5b2995301fd5 expected [true] but found [false]]]>
            </message>
            <full-stacktrace>
              <![CDATA[java.lang.AssertionError: Unable to click element : About hero icon  --  [[ChromeDriver: chrome on windows (50c3191233544f80e0eb5b2995301fd5)] -> xpath: //a[normalize-space()='ABOUT HERO']]  --  org.openqa.selenium.ElementClickInterceptedException: element click intercepted: Element <a class="nav-link showMegaMenuContainer active" href="javascript:void(0)" aa-data-attr="track_cta" aria-haspopup="true" aria-expanded="false" value="aboutMegaMenu">...</a> is not clickable at point (1007, 30). Other element would receive the click: <div class="modal-popup modal-large book-bike-ride request-callback" id="requestCallBackModel">...</div>
  (Session info: chrome=130.0.6723.92)
Build info: version: '4.13.0', revision: 'ba948ece5b*'
System info: os.name: 'Windows 10', os.arch: 'amd64', os.version: '10.0', java.version: '17.0.6'
Driver info: org.openqa.selenium.chrome.ChromeDriver
Command: [50c3191233544f80e0eb5b2995301fd5, clickElement {id=f.FC36F8A4E3E76BD45919269C1B7DA50E.d.7DE1D6589D10C7332BA43DA27FFD4987.e.3301}]
Capabilities {acceptInsecureCerts: false, browserName: chrome, browserVersion: 130.0.6723.92, chrome: {chromedriverVersion: 130.0.6723.91 (53ac07678369..., userDataDir: C:\Users\QA\AppData\Local\T...}, fedcm:accounts: true, goog:chromeOptions: {debuggerAddress: localhost:62644}, networkConnectionEnabled: false, pageLoadStrategy: normal, platformName: windows, proxy: Proxy(), se:cdp: ws://localhost:62644/devtoo..., se:cdpVersion: 130.0.6723.92, setWindowRect: true, strictFileInteractability: false, timeouts: {implicit: 0, pageLoad: 300000, script: 30000}, unhandledPromptBehavior: dismiss and notify, webauthn:extension:credBlob: true, webauthn:extension:largeBlob: true, webauthn:extension:minPinLength: true, webauthn:extension:prf: true, webauthn:virtualAuthenticators: true}
Element: [[ChromeDriver: chrome on windows (50c3191233544f80e0eb5b2995301fd5)] -> xpath: //a[normalize-space()='ABOUT HERO']]
Session ID: 50c3191233544f80e0eb5b2995301fd5 expected [true] but found [false]
at org.testng.Assert.fail(Assert.java:110)
at org.testng.Assert.failNotEquals(Assert.java:1577)
at org.testng.Assert.assertTrue(Assert.java:56)
at GB_Webapp.Utility.Library.click(Library.java:40)
at GB_Webapp.StepDefinition.AboutHeroTest.click_on_about_niloy_bangladesh_ltd_icon(AboutHeroTest.java:29)
at ✽.Click on About Niloy Bangladesh Ltd icon(file:///C:/Users/QA/OneDrive/Documents/Azure/Hero_GB_WebApp_UI_Testing_BDD/./FeatureFilesBangladesh/05_AboutHero.feature:11)
]]>
            </full-stacktrace>
          </exception> <!-- java.lang.AssertionError -->
          <reporter-output>
          </reporter-output>
        </test-method> <!-- runScenario -->
        <test-method is-config="true" signature="tearDownClass()[pri:0, instance:GB_Webapp.TestRunner.Bangladesh@8dbfffb]" started-at="2024-11-06T00:03:31 IST" name="tearDownClass" finished-at="2024-11-06T00:03:32 IST" duration-ms="1343" status="PASS">
          <reporter-output>
          </reporter-output>
        </test-method> <!-- tearDownClass -->
      </class> <!-- GB_Webapp.TestRunner.Bangladesh -->
    </test> <!-- Default test -->
  </suite> <!-- Default suite -->
</testng-results>
