<?xml version="1.0" encoding="UTF-8"?>
<!-- Generated by org.testng.reporters.JUnitReportReporter -->
<testsuite hostname="DESKTOP-LMKUKFJ" failures="2" tests="43" name="GB_Webapp.TestRunner.Zambia" time="589.561" errors="0" timestamp="2024-11-29T19:55:26 IST" skipped="0">
  <testcase classname="GB_Webapp.TestRunner.Zambia" name="runScenario" time="35.801"/>
  <system-out/>
  <testcase classname="GB_Webapp.TestRunner.Zambia" name="runScenario" time="4.869"/>
  <system-out/>
  <testcase classname="GB_Webapp.TestRunner.Zambia" name="runScenario" time="6.283"/>
  <system-out/>
  <testcase classname="GB_Webapp.TestRunner.Zambia" name="runScenario" time="18.629"/>
  <system-out/>
  <testcase classname="GB_Webapp.TestRunner.Zambia" name="runScenario" time="17.533"/>
  <system-out/>
  <testcase classname="GB_Webapp.TestRunner.Zambia" name="runScenario" time="1.736"/>
  <system-out/>
  <testcase classname="GB_Webapp.TestRunner.Zambia" name="runScenario" time="20.496"/>
  <system-out/>
  <testcase classname="GB_Webapp.TestRunner.Zambia" name="runScenario" time="7.345"/>
  <system-out/>
  <testcase classname="GB_Webapp.TestRunner.Zambia" name="runScenario" time="12.323"/>
  <system-out/>
  <testcase classname="GB_Webapp.TestRunner.Zambia" name="runScenario" time="3.905"/>
  <system-out/>
  <testcase classname="GB_Webapp.TestRunner.Zambia" name="runScenario" time="1.925"/>
  <system-out/>
  <testcase classname="GB_Webapp.TestRunner.Zambia" name="runScenario" time="21.587">
    <failure message="Unable to visible field  : Xpulse 200 Carb Bike  --  Proxy element for: DefaultElementLocator &#039;By.xpath: //span[normalize-space()=&#039;XPULSE 200 Carb&#039;]&#039;  --  org.openqa.selenium.NoSuchElementException: no such element: Unable to locate element: {&quot;method&quot;:&quot;xpath&quot;,&quot;selector&quot;:&quot;//span[normalize-space()=&#039;XPULSE 200 Carb&#039;]&quot;}
  (Session info: chrome=131.0.6778.86)
For documentation on this error, please visit: https://www.selenium.dev/documentation/webdriver/troubleshooting/errors#no-such-element-exception
Build info: version: &#039;4.13.0&#039;, revision: &#039;ba948ece5b*&#039;
System info: os.name: &#039;Windows 10&#039;, os.arch: &#039;amd64&#039;, os.version: &#039;10.0&#039;, java.version: &#039;22.0.1&#039;
Driver info: org.openqa.selenium.chrome.ChromeDriver
Command: [1e127530277c505419a144efcfb7d961, findElement {using=xpath, value=//span[normalize-space()=&#039;XPULSE 200 Carb&#039;]}]
Capabilities {acceptInsecureCerts: false, browserName: chrome, browserVersion: 131.0.6778.86, chrome: {chromedriverVersion: 131.0.6778.85 (3d81e41b6f3a..., userDataDir: C:\Users\QA\AppData\Local\T...}, fedcm:accounts: true, goog:chromeOptions: {debuggerAddress: localhost:53416}, networkConnectionEnabled: false, pageLoadStrategy: normal, platformName: windows, proxy: Proxy(), se:cdp: ws://localhost:53416/devtoo..., se:cdpVersion: 131.0.6778.86, setWindowRect: true, strictFileInteractability: false, timeouts: {implicit: 0, pageLoad: 300000, script: 30000}, unhandledPromptBehavior: dismiss and notify, webauthn:extension:credBlob: true, webauthn:extension:largeBlob: true, webauthn:extension:minPinLength: true, webauthn:extension:prf: true, webauthn:virtualAuthenticators: true}
Session ID: 1e127530277c505419a144efcfb7d961 expected [true] but found [false]" type="java.lang.AssertionError">
      <![CDATA[java.lang.AssertionError: Unable to visible field  : Xpulse 200 Carb Bike  --  Proxy element for: DefaultElementLocator 'By.xpath: //span[normalize-space()='XPULSE 200 Carb']'  --  org.openqa.selenium.NoSuchElementException: no such element: Unable to locate element: {"method":"xpath","selector":"//span[normalize-space()='XPULSE 200 Carb']"}
  (Session info: chrome=131.0.6778.86)
For documentation on this error, please visit: https://www.selenium.dev/documentation/webdriver/troubleshooting/errors#no-such-element-exception
Build info: version: '4.13.0', revision: 'ba948ece5b*'
System info: os.name: 'Windows 10', os.arch: 'amd64', os.version: '10.0', java.version: '22.0.1'
Driver info: org.openqa.selenium.chrome.ChromeDriver
Command: [1e127530277c505419a144efcfb7d961, findElement {using=xpath, value=//span[normalize-space()='XPULSE 200 Carb']}]
Capabilities {acceptInsecureCerts: false, browserName: chrome, browserVersion: 131.0.6778.86, chrome: {chromedriverVersion: 131.0.6778.85 (3d81e41b6f3a..., userDataDir: C:\Users\QA\AppData\Local\T...}, fedcm:accounts: true, goog:chromeOptions: {debuggerAddress: localhost:53416}, networkConnectionEnabled: false, pageLoadStrategy: normal, platformName: windows, proxy: Proxy(), se:cdp: ws://localhost:53416/devtoo..., se:cdpVersion: 131.0.6778.86, setWindowRect: true, strictFileInteractability: false, timeouts: {implicit: 0, pageLoad: 300000, script: 30000}, unhandledPromptBehavior: dismiss and notify, webauthn:extension:credBlob: true, webauthn:extension:largeBlob: true, webauthn:extension:minPinLength: true, webauthn:extension:prf: true, webauthn:virtualAuthenticators: true}
Session ID: 1e127530277c505419a144efcfb7d961 expected [true] but found [false]
at org.testng.Assert.fail(Assert.java:110)
at org.testng.Assert.failNotEquals(Assert.java:1577)
at org.testng.Assert.assertTrue(Assert.java:56)
at GB_Webapp.Utility.Library.visible_link(Library.java:69)
at GB_Webapp.Page.ServicePage.verify_service_schedule_and_dropdown_bikes(ServicePage.java:327)
at GB_Webapp.StepDefinition.ServiceTest.verify_service_schedule_and_dropdown_bikes(ServiceTest.java:92)
at ✽.Verify service schedule and dropdown five bikes(file:///C:/Users/QA/OneDrive/Documents/Zoom/Intellij_trial/Hero_GB_WebApp_UI_Testing_BDD/./AllCountryFeatureFiles/FeatureFilesZambia/04_Service.feature:18)
]]>
    </failure>
  </testcase> <!-- runScenario -->
  <system-out/>
  <testcase classname="GB_Webapp.TestRunner.Zambia" name="runScenario" time="40.450">
    <failure message="Unable to click element : About hero icon  --  Proxy element for: DefaultElementLocator &#039;By.xpath: //a[normalize-space()=&#039;ABOUT HERO&#039;]&#039;  --  org.openqa.selenium.NoSuchElementException: no such element: Unable to locate element: {&quot;method&quot;:&quot;xpath&quot;,&quot;selector&quot;:&quot;//a[normalize-space()=&#039;ABOUT HERO&#039;]&quot;}
  (Session info: chrome=131.0.6778.86)
For documentation on this error, please visit: https://www.selenium.dev/documentation/webdriver/troubleshooting/errors#no-such-element-exception
Build info: version: &#039;4.13.0&#039;, revision: &#039;ba948ece5b*&#039;
System info: os.name: &#039;Windows 10&#039;, os.arch: &#039;amd64&#039;, os.version: &#039;10.0&#039;, java.version: &#039;22.0.1&#039;
Driver info: org.openqa.selenium.chrome.ChromeDriver
Command: [1e127530277c505419a144efcfb7d961, findElement {using=xpath, value=//a[normalize-space()=&#039;ABOUT HERO&#039;]}]
Capabilities {acceptInsecureCerts: false, browserName: chrome, browserVersion: 131.0.6778.86, chrome: {chromedriverVersion: 131.0.6778.85 (3d81e41b6f3a..., userDataDir: C:\Users\QA\AppData\Local\T...}, fedcm:accounts: true, goog:chromeOptions: {debuggerAddress: localhost:53416}, networkConnectionEnabled: false, pageLoadStrategy: normal, platformName: windows, proxy: Proxy(), se:cdp: ws://localhost:53416/devtoo..., se:cdpVersion: 131.0.6778.86, setWindowRect: true, strictFileInteractability: false, timeouts: {implicit: 0, pageLoad: 300000, script: 30000}, unhandledPromptBehavior: dismiss and notify, webauthn:extension:credBlob: true, webauthn:extension:largeBlob: true, webauthn:extension:minPinLength: true, webauthn:extension:prf: true, webauthn:virtualAuthenticators: true}
Session ID: 1e127530277c505419a144efcfb7d961 expected [true] but found [false]" type="java.lang.AssertionError">
      <![CDATA[java.lang.AssertionError: Unable to click element : About hero icon  --  Proxy element for: DefaultElementLocator 'By.xpath: //a[normalize-space()='ABOUT HERO']'  --  org.openqa.selenium.NoSuchElementException: no such element: Unable to locate element: {"method":"xpath","selector":"//a[normalize-space()='ABOUT HERO']"}
  (Session info: chrome=131.0.6778.86)
For documentation on this error, please visit: https://www.selenium.dev/documentation/webdriver/troubleshooting/errors#no-such-element-exception
Build info: version: '4.13.0', revision: 'ba948ece5b*'
System info: os.name: 'Windows 10', os.arch: 'amd64', os.version: '10.0', java.version: '22.0.1'
Driver info: org.openqa.selenium.chrome.ChromeDriver
Command: [1e127530277c505419a144efcfb7d961, findElement {using=xpath, value=//a[normalize-space()='ABOUT HERO']}]
Capabilities {acceptInsecureCerts: false, browserName: chrome, browserVersion: 131.0.6778.86, chrome: {chromedriverVersion: 131.0.6778.85 (3d81e41b6f3a..., userDataDir: C:\Users\QA\AppData\Local\T...}, fedcm:accounts: true, goog:chromeOptions: {debuggerAddress: localhost:53416}, networkConnectionEnabled: false, pageLoadStrategy: normal, platformName: windows, proxy: Proxy(), se:cdp: ws://localhost:53416/devtoo..., se:cdpVersion: 131.0.6778.86, setWindowRect: true, strictFileInteractability: false, timeouts: {implicit: 0, pageLoad: 300000, script: 30000}, unhandledPromptBehavior: dismiss and notify, webauthn:extension:credBlob: true, webauthn:extension:largeBlob: true, webauthn:extension:minPinLength: true, webauthn:extension:prf: true, webauthn:virtualAuthenticators: true}
Session ID: 1e127530277c505419a144efcfb7d961 expected [true] but found [false]
at org.testng.Assert.fail(Assert.java:110)
at org.testng.Assert.failNotEquals(Assert.java:1577)
at org.testng.Assert.assertTrue(Assert.java:56)
at GB_Webapp.Utility.Library.click(Library.java:38)
at GB_Webapp.StepDefinition.AboutHeroTest.click_on_reach_us_icon(AboutHeroTest.java:39)
at ✽.Click on Reach us icon(file:///C:/Users/QA/OneDrive/Documents/Zoom/Intellij_trial/Hero_GB_WebApp_UI_Testing_BDD/./AllCountryFeatureFiles/FeatureFilesZambia/05_AboutHero.feature:22)
]]>
    </failure>
  </testcase> <!-- runScenario -->
  <system-out/>
  <testcase classname="GB_Webapp.TestRunner.Zambia" name="runScenario" time="2.568"/>
  <system-out/>
  <testcase classname="GB_Webapp.TestRunner.Zambia" name="runScenario" time="6.424"/>
  <system-out/>
  <testcase classname="GB_Webapp.TestRunner.Zambia" name="runScenario" time="1.756"/>
  <system-out/>
  <testcase classname="GB_Webapp.TestRunner.Zambia" name="runScenario" time="35.848"/>
  <system-out/>
  <testcase classname="GB_Webapp.TestRunner.Zambia" name="runScenario" time="5.107"/>
  <system-out/>
  <testcase classname="GB_Webapp.TestRunner.Zambia" name="runScenario" time="4.719"/>
  <system-out/>
  <testcase classname="GB_Webapp.TestRunner.Zambia" name="runScenario" time="14.615"/>
  <system-out/>
  <testcase classname="GB_Webapp.TestRunner.Zambia" name="runScenario" time="28.217"/>
  <system-out/>
  <testcase classname="GB_Webapp.TestRunner.Zambia" name="runScenario" time="22.129"/>
  <system-out/>
  <testcase classname="GB_Webapp.TestRunner.Zambia" name="runScenario" time="1.537"/>
  <system-out/>
  <testcase classname="GB_Webapp.TestRunner.Zambia" name="runScenario" time="1.181"/>
  <system-out/>
  <testcase classname="GB_Webapp.TestRunner.Zambia" name="runScenario" time="21.377"/>
  <system-out/>
  <testcase classname="GB_Webapp.TestRunner.Zambia" name="runScenario" time="25.029"/>
  <system-out/>
  <testcase classname="GB_Webapp.TestRunner.Zambia" name="runScenario" time="3.703"/>
  <system-out/>
  <testcase classname="GB_Webapp.TestRunner.Zambia" name="runScenario" time="5.544"/>
  <system-out/>
  <testcase classname="GB_Webapp.TestRunner.Zambia" name="runScenario" time="1.017"/>
  <system-out/>
  <testcase classname="GB_Webapp.TestRunner.Zambia" name="runScenario" time="5.436"/>
  <system-out/>
  <testcase classname="GB_Webapp.TestRunner.Zambia" name="runScenario" time="25.681"/>
  <system-out/>
  <testcase classname="GB_Webapp.TestRunner.Zambia" name="runScenario" time="25.511"/>
  <system-out/>
  <testcase classname="GB_Webapp.TestRunner.Zambia" name="runScenario" time="32.114"/>
  <system-out/>
  <testcase classname="GB_Webapp.TestRunner.Zambia" name="runScenario" time="17.624"/>
  <system-out/>
  <testcase classname="GB_Webapp.TestRunner.Zambia" name="runScenario" time="10.367"/>
  <system-out/>
  <testcase classname="GB_Webapp.TestRunner.Zambia" name="runScenario" time="0.945"/>
  <system-out/>
  <testcase classname="GB_Webapp.TestRunner.Zambia" name="runScenario" time="18.921"/>
  <system-out/>
  <testcase classname="GB_Webapp.TestRunner.Zambia" name="runScenario" time="25.352"/>
  <system-out/>
  <testcase classname="GB_Webapp.TestRunner.Zambia" name="runScenario" time="24.814"/>
  <system-out/>
  <testcase classname="GB_Webapp.TestRunner.Zambia" name="runScenario" time="5.564"/>
  <system-out/>
  <testcase classname="GB_Webapp.TestRunner.Zambia" name="runScenario" time="10.739"/>
  <system-out/>
  <testcase classname="GB_Webapp.TestRunner.Zambia" name="runScenario" time="2.836"/>
  <system-out/>
  <testcase classname="GB_Webapp.TestRunner.Zambia" name="runScenario" time="10.004"/>
  <system-out/>
</testsuite> <!-- GB_Webapp.TestRunner.Zambia -->
