<?xml version="1.0" encoding="UTF-8"?>
<!-- Generated by org.testng.reporters.JUnitReportReporter -->
<testsuite hostname="DESKTOP-LMKUKFJ" failures="6" tests="32" name="GB_Webapp.TestRunner.Nepal" time="520.599" errors="0" timestamp="2024-11-29T19:55:01 IST" skipped="0">
  <testcase classname="GB_Webapp.TestRunner.Nepal" name="runScenario" time="50.565"/>
  <system-out/>
  <testcase classname="GB_Webapp.TestRunner.Nepal" name="runScenario" time="28.165"/>
  <system-out/>
  <testcase classname="GB_Webapp.TestRunner.Nepal" name="runScenario" time="26.226">
    <failure message="Unable to visible field  : Become A Dealer Page  --  Proxy element for: DefaultElementLocator &#039;By.xpath: //h2[normalize-space()=&#039;Become a Dealer&#039;]&#039;  --  org.openqa.selenium.NoSuchElementException: no such element: Unable to locate element: {&quot;method&quot;:&quot;xpath&quot;,&quot;selector&quot;:&quot;//h2[normalize-space()=&#039;Become a Dealer&#039;]&quot;}
  (Session info: chrome=131.0.6778.86)
For documentation on this error, please visit: https://www.selenium.dev/documentation/webdriver/troubleshooting/errors#no-such-element-exception
Build info: version: &#039;4.13.0&#039;, revision: &#039;ba948ece5b*&#039;
System info: os.name: &#039;Windows 10&#039;, os.arch: &#039;amd64&#039;, os.version: &#039;10.0&#039;, java.version: &#039;22.0.1&#039;
Driver info: org.openqa.selenium.chrome.ChromeDriver
Command: [9d3d09c45a23cd2c140ff6e439f84768, findElement {using=xpath, value=//h2[normalize-space()=&#039;Become a Dealer&#039;]}]
Capabilities {acceptInsecureCerts: false, browserName: chrome, browserVersion: 131.0.6778.86, chrome: {chromedriverVersion: 131.0.6778.85 (3d81e41b6f3a..., userDataDir: C:\Users\QA\AppData\Local\T...}, fedcm:accounts: true, goog:chromeOptions: {debuggerAddress: localhost:53554}, networkConnectionEnabled: false, pageLoadStrategy: normal, platformName: windows, proxy: Proxy(), se:cdp: ws://localhost:53554/devtoo..., se:cdpVersion: 131.0.6778.86, setWindowRect: true, strictFileInteractability: false, timeouts: {implicit: 0, pageLoad: 300000, script: 30000}, unhandledPromptBehavior: dismiss and notify, webauthn:extension:credBlob: true, webauthn:extension:largeBlob: true, webauthn:extension:minPinLength: true, webauthn:extension:prf: true, webauthn:virtualAuthenticators: true}
Session ID: 9d3d09c45a23cd2c140ff6e439f84768 expected [true] but found [false]" type="java.lang.AssertionError">
      <![CDATA[java.lang.AssertionError: Unable to visible field  : Become A Dealer Page  --  Proxy element for: DefaultElementLocator 'By.xpath: //h2[normalize-space()='Become a Dealer']'  --  org.openqa.selenium.NoSuchElementException: no such element: Unable to locate element: {"method":"xpath","selector":"//h2[normalize-space()='Become a Dealer']"}
  (Session info: chrome=131.0.6778.86)
For documentation on this error, please visit: https://www.selenium.dev/documentation/webdriver/troubleshooting/errors#no-such-element-exception
Build info: version: '4.13.0', revision: 'ba948ece5b*'
System info: os.name: 'Windows 10', os.arch: 'amd64', os.version: '10.0', java.version: '22.0.1'
Driver info: org.openqa.selenium.chrome.ChromeDriver
Command: [9d3d09c45a23cd2c140ff6e439f84768, findElement {using=xpath, value=//h2[normalize-space()='Become a Dealer']}]
Capabilities {acceptInsecureCerts: false, browserName: chrome, browserVersion: 131.0.6778.86, chrome: {chromedriverVersion: 131.0.6778.85 (3d81e41b6f3a..., userDataDir: C:\Users\QA\AppData\Local\T...}, fedcm:accounts: true, goog:chromeOptions: {debuggerAddress: localhost:53554}, networkConnectionEnabled: false, pageLoadStrategy: normal, platformName: windows, proxy: Proxy(), se:cdp: ws://localhost:53554/devtoo..., se:cdpVersion: 131.0.6778.86, setWindowRect: true, strictFileInteractability: false, timeouts: {implicit: 0, pageLoad: 300000, script: 30000}, unhandledPromptBehavior: dismiss and notify, webauthn:extension:credBlob: true, webauthn:extension:largeBlob: true, webauthn:extension:minPinLength: true, webauthn:extension:prf: true, webauthn:virtualAuthenticators: true}
Session ID: 9d3d09c45a23cd2c140ff6e439f84768 expected [true] but found [false]
at org.testng.Assert.fail(Assert.java:110)
at org.testng.Assert.failNotEquals(Assert.java:1577)
at org.testng.Assert.assertTrue(Assert.java:56)
at GB_Webapp.Utility.Library.visible_link(Library.java:69)
at GB_Webapp.Page.HomePage.verify_beacome_a_dealer_icon_redirection(HomePage.java:1026)
at GB_Webapp.StepDefinition.HomePageTest.verify_icon_redirection(HomePageTest.java:325)
at ✽.Verify "become_a_dealer" icon redirection(file:///C:/Users/QA/OneDrive/Documents/Zoom/Intellij_trial/Hero_GB_WebApp_UI_Testing_BDD/./AllCountryFeatureFiles/FeatureFilesNepal/01_HomePage.feature:121)
]]>
    </failure>
  </testcase> <!-- runScenario -->
  <system-out/>
  <testcase classname="GB_Webapp.TestRunner.Nepal" name="runScenario" time="26.136"/>
  <system-out/>
  <testcase classname="GB_Webapp.TestRunner.Nepal" name="runScenario" time="2.848"/>
  <system-out/>
  <testcase classname="GB_Webapp.TestRunner.Nepal" name="runScenario" time="11.870">
    <failure message="Actual value :  Expected value is not Match expected [true] but found [false]" type="java.lang.AssertionError">
      <![CDATA[java.lang.AssertionError: Actual value :  Expected value is not Match expected [true] but found [false]
at org.testng.Assert.fail(Assert.java:110)
at org.testng.Assert.failNotEquals(Assert.java:1577)
at org.testng.Assert.assertTrue(Assert.java:56)
at GB_Webapp.Utility.Library.assertEquals(Library.java:215)
at GB_Webapp.Page.HomePage.click_on_submit_button(HomePage.java:945)
at GB_Webapp.StepDefinition.HomePageTest.click_on_submit_button(HomePageTest.java:226)
at ✽.Click on submit button(file:///C:/Users/QA/OneDrive/Documents/Zoom/Intellij_trial/Hero_GB_WebApp_UI_Testing_BDD/./AllCountryFeatureFiles/FeatureFilesNepal/01_HomePage.feature:88)
]]>
    </failure>
  </testcase> <!-- runScenario -->
  <system-out/>
  <testcase classname="GB_Webapp.TestRunner.Nepal" name="runScenario" time="12.371">
    <failure message="Unable to send value  : Enter Customer Name : Proxy element for: DefaultElementLocator &#039;By.xpath: (//input[@placeholder=&#039;Enter Your Name&#039;])[2]&#039;  --  org.openqa.selenium.NoSuchElementException: no such element: Unable to locate element: {&quot;method&quot;:&quot;xpath&quot;,&quot;selector&quot;:&quot;(//input[@placeholder=&#039;Enter Your Name&#039;])[2]&quot;}
  (Session info: chrome=131.0.6778.86)
For documentation on this error, please visit: https://www.selenium.dev/documentation/webdriver/troubleshooting/errors#no-such-element-exception
Build info: version: &#039;4.13.0&#039;, revision: &#039;ba948ece5b*&#039;
System info: os.name: &#039;Windows 10&#039;, os.arch: &#039;amd64&#039;, os.version: &#039;10.0&#039;, java.version: &#039;22.0.1&#039;
Driver info: org.openqa.selenium.chrome.ChromeDriver
Command: [9d3d09c45a23cd2c140ff6e439f84768, findElement {using=xpath, value=(//input[@placeholder=&#039;Enter Your Name&#039;])[2]}]
Capabilities {acceptInsecureCerts: false, browserName: chrome, browserVersion: 131.0.6778.86, chrome: {chromedriverVersion: 131.0.6778.85 (3d81e41b6f3a..., userDataDir: C:\Users\QA\AppData\Local\T...}, fedcm:accounts: true, goog:chromeOptions: {debuggerAddress: localhost:53554}, networkConnectionEnabled: false, pageLoadStrategy: normal, platformName: windows, proxy: Proxy(), se:cdp: ws://localhost:53554/devtoo..., se:cdpVersion: 131.0.6778.86, setWindowRect: true, strictFileInteractability: false, timeouts: {implicit: 0, pageLoad: 300000, script: 30000}, unhandledPromptBehavior: dismiss and notify, webauthn:extension:credBlob: true, webauthn:extension:largeBlob: true, webauthn:extension:minPinLength: true, webauthn:extension:prf: true, webauthn:virtualAuthenticators: true}
Session ID: 9d3d09c45a23cd2c140ff6e439f84768 expected [true] but found [false]" type="java.lang.AssertionError">
      <![CDATA[java.lang.AssertionError: Unable to send value  : Enter Customer Name : Proxy element for: DefaultElementLocator 'By.xpath: (//input[@placeholder='Enter Your Name'])[2]'  --  org.openqa.selenium.NoSuchElementException: no such element: Unable to locate element: {"method":"xpath","selector":"(//input[@placeholder='Enter Your Name'])[2]"}
  (Session info: chrome=131.0.6778.86)
For documentation on this error, please visit: https://www.selenium.dev/documentation/webdriver/troubleshooting/errors#no-such-element-exception
Build info: version: '4.13.0', revision: 'ba948ece5b*'
System info: os.name: 'Windows 10', os.arch: 'amd64', os.version: '10.0', java.version: '22.0.1'
Driver info: org.openqa.selenium.chrome.ChromeDriver
Command: [9d3d09c45a23cd2c140ff6e439f84768, findElement {using=xpath, value=(//input[@placeholder='Enter Your Name'])[2]}]
Capabilities {acceptInsecureCerts: false, browserName: chrome, browserVersion: 131.0.6778.86, chrome: {chromedriverVersion: 131.0.6778.85 (3d81e41b6f3a..., userDataDir: C:\Users\QA\AppData\Local\T...}, fedcm:accounts: true, goog:chromeOptions: {debuggerAddress: localhost:53554}, networkConnectionEnabled: false, pageLoadStrategy: normal, platformName: windows, proxy: Proxy(), se:cdp: ws://localhost:53554/devtoo..., se:cdpVersion: 131.0.6778.86, setWindowRect: true, strictFileInteractability: false, timeouts: {implicit: 0, pageLoad: 300000, script: 30000}, unhandledPromptBehavior: dismiss and notify, webauthn:extension:credBlob: true, webauthn:extension:largeBlob: true, webauthn:extension:minPinLength: true, webauthn:extension:prf: true, webauthn:virtualAuthenticators: true}
Session ID: 9d3d09c45a23cd2c140ff6e439f84768 expected [true] but found [false]
at org.testng.Assert.fail(Assert.java:110)
at org.testng.Assert.failNotEquals(Assert.java:1577)
at org.testng.Assert.assertTrue(Assert.java:56)
at GB_Webapp.Utility.Library.sendKeys(Library.java:51)
at GB_Webapp.Page.HomePage.user_able_to_enter_customer_name(HomePage.java:955)
at GB_Webapp.StepDefinition.HomePageTest.user_able_to_enter(HomePageTest.java:246)
at ✽.User able to enter "customer_name"(file:///C:/Users/QA/OneDrive/Documents/Zoom/Intellij_trial/Hero_GB_WebApp_UI_Testing_BDD/./AllCountryFeatureFiles/FeatureFilesNepal/01_HomePage.feature:94)
]]>
    </failure>
  </testcase> <!-- runScenario -->
  <system-out/>
  <testcase classname="GB_Webapp.TestRunner.Nepal" name="runScenario" time="1.874"/>
  <system-out/>
  <testcase classname="GB_Webapp.TestRunner.Nepal" name="runScenario" time="0.829"/>
  <system-out/>
  <testcase classname="GB_Webapp.TestRunner.Nepal" name="runScenario" time="4.248"/>
  <system-out/>
  <testcase classname="GB_Webapp.TestRunner.Nepal" name="runScenario" time="15.796"/>
  <system-out/>
  <testcase classname="GB_Webapp.TestRunner.Nepal" name="runScenario" time="8.887"/>
  <system-out/>
  <testcase classname="GB_Webapp.TestRunner.Nepal" name="runScenario" time="12.122">
    <failure message="Unable to visible field  : Marketing Text 1st line  --  Proxy element for: DefaultElementLocator &#039;By.xpath: //div[@class=&#039;largeheading text-uppercase mb-4&#039;]&#039;  --  org.openqa.selenium.NoSuchElementException: no such element: Unable to locate element: {&quot;method&quot;:&quot;xpath&quot;,&quot;selector&quot;:&quot;//div[@class=&#039;largeheading text-uppercase mb-4&#039;]&quot;}
  (Session info: chrome=131.0.6778.86)
For documentation on this error, please visit: https://www.selenium.dev/documentation/webdriver/troubleshooting/errors#no-such-element-exception
Build info: version: &#039;4.13.0&#039;, revision: &#039;ba948ece5b*&#039;
System info: os.name: &#039;Windows 10&#039;, os.arch: &#039;amd64&#039;, os.version: &#039;10.0&#039;, java.version: &#039;22.0.1&#039;
Driver info: org.openqa.selenium.chrome.ChromeDriver
Command: [9d3d09c45a23cd2c140ff6e439f84768, findElement {using=xpath, value=//div[@class=&#039;largeheading text-uppercase mb-4&#039;]}]
Capabilities {acceptInsecureCerts: false, browserName: chrome, browserVersion: 131.0.6778.86, chrome: {chromedriverVersion: 131.0.6778.85 (3d81e41b6f3a..., userDataDir: C:\Users\QA\AppData\Local\T...}, fedcm:accounts: true, goog:chromeOptions: {debuggerAddress: localhost:53554}, networkConnectionEnabled: false, pageLoadStrategy: normal, platformName: windows, proxy: Proxy(), se:cdp: ws://localhost:53554/devtoo..., se:cdpVersion: 131.0.6778.86, setWindowRect: true, strictFileInteractability: false, timeouts: {implicit: 0, pageLoad: 300000, script: 30000}, unhandledPromptBehavior: dismiss and notify, webauthn:extension:credBlob: true, webauthn:extension:largeBlob: true, webauthn:extension:minPinLength: true, webauthn:extension:prf: true, webauthn:virtualAuthenticators: true}
Session ID: 9d3d09c45a23cd2c140ff6e439f84768 expected [true] but found [false]" type="java.lang.AssertionError">
      <![CDATA[java.lang.AssertionError: Unable to visible field  : Marketing Text 1st line  --  Proxy element for: DefaultElementLocator 'By.xpath: //div[@class='largeheading text-uppercase mb-4']'  --  org.openqa.selenium.NoSuchElementException: no such element: Unable to locate element: {"method":"xpath","selector":"//div[@class='largeheading text-uppercase mb-4']"}
  (Session info: chrome=131.0.6778.86)
For documentation on this error, please visit: https://www.selenium.dev/documentation/webdriver/troubleshooting/errors#no-such-element-exception
Build info: version: '4.13.0', revision: 'ba948ece5b*'
System info: os.name: 'Windows 10', os.arch: 'amd64', os.version: '10.0', java.version: '22.0.1'
Driver info: org.openqa.selenium.chrome.ChromeDriver
Command: [9d3d09c45a23cd2c140ff6e439f84768, findElement {using=xpath, value=//div[@class='largeheading text-uppercase mb-4']}]
Capabilities {acceptInsecureCerts: false, browserName: chrome, browserVersion: 131.0.6778.86, chrome: {chromedriverVersion: 131.0.6778.85 (3d81e41b6f3a..., userDataDir: C:\Users\QA\AppData\Local\T...}, fedcm:accounts: true, goog:chromeOptions: {debuggerAddress: localhost:53554}, networkConnectionEnabled: false, pageLoadStrategy: normal, platformName: windows, proxy: Proxy(), se:cdp: ws://localhost:53554/devtoo..., se:cdpVersion: 131.0.6778.86, setWindowRect: true, strictFileInteractability: false, timeouts: {implicit: 0, pageLoad: 300000, script: 30000}, unhandledPromptBehavior: dismiss and notify, webauthn:extension:credBlob: true, webauthn:extension:largeBlob: true, webauthn:extension:minPinLength: true, webauthn:extension:prf: true, webauthn:virtualAuthenticators: true}
Session ID: 9d3d09c45a23cd2c140ff6e439f84768 expected [true] but found [false]
at org.testng.Assert.fail(Assert.java:110)
at org.testng.Assert.failNotEquals(Assert.java:1577)
at org.testng.Assert.assertTrue(Assert.java:56)
at GB_Webapp.Utility.Library.visible_link(Library.java:69)
at GB_Webapp.Page.HomePage.verify_1st_marketing_advertisement_line_text(HomePage.java:975)
at GB_Webapp.StepDefinition.HomePageTest.verify_1st_marketing_advertisement_line_text(HomePageTest.java:295)
at ✽.Verify "1st" marketing advertisement line text(file:///C:/Users/QA/OneDrive/Documents/Zoom/Intellij_trial/Hero_GB_WebApp_UI_Testing_BDD/./AllCountryFeatureFiles/FeatureFilesNepal/01_HomePage.feature:104)
]]>
    </failure>
  </testcase> <!-- runScenario -->
  <system-out/>
  <testcase classname="GB_Webapp.TestRunner.Nepal" name="runScenario" time="13.280"/>
  <system-out/>
  <testcase classname="GB_Webapp.TestRunner.Nepal" name="runScenario" time="22.097"/>
  <system-out/>
  <testcase classname="GB_Webapp.TestRunner.Nepal" name="runScenario" time="47.133"/>
  <system-out/>
  <testcase classname="GB_Webapp.TestRunner.Nepal" name="runScenario" time="6.676"/>
  <system-out/>
  <testcase classname="GB_Webapp.TestRunner.Nepal" name="runScenario" time="25.999"/>
  <system-out/>
  <testcase classname="GB_Webapp.TestRunner.Nepal" name="runScenario" time="23.146"/>
  <system-out/>
  <testcase classname="GB_Webapp.TestRunner.Nepal" name="runScenario" time="15.593"/>
  <system-out/>
  <testcase classname="GB_Webapp.TestRunner.Nepal" name="runScenario" time="1.814"/>
  <system-out/>
  <testcase classname="GB_Webapp.TestRunner.Nepal" name="runScenario" time="28.140"/>
  <system-out/>
  <testcase classname="GB_Webapp.TestRunner.Nepal" name="runScenario" time="3.423"/>
  <system-out/>
  <testcase classname="GB_Webapp.TestRunner.Nepal" name="runScenario" time="30.922"/>
  <system-out/>
  <testcase classname="GB_Webapp.TestRunner.Nepal" name="runScenario" time="5.633">
    <failure message="Unable to click element : Delears icon  --  [[ChromeDriver: chrome on windows (9d3d09c45a23cd2c140ff6e439f84768)] -&gt; xpath: //a[normalize-space()=&#039;DEALERS&#039;]]  --  org.openqa.selenium.ElementClickInterceptedException: element click intercepted: Element &lt;a class=&quot;nav-link&quot; aa-data-attr=&quot;track_cta&quot; aria-haspopup=&quot;true&quot; href=&quot;/en-np/dealers.html&quot; target=&quot;_self&quot; aria-expanded=&quot;false&quot;&gt;...&lt;/a&gt; is not clickable at point (655, 30). Other element would receive the click: &lt;div class=&quot;modal-popup modal-large book-bike-ride request-callback&quot; id=&quot;requestCallBackModel&quot;&gt;...&lt;/div&gt;
  (Session info: chrome=131.0.6778.86)
Build info: version: &#039;4.13.0&#039;, revision: &#039;ba948ece5b*&#039;
System info: os.name: &#039;Windows 10&#039;, os.arch: &#039;amd64&#039;, os.version: &#039;10.0&#039;, java.version: &#039;22.0.1&#039;
Driver info: org.openqa.selenium.chrome.ChromeDriver
Command: [9d3d09c45a23cd2c140ff6e439f84768, clickElement {id=f.8D573ADC4EBCBC9F325C85B285CA1F49.d.2B56E2FC1580E053A27A632C6C8E288B.e.202}]
Capabilities {acceptInsecureCerts: false, browserName: chrome, browserVersion: 131.0.6778.86, chrome: {chromedriverVersion: 131.0.6778.85 (3d81e41b6f3a..., userDataDir: C:\Users\QA\AppData\Local\T...}, fedcm:accounts: true, goog:chromeOptions: {debuggerAddress: localhost:53554}, networkConnectionEnabled: false, pageLoadStrategy: normal, platformName: windows, proxy: Proxy(), se:cdp: ws://localhost:53554/devtoo..., se:cdpVersion: 131.0.6778.86, setWindowRect: true, strictFileInteractability: false, timeouts: {implicit: 0, pageLoad: 300000, script: 30000}, unhandledPromptBehavior: dismiss and notify, webauthn:extension:credBlob: true, webauthn:extension:largeBlob: true, webauthn:extension:minPinLength: true, webauthn:extension:prf: true, webauthn:virtualAuthenticators: true}
Element: [[ChromeDriver: chrome on windows (9d3d09c45a23cd2c140ff6e439f84768)] -&gt; xpath: //a[normalize-space()=&#039;DEALERS&#039;]]
Session ID: 9d3d09c45a23cd2c140ff6e439f84768 expected [true] but found [false]" type="java.lang.AssertionError">
      <![CDATA[java.lang.AssertionError: Unable to click element : Delears icon  --  [[ChromeDriver: chrome on windows (9d3d09c45a23cd2c140ff6e439f84768)] -> xpath: //a[normalize-space()='DEALERS']]  --  org.openqa.selenium.ElementClickInterceptedException: element click intercepted: Element <a class="nav-link" aa-data-attr="track_cta" aria-haspopup="true" href="/en-np/dealers.html" target="_self" aria-expanded="false">...</a> is not clickable at point (655, 30). Other element would receive the click: <div class="modal-popup modal-large book-bike-ride request-callback" id="requestCallBackModel">...</div>
  (Session info: chrome=131.0.6778.86)
Build info: version: '4.13.0', revision: 'ba948ece5b*'
System info: os.name: 'Windows 10', os.arch: 'amd64', os.version: '10.0', java.version: '22.0.1'
Driver info: org.openqa.selenium.chrome.ChromeDriver
Command: [9d3d09c45a23cd2c140ff6e439f84768, clickElement {id=f.8D573ADC4EBCBC9F325C85B285CA1F49.d.2B56E2FC1580E053A27A632C6C8E288B.e.202}]
Capabilities {acceptInsecureCerts: false, browserName: chrome, browserVersion: 131.0.6778.86, chrome: {chromedriverVersion: 131.0.6778.85 (3d81e41b6f3a..., userDataDir: C:\Users\QA\AppData\Local\T...}, fedcm:accounts: true, goog:chromeOptions: {debuggerAddress: localhost:53554}, networkConnectionEnabled: false, pageLoadStrategy: normal, platformName: windows, proxy: Proxy(), se:cdp: ws://localhost:53554/devtoo..., se:cdpVersion: 131.0.6778.86, setWindowRect: true, strictFileInteractability: false, timeouts: {implicit: 0, pageLoad: 300000, script: 30000}, unhandledPromptBehavior: dismiss and notify, webauthn:extension:credBlob: true, webauthn:extension:largeBlob: true, webauthn:extension:minPinLength: true, webauthn:extension:prf: true, webauthn:virtualAuthenticators: true}
Element: [[ChromeDriver: chrome on windows (9d3d09c45a23cd2c140ff6e439f84768)] -> xpath: //a[normalize-space()='DEALERS']]
Session ID: 9d3d09c45a23cd2c140ff6e439f84768 expected [true] but found [false]
at org.testng.Assert.fail(Assert.java:110)
at org.testng.Assert.failNotEquals(Assert.java:1577)
at org.testng.Assert.assertTrue(Assert.java:56)
at GB_Webapp.Utility.Library.click(Library.java:38)
at GB_Webapp.StepDefinition.LoginPageTest.click_on(LoginPageTest.java:121)
at ✽.Click on "Dealers"(file:///C:/Users/QA/OneDrive/Documents/Zoom/Intellij_trial/Hero_GB_WebApp_UI_Testing_BDD/./AllCountryFeatureFiles/FeatureFilesNepal/01_HomePage.feature:22)
]]>
    </failure>
  </testcase> <!-- runScenario -->
  <system-out/>
  <testcase classname="GB_Webapp.TestRunner.Nepal" name="runScenario" time="6.253"/>
  <system-out/>
  <testcase classname="GB_Webapp.TestRunner.Nepal" name="runScenario" time="3.076"/>
  <system-out/>
  <testcase classname="GB_Webapp.TestRunner.Nepal" name="runScenario" time="21.104"/>
  <system-out/>
  <testcase classname="GB_Webapp.TestRunner.Nepal" name="runScenario" time="13.301"/>
  <system-out/>
  <testcase classname="GB_Webapp.TestRunner.Nepal" name="runScenario" time="25.972">
    <failure message="Unable to visible field  : Offer Banner  --  Proxy element for: DefaultElementLocator &#039;By.xpath: //img[@alt=&#039;offers&#039;]&#039;  --  org.openqa.selenium.NoSuchElementException: no such element: Unable to locate element: {&quot;method&quot;:&quot;xpath&quot;,&quot;selector&quot;:&quot;//img[@alt=&#039;offers&#039;]&quot;}
  (Session info: chrome=131.0.6778.86)
For documentation on this error, please visit: https://www.selenium.dev/documentation/webdriver/troubleshooting/errors#no-such-element-exception
Build info: version: &#039;4.13.0&#039;, revision: &#039;ba948ece5b*&#039;
System info: os.name: &#039;Windows 10&#039;, os.arch: &#039;amd64&#039;, os.version: &#039;10.0&#039;, java.version: &#039;22.0.1&#039;
Driver info: org.openqa.selenium.chrome.ChromeDriver
Command: [9d3d09c45a23cd2c140ff6e439f84768, findElement {using=xpath, value=//img[@alt=&#039;offers&#039;]}]
Capabilities {acceptInsecureCerts: false, browserName: chrome, browserVersion: 131.0.6778.86, chrome: {chromedriverVersion: 131.0.6778.85 (3d81e41b6f3a..., userDataDir: C:\Users\QA\AppData\Local\T...}, fedcm:accounts: true, goog:chromeOptions: {debuggerAddress: localhost:53554}, networkConnectionEnabled: false, pageLoadStrategy: normal, platformName: windows, proxy: Proxy(), se:cdp: ws://localhost:53554/devtoo..., se:cdpVersion: 131.0.6778.86, setWindowRect: true, strictFileInteractability: false, timeouts: {implicit: 0, pageLoad: 300000, script: 30000}, unhandledPromptBehavior: dismiss and notify, webauthn:extension:credBlob: true, webauthn:extension:largeBlob: true, webauthn:extension:minPinLength: true, webauthn:extension:prf: true, webauthn:virtualAuthenticators: true}
Session ID: 9d3d09c45a23cd2c140ff6e439f84768 expected [true] but found [false]" type="java.lang.AssertionError">
      <![CDATA[java.lang.AssertionError: Unable to visible field  : Offer Banner  --  Proxy element for: DefaultElementLocator 'By.xpath: //img[@alt='offers']'  --  org.openqa.selenium.NoSuchElementException: no such element: Unable to locate element: {"method":"xpath","selector":"//img[@alt='offers']"}
  (Session info: chrome=131.0.6778.86)
For documentation on this error, please visit: https://www.selenium.dev/documentation/webdriver/troubleshooting/errors#no-such-element-exception
Build info: version: '4.13.0', revision: 'ba948ece5b*'
System info: os.name: 'Windows 10', os.arch: 'amd64', os.version: '10.0', java.version: '22.0.1'
Driver info: org.openqa.selenium.chrome.ChromeDriver
Command: [9d3d09c45a23cd2c140ff6e439f84768, findElement {using=xpath, value=//img[@alt='offers']}]
Capabilities {acceptInsecureCerts: false, browserName: chrome, browserVersion: 131.0.6778.86, chrome: {chromedriverVersion: 131.0.6778.85 (3d81e41b6f3a..., userDataDir: C:\Users\QA\AppData\Local\T...}, fedcm:accounts: true, goog:chromeOptions: {debuggerAddress: localhost:53554}, networkConnectionEnabled: false, pageLoadStrategy: normal, platformName: windows, proxy: Proxy(), se:cdp: ws://localhost:53554/devtoo..., se:cdpVersion: 131.0.6778.86, setWindowRect: true, strictFileInteractability: false, timeouts: {implicit: 0, pageLoad: 300000, script: 30000}, unhandledPromptBehavior: dismiss and notify, webauthn:extension:credBlob: true, webauthn:extension:largeBlob: true, webauthn:extension:minPinLength: true, webauthn:extension:prf: true, webauthn:virtualAuthenticators: true}
Session ID: 9d3d09c45a23cd2c140ff6e439f84768 expected [true] but found [false]
at org.testng.Assert.fail(Assert.java:110)
at org.testng.Assert.failNotEquals(Assert.java:1577)
at org.testng.Assert.assertTrue(Assert.java:56)
at GB_Webapp.Utility.Library.visible_link(Library.java:69)
at GB_Webapp.Page.HomePage.verify_promotion_banner_it_should_be_displayed(HomePage.java:940)
at GB_Webapp.StepDefinition.HomePageTest.verify_promotion_banner_it_should_be_displayed(HomePageTest.java:221)
at ✽.Verify promotion banner it should be displayed(file:///C:/Users/QA/OneDrive/Documents/Zoom/Intellij_trial/Hero_GB_WebApp_UI_Testing_BDD/./AllCountryFeatureFiles/FeatureFilesNepal/01_HomePage.feature:83)
]]>
    </failure>
  </testcase> <!-- runScenario -->
  <system-out/>
  <testcase classname="GB_Webapp.TestRunner.Nepal" name="runScenario" time="14.305"/>
  <system-out/>
  <testcase classname="GB_Webapp.TestRunner.Nepal" name="runScenario" time="10.795"/>
  <system-out/>
</testsuite> <!-- GB_Webapp.TestRunner.Nepal -->
